{
  "timestamp": "2025-04-10T10:22:34.712Z",
  "message": "Migration started",
  "data": {
    "status": "preparing",
    "phase": "preparing",
    "percentage": 0,
    "totalFiles": 0,
    "completedFiles": 0,
    "failedFiles": 0,
    "remainingFiles": 0,
    "elapsedTime": 0,
    "totalBytes": 0,
    "processedBytes": 0,
    "bytesUploaded": 0,
    "uploadedSize": "0 B",
    "downloadSpeed": 0,
    "uploadSpeed": 0,
    "estimatedTimeRemaining": "Calculating...",
    "downloadedBytes": 0,
    "totalDownloadBytes": 0,
    "uploadedBytes": 0,
    "totalUploadBytes": 0,
    "currentShardIndex": 0,
    "totalShards": 0,
    "errors": []
  }
}
{
  "timestamp": "2025-04-10T10:22:34.727Z",
  "message": "Migration session ended"
}
