{
  "timestamp": "2025-03-27T10:59:14.501Z",
  "message": "Migration started",
  "data": {
    "status": "preparing",
    "phase": "preparing",
    "percentage": 0,
    "totalFiles": 0,
    "completedFiles": 0,
    "failedFiles": 0,
    "remainingFiles": 0,
    "elapsedTime": 0,
    "totalBytes": 0,
    "processedBytes": 0,
    "bytesUploaded": 0,
    "uploadedSize": "0 B",
    "downloadSpeed": 0,
    "uploadSpeed": 0,
    "estimatedTimeRemaining": "Calculating...",
    "downloadedBytes": 0,
    "totalDownloadBytes": 0,
    "uploadedBytes": 0,
    "totalUploadBytes": 0,
    "currentShardIndex": 0,
    "totalShards": 0,
    "errors": []
  }
}
{
  "timestamp": "2025-03-27T10:59:17.353Z",
  "message": "Progress Update",
  "data": {
    "status": "preparing",
    "phase": "preparing",
    "percentage": 0,
    "totalFiles": 5,
    "completedFiles": 0,
    "failedFiles": 0,
    "remainingFiles": 5,
    "elapsedTime": 0,
    "totalBytes": 0,
    "processedBytes": 0,
    "bytesUploaded": 0,
    "uploadedSize": "0 B",
    "downloadSpeed": 0,
    "uploadSpeed": 0,
    "estimatedTimeRemaining": "Calculating...",
    "downloadedBytes": 0,
    "totalDownloadBytes": 0,
    "uploadedBytes": 0,
    "totalUploadBytes": 0,
    "currentShardIndex": 0,
    "totalShards": 0,
    "errors": [],
    "startTime": "2025-03-27T10:59:14.723Z",
    "currentFile": "images",
    "totalBatches": 1
  }
}
{
  "timestamp": "2025-03-27T10:59:17.468Z",
  "message": "Progress Update",
  "data": {
    "status": "downloading",
    "phase": "download",
    "percentage": 0,
    "totalFiles": 5,
    "completedFiles": 0,
    "failedFiles": 0,
    "remainingFiles": 5,
    "elapsedTime": 2.745,
    "totalBytes": 0,
    "processedBytes": 0,
    "bytesUploaded": 0,
    "uploadedSize": "0 B",
    "downloadSpeed": 0,
    "uploadSpeed": 0,
    "estimatedTimeRemaining": "Calculating...",
    "downloadedBytes": 0,
    "totalDownloadBytes": 0,
    "uploadedBytes": 0,
    "totalUploadBytes": 0,
    "currentShardIndex": 0,
    "totalShards": 0,
    "errors": [],
    "startTime": "2025-03-27T10:59:14.723Z",
    "currentFile": "images",
    "totalBatches": 1
  }
}
{
  "timestamp": "2025-03-27T10:59:25.164Z",
  "message": "Progress Update",
  "data": {
    "status": "downloading",
    "phase": "download",
    "percentage": 0,
    "totalFiles": 5,
    "completedFiles": 0,
    "failedFiles": 0,
    "remainingFiles": 5,
    "elapsedTime": 10.441,
    "totalBytes": 1021690,
    "processedBytes": 0,
    "bytesUploaded": 0,
    "uploadedSize": "0 B",
    "downloadSpeed": 0,
    "uploadSpeed": 0,
    "estimatedTimeRemaining": "Calculating...",
    "downloadedBytes": 0,
    "totalDownloadBytes": 510845,
    "uploadedBytes": 0,
    "totalUploadBytes": 510845,
    "currentShardIndex": 0,
    "totalShards": 0,
    "errors": [],
    "startTime": "2025-03-27T10:59:14.723Z",
    "currentFile": "images",
    "totalBatches": 1
  }
}
{
  "timestamp": "2025-03-27T10:59:25.166Z",
  "message": "Progress Update",
  "data": {
    "status": "downloading",
    "phase": "download",
    "percentage": 0,
    "totalFiles": 5,
    "completedFiles": 0,
    "failedFiles": 0,
    "remainingFiles": 5,
    "elapsedTime": 10.443,
    "totalBytes": 1021690,
    "processedBytes": 0,
    "bytesUploaded": 0,
    "uploadedSize": "0 B",
    "downloadSpeed": 0,
    "uploadSpeed": 0,
    "estimatedTimeRemaining": "Calculating...",
    "downloadedBytes": 0,
    "totalDownloadBytes": 510845,
    "uploadedBytes": 0,
    "totalUploadBytes": 510845,
    "currentShardIndex": 0,
    "totalShards": 0,
    "errors": [],
    "startTime": "2025-03-27T10:59:14.723Z",
    "currentFile": "Batch 1/1",
    "totalBatches": 1
  }
}
{
  "timestamp": "2025-03-27T10:59:26.044Z",
  "message": "Progress Update",
  "data": {
    "status": "downloading",
    "phase": "download",
    "percentage": 0,
    "totalFiles": 5,
    "completedFiles": 0,
    "failedFiles": 0,
    "remainingFiles": 5,
    "elapsedTime": 11.321,
    "totalBytes": 1021690,
    "processedBytes": 0,
    "bytesUploaded": 0,
    "uploadedSize": "0 B",
    "downloadSpeed": 0,
    "uploadSpeed": 0,
    "estimatedTimeRemaining": "Calculating...",
    "downloadedBytes": 0,
    "totalDownloadBytes": 510845,
    "uploadedBytes": 0,
    "totalUploadBytes": 510845,
    "currentShardIndex": 0,
    "totalShards": 0,
    "errors": [],
    "startTime": "2025-03-27T10:59:14.723Z",
    "currentFile": "Batch 1/1",
    "totalBatches": 1
  }
}
{
  "timestamp": "2025-03-27T10:59:26.049Z",
  "message": "Progress Update",
  "data": {
    "status": "downloading",
    "phase": "download",
    "percentage": 0,
    "totalFiles": 5,
    "completedFiles": 0,
    "failedFiles": 0,
    "remainingFiles": 5,
    "elapsedTime": 11.326,
    "totalBytes": 1021690,
    "processedBytes": 0,
    "bytesUploaded": 0,
    "uploadedSize": "0 B",
    "downloadSpeed": 0,
    "uploadSpeed": 0,
    "estimatedTimeRemaining": "Calculating...",
    "downloadedBytes": 8463,
    "totalDownloadBytes": 510845,
    "uploadedBytes": 0,
    "totalUploadBytes": 510845,
    "currentShardIndex": 0,
    "totalShards": 0,
    "errors": [],
    "startTime": "2025-03-27T10:59:14.723Z",
    "currentFile": "images1/2.avif",
    "totalBatches": 1
  }
}
{
  "timestamp": "2025-03-27T10:59:26.304Z",
  "message": "Progress Update",
  "data": {
    "status": "downloading",
    "phase": "download",
    "percentage": 0,
    "totalFiles": 5,
    "completedFiles": 0,
    "failedFiles": 0,
    "remainingFiles": 5,
    "elapsedTime": 11.581,
    "totalBytes": 1021690,
    "processedBytes": 0,
    "bytesUploaded": 0,
    "uploadedSize": "0 B",
    "downloadSpeed": 0,
    "uploadSpeed": 0,
    "estimatedTimeRemaining": "Calculating...",
    "downloadedBytes": 17449,
    "totalDownloadBytes": 510845,
    "uploadedBytes": 0,
    "totalUploadBytes": 510845,
    "currentShardIndex": 0,
    "totalShards": 0,
    "errors": [],
    "startTime": "2025-03-27T10:59:14.723Z",
    "currentFile": "images1/2.avif",
    "totalBatches": 1
  }
}
{
  "timestamp": "2025-03-27T10:59:27.023Z",
  "message": "Progress Update",
  "data": {
    "status": "downloading",
    "phase": "download",
    "percentage": 0,
    "totalFiles": 5,
    "completedFiles": 0,
    "failedFiles": 0,
    "remainingFiles": 5,
    "elapsedTime": 12.3,
    "totalBytes": 1021690,
    "processedBytes": 0,
    "bytesUploaded": 0,
    "uploadedSize": "0 B",
    "downloadSpeed": 0,
    "uploadSpeed": 0,
    "estimatedTimeRemaining": "Calculating...",
    "downloadedBytes": 17449,
    "totalDownloadBytes": 510845,
    "uploadedBytes": 0,
    "totalUploadBytes": 510845,
    "currentShardIndex": 0,
    "totalShards": 0,
    "errors": [],
    "startTime": "2025-03-27T10:59:14.723Z",
    "currentFile": "images1/2.avif",
    "totalBatches": 1
  }
}
{
  "timestamp": "2025-03-27T10:59:27.024Z",
  "message": "Progress Update",
  "data": {
    "status": "downloading",
    "phase": "download",
    "percentage": 0,
    "totalFiles": 5,
    "completedFiles": 0,
    "failedFiles": 0,
    "remainingFiles": 5,
    "elapsedTime": 12.301,
    "totalBytes": 1021690,
    "processedBytes": 0,
    "bytesUploaded": 0,
    "uploadedSize": "0 B",
    "downloadSpeed": 0,
    "uploadSpeed": 0,
    "estimatedTimeRemaining": "Calculating...",
    "downloadedBytes": 8483,
    "totalDownloadBytes": 510845,
    "uploadedBytes": 0,
    "totalUploadBytes": 510845,
    "currentShardIndex": 0,
    "totalShards": 0,
    "errors": [],
    "startTime": "2025-03-27T10:59:14.723Z",
    "currentFile": "images1/0.avif",
    "totalBatches": 1
  }
}
{
  "timestamp": "2025-03-27T10:59:27.042Z",
  "message": "Progress Update",
  "data": {
    "status": "downloading",
    "phase": "download",
    "percentage": 0,
    "totalFiles": 5,
    "completedFiles": 0,
    "failedFiles": 0,
    "remainingFiles": 5,
    "elapsedTime": 12.319,
    "totalBytes": 1021690,
    "processedBytes": 0,
    "bytesUploaded": 0,
    "uploadedSize": "0 B",
    "downloadSpeed": 0,
    "uploadSpeed": 0,
    "estimatedTimeRemaining": "Calculating...",
    "downloadedBytes": 8483,
    "totalDownloadBytes": 510845,
    "uploadedBytes": 0,
    "totalUploadBytes": 510845,
    "currentShardIndex": 0,
    "totalShards": 0,
    "errors": [],
    "startTime": "2025-03-27T10:59:14.723Z",
    "currentFile": "images1/0.avif",
    "totalBatches": 1
  }
}
{
  "timestamp": "2025-03-27T10:59:27.300Z",
  "message": "Progress Update",
  "data": {
    "status": "downloading",
    "phase": "download",
    "percentage": 0,
    "totalFiles": 5,
    "completedFiles": 0,
    "failedFiles": 0,
    "remainingFiles": 5,
    "elapsedTime": 12.577,
    "totalBytes": 1021690,
    "processedBytes": 0,
    "bytesUploaded": 0,
    "uploadedSize": "0 B",
    "downloadSpeed": 0,
    "uploadSpeed": 0,
    "estimatedTimeRemaining": "Calculating...",
    "downloadedBytes": 16384,
    "totalDownloadBytes": 510845,
    "uploadedBytes": 0,
    "totalUploadBytes": 510845,
    "currentShardIndex": 0,
    "totalShards": 0,
    "errors": [],
    "startTime": "2025-03-27T10:59:14.723Z",
    "currentFile": "images1/HarshSinghResume.pdf",
    "totalBatches": 1
  }
}
{
  "timestamp": "2025-03-27T10:59:27.303Z",
  "message": "Progress Update",
  "data": {
    "status": "downloading",
    "phase": "download",
    "percentage": 0,
    "totalFiles": 5,
    "completedFiles": 0,
    "failedFiles": 0,
    "remainingFiles": 5,
    "elapsedTime": 12.58,
    "totalBytes": 1021690,
    "processedBytes": 0,
    "bytesUploaded": 0,
    "uploadedSize": "0 B",
    "downloadSpeed": 0,
    "uploadSpeed": 0,
    "estimatedTimeRemaining": "Calculating...",
    "downloadedBytes": 16931,
    "totalDownloadBytes": 510845,
    "uploadedBytes": 0,
    "totalUploadBytes": 510845,
    "currentShardIndex": 0,
    "totalShards": 0,
    "errors": [],
    "startTime": "2025-03-27T10:59:14.723Z",
    "currentFile": "images1/HarshSinghResume.pdf",
    "totalBatches": 1
  }
}
{
  "timestamp": "2025-03-27T10:59:27.360Z",
  "message": "Progress Update",
  "data": {
    "status": "downloading",
    "phase": "download",
    "percentage": 0,
    "totalFiles": 5,
    "completedFiles": 0,
    "failedFiles": 0,
    "remainingFiles": 5,
    "elapsedTime": 12.637,
    "totalBytes": 1021690,
    "processedBytes": 0,
    "bytesUploaded": 0,
    "uploadedSize": "0 B",
    "downloadSpeed": 0,
    "uploadSpeed": 0,
    "estimatedTimeRemaining": "Calculating...",
    "downloadedBytes": 20500,
    "totalDownloadBytes": 510845,
    "uploadedBytes": 0,
    "totalUploadBytes": 510845,
    "currentShardIndex": 0,
    "totalShards": 0,
    "errors": [],
    "startTime": "2025-03-27T10:59:14.723Z",
    "currentFile": "images1/0.avif",
    "totalBatches": 1
  }
}
{
  "timestamp": "2025-03-27T10:59:27.600Z",
  "message": "Progress Update",
  "data": {
    "status": "downloading",
    "phase": "download",
    "percentage": 0,
    "totalFiles": 5,
    "completedFiles": 0,
    "failedFiles": 0,
    "remainingFiles": 5,
    "elapsedTime": 12.877,
    "totalBytes": 1021690,
    "processedBytes": 0,
    "bytesUploaded": 0,
    "uploadedSize": "0 B",
    "downloadSpeed": 0,
    "uploadSpeed": 0,
    "estimatedTimeRemaining": "Calculating...",
    "downloadedBytes": 20500,
    "totalDownloadBytes": 510845,
    "uploadedBytes": 0,
    "totalUploadBytes": 510845,
    "currentShardIndex": 0,
    "totalShards": 0,
    "errors": [],
    "startTime": "2025-03-27T10:59:14.723Z",
    "currentFile": "images1/0.avif",
    "totalBatches": 1
  }
}
{
  "timestamp": "2025-03-27T10:59:27.603Z",
  "message": "Progress Update",
  "data": {
    "status": "downloading",
    "phase": "download",
    "percentage": 0,
    "totalFiles": 5,
    "completedFiles": 0,
    "failedFiles": 0,
    "remainingFiles": 5,
    "elapsedTime": 12.88,
    "totalBytes": 1021690,
    "processedBytes": 0,
    "bytesUploaded": 0,
    "uploadedSize": "0 B",
    "downloadSpeed": 0,
    "uploadSpeed": 0,
    "estimatedTimeRemaining": "Calculating...",
    "downloadedBytes": 16384,
    "totalDownloadBytes": 510845,
    "uploadedBytes": 0,
    "totalUploadBytes": 510845,
    "currentShardIndex": 0,
    "totalShards": 0,
    "errors": [],
    "startTime": "2025-03-27T10:59:14.723Z",
    "currentFile": "images1/0.png",
    "totalBatches": 1
  }
}
{
  "timestamp": "2025-03-27T10:59:27.606Z",
  "message": "Progress Update",
  "data": {
    "status": "downloading",
    "phase": "download",
    "percentage": 0,
    "totalFiles": 5,
    "completedFiles": 0,
    "failedFiles": 0,
    "remainingFiles": 5,
    "elapsedTime": 12.883,
    "totalBytes": 1021690,
    "processedBytes": 0,
    "bytesUploaded": 0,
    "uploadedSize": "0 B",
    "downloadSpeed": 0,
    "uploadSpeed": 0,
    "estimatedTimeRemaining": "Calculating...",
    "downloadedBytes": 16937,
    "totalDownloadBytes": 510845,
    "uploadedBytes": 0,
    "totalUploadBytes": 510845,
    "currentShardIndex": 0,
    "totalShards": 0,
    "errors": [],
    "startTime": "2025-03-27T10:59:14.723Z",
    "currentFile": "images1/0.png",
    "totalBatches": 1
  }
}
{
  "timestamp": "2025-03-27T10:59:27.812Z",
  "message": "Progress Update",
  "data": {
    "status": "downloading",
    "phase": "download",
    "percentage": 0,
    "totalFiles": 5,
    "completedFiles": 0,
    "failedFiles": 0,
    "remainingFiles": 5,
    "elapsedTime": 13.089,
    "totalBytes": 1021690,
    "processedBytes": 0,
    "bytesUploaded": 0,
    "uploadedSize": "0 B",
    "downloadSpeed": 0,
    "uploadSpeed": 0,
    "estimatedTimeRemaining": "Calculating...",
    "downloadedBytes": 33315,
    "totalDownloadBytes": 510845,
    "uploadedBytes": 0,
    "totalUploadBytes": 510845,
    "currentShardIndex": 0,
    "totalShards": 0,
    "errors": [],
    "startTime": "2025-03-27T10:59:14.723Z",
    "currentFile": "images1/HarshSinghResume.pdf",
    "totalBatches": 1
  }
}
{
  "timestamp": "2025-03-27T10:59:27.814Z",
  "message": "Progress Update",
  "data": {
    "status": "downloading",
    "phase": "download",
    "percentage": 0,
    "totalFiles": 5,
    "completedFiles": 0,
    "failedFiles": 0,
    "remainingFiles": 5,
    "elapsedTime": 13.091,
    "totalBytes": 1021690,
    "processedBytes": 0,
    "bytesUploaded": 0,
    "uploadedSize": "0 B",
    "downloadSpeed": 0,
    "uploadSpeed": 0,
    "estimatedTimeRemaining": "Calculating...",
    "downloadedBytes": 34339,
    "totalDownloadBytes": 510845,
    "uploadedBytes": 0,
    "totalUploadBytes": 510845,
    "currentShardIndex": 0,
    "totalShards": 0,
    "errors": [],
    "startTime": "2025-03-27T10:59:14.723Z",
    "currentFile": "images1/HarshSinghResume.pdf",
    "totalBatches": 1
  }
}
{
  "timestamp": "2025-03-27T10:59:27.832Z",
  "message": "Progress Update",
  "data": {
    "status": "downloading",
    "phase": "download",
    "percentage": 0,
    "totalFiles": 5,
    "completedFiles": 0,
    "failedFiles": 0,
    "remainingFiles": 5,
    "elapsedTime": 13.109,
    "totalBytes": 1021690,
    "processedBytes": 0,
    "bytesUploaded": 0,
    "uploadedSize": "0 B",
    "downloadSpeed": 0,
    "uploadSpeed": 0,
    "estimatedTimeRemaining": "Calculating...",
    "downloadedBytes": 34339,
    "totalDownloadBytes": 510845,
    "uploadedBytes": 0,
    "totalUploadBytes": 510845,
    "currentShardIndex": 0,
    "totalShards": 0,
    "errors": [],
    "startTime": "2025-03-27T10:59:14.723Z",
    "currentFile": "images1/HarshSinghResume.pdf",
    "totalBatches": 1
  }
}
{
  "timestamp": "2025-03-27T10:59:27.843Z",
  "message": "Progress Update",
  "data": {
    "status": "downloading",
    "phase": "download",
    "percentage": 0,
    "totalFiles": 5,
    "completedFiles": 0,
    "failedFiles": 0,
    "remainingFiles": 5,
    "elapsedTime": 13.12,
    "totalBytes": 1021690,
    "processedBytes": 0,
    "bytesUploaded": 0,
    "uploadedSize": "0 B",
    "downloadSpeed": 0,
    "uploadSpeed": 0,
    "estimatedTimeRemaining": "Calculating...",
    "downloadedBytes": 8463,
    "totalDownloadBytes": 510845,
    "uploadedBytes": 0,
    "totalUploadBytes": 510845,
    "currentShardIndex": 0,
    "totalShards": 0,
    "errors": [],
    "startTime": "2025-03-27T10:59:14.723Z",
    "currentFile": "images1/3.avif",
    "totalBatches": 1
  }
}
{
  "timestamp": "2025-03-27T10:59:27.867Z",
  "message": "Progress Update",
  "data": {
    "status": "downloading",
    "phase": "download",
    "percentage": 0,
    "totalFiles": 5,
    "completedFiles": 0,
    "failedFiles": 0,
    "remainingFiles": 5,
    "elapsedTime": 13.144,
    "totalBytes": 1021690,
    "processedBytes": 0,
    "bytesUploaded": 0,
    "uploadedSize": "0 B",
    "downloadSpeed": 0,
    "uploadSpeed": 0,
    "estimatedTimeRemaining": "Calculating...",
    "downloadedBytes": 33321,
    "totalDownloadBytes": 510845,
    "uploadedBytes": 0,
    "totalUploadBytes": 510845,
    "currentShardIndex": 0,
    "totalShards": 0,
    "errors": [],
    "startTime": "2025-03-27T10:59:14.723Z",
    "currentFile": "images1/0.png",
    "totalBatches": 1
  }
}
{
  "timestamp": "2025-03-27T10:59:27.870Z",
  "message": "Progress Update",
  "data": {
    "status": "downloading",
    "phase": "download",
    "percentage": 0,
    "totalFiles": 5,
    "completedFiles": 0,
    "failedFiles": 0,
    "remainingFiles": 5,
    "elapsedTime": 13.147,
    "totalBytes": 1021690,
    "processedBytes": 0,
    "bytesUploaded": 0,
    "uploadedSize": "0 B",
    "downloadSpeed": 0,
    "uploadSpeed": 0,
    "estimatedTimeRemaining": "Calculating...",
    "downloadedBytes": 34345,
    "totalDownloadBytes": 510845,
    "uploadedBytes": 0,
    "totalUploadBytes": 510845,
    "currentShardIndex": 0,
    "totalShards": 0,
    "errors": [],
    "startTime": "2025-03-27T10:59:14.723Z",
    "currentFile": "images1/0.png",
    "totalBatches": 1
  }
}
{
  "timestamp": "2025-03-27T10:59:27.872Z",
  "message": "Progress Update",
  "data": {
    "status": "downloading",
    "phase": "download",
    "percentage": 0,
    "totalFiles": 5,
    "completedFiles": 0,
    "failedFiles": 0,
    "remainingFiles": 5,
    "elapsedTime": 13.149,
    "totalBytes": 1021690,
    "processedBytes": 0,
    "bytesUploaded": 0,
    "uploadedSize": "0 B",
    "downloadSpeed": 0,
    "uploadSpeed": 0,
    "estimatedTimeRemaining": "Calculating...",
    "downloadedBytes": 50729,
    "totalDownloadBytes": 510845,
    "uploadedBytes": 0,
    "totalUploadBytes": 510845,
    "currentShardIndex": 0,
    "totalShards": 0,
    "errors": [],
    "startTime": "2025-03-27T10:59:14.723Z",
    "currentFile": "images1/0.png",
    "totalBatches": 1
  }
}
{
  "timestamp": "2025-03-27T10:59:27.873Z",
  "message": "Progress Update",
  "data": {
    "status": "downloading",
    "phase": "download",
    "percentage": 0,
    "totalFiles": 5,
    "completedFiles": 0,
    "failedFiles": 0,
    "remainingFiles": 5,
    "elapsedTime": 13.15,
    "totalBytes": 1021690,
    "processedBytes": 0,
    "bytesUploaded": 0,
    "uploadedSize": "0 B",
    "downloadSpeed": 0,
    "uploadSpeed": 0,
    "estimatedTimeRemaining": "Calculating...",
    "downloadedBytes": 51753,
    "totalDownloadBytes": 510845,
    "uploadedBytes": 0,
    "totalUploadBytes": 510845,
    "currentShardIndex": 0,
    "totalShards": 0,
    "errors": [],
    "startTime": "2025-03-27T10:59:14.723Z",
    "currentFile": "images1/0.png",
    "totalBatches": 1
  }
}
{
  "timestamp": "2025-03-27T10:59:27.875Z",
  "message": "Progress Update",
  "data": {
    "status": "downloading",
    "phase": "download",
    "percentage": 0,
    "totalFiles": 5,
    "completedFiles": 0,
    "failedFiles": 0,
    "remainingFiles": 5,
    "elapsedTime": 13.152,
    "totalBytes": 1021690,
    "processedBytes": 0,
    "bytesUploaded": 0,
    "uploadedSize": "0 B",
    "downloadSpeed": 0,
    "uploadSpeed": 0,
    "estimatedTimeRemaining": "Calculating...",
    "downloadedBytes": 68137,
    "totalDownloadBytes": 510845,
    "uploadedBytes": 0,
    "totalUploadBytes": 510845,
    "currentShardIndex": 0,
    "totalShards": 0,
    "errors": [],
    "startTime": "2025-03-27T10:59:14.723Z",
    "currentFile": "images1/0.png",
    "totalBatches": 1
  }
}
{
  "timestamp": "2025-03-27T10:59:27.877Z",
  "message": "Progress Update",
  "data": {
    "status": "downloading",
    "phase": "download",
    "percentage": 0,
    "totalFiles": 5,
    "completedFiles": 0,
    "failedFiles": 0,
    "remainingFiles": 5,
    "elapsedTime": 13.154,
    "totalBytes": 1021690,
    "processedBytes": 0,
    "bytesUploaded": 0,
    "uploadedSize": "0 B",
    "downloadSpeed": 0,
    "uploadSpeed": 0,
    "estimatedTimeRemaining": "Calculating...",
    "downloadedBytes": 69161,
    "totalDownloadBytes": 510845,
    "uploadedBytes": 0,
    "totalUploadBytes": 510845,
    "currentShardIndex": 0,
    "totalShards": 0,
    "errors": [],
    "startTime": "2025-03-27T10:59:14.723Z",
    "currentFile": "images1/0.png",
    "totalBatches": 1
  }
}
{
  "timestamp": "2025-03-27T10:59:28.068Z",
  "message": "Progress Update",
  "data": {
    "status": "downloading",
    "phase": "download",
    "percentage": 0,
    "totalFiles": 5,
    "completedFiles": 0,
    "failedFiles": 0,
    "remainingFiles": 5,
    "elapsedTime": 13.345,
    "totalBytes": 1021690,
    "processedBytes": 0,
    "bytesUploaded": 0,
    "uploadedSize": "0 B",
    "downloadSpeed": 0,
    "uploadSpeed": 0,
    "estimatedTimeRemaining": "Calculating...",
    "downloadedBytes": 50723,
    "totalDownloadBytes": 510845,
    "uploadedBytes": 0,
    "totalUploadBytes": 510845,
    "currentShardIndex": 0,
    "totalShards": 0,
    "errors": [],
    "startTime": "2025-03-27T10:59:14.723Z",
    "currentFile": "images1/HarshSinghResume.pdf",
    "totalBatches": 1
  }
}
{
  "timestamp": "2025-03-27T10:59:28.069Z",
  "message": "Progress Update",
  "data": {
    "status": "downloading",
    "phase": "download",
    "percentage": 0,
    "totalFiles": 5,
    "completedFiles": 0,
    "failedFiles": 0,
    "remainingFiles": 5,
    "elapsedTime": 13.346,
    "totalBytes": 1021690,
    "processedBytes": 0,
    "bytesUploaded": 0,
    "uploadedSize": "0 B",
    "downloadSpeed": 0,
    "uploadSpeed": 0,
    "estimatedTimeRemaining": "Calculating...",
    "downloadedBytes": 51747,
    "totalDownloadBytes": 510845,
    "uploadedBytes": 0,
    "totalUploadBytes": 510845,
    "currentShardIndex": 0,
    "totalShards": 0,
    "errors": [],
    "startTime": "2025-03-27T10:59:14.723Z",
    "currentFile": "images1/HarshSinghResume.pdf",
    "totalBatches": 1
  }
}
{
  "timestamp": "2025-03-27T10:59:28.096Z",
  "message": "Progress Update",
  "data": {
    "status": "downloading",
    "phase": "download",
    "percentage": 0,
    "totalFiles": 5,
    "completedFiles": 0,
    "failedFiles": 0,
    "remainingFiles": 5,
    "elapsedTime": 13.373,
    "totalBytes": 1021690,
    "processedBytes": 0,
    "bytesUploaded": 0,
    "uploadedSize": "0 B",
    "downloadSpeed": 0,
    "uploadSpeed": 0,
    "estimatedTimeRemaining": "Calculating...",
    "downloadedBytes": 19087,
    "totalDownloadBytes": 510845,
    "uploadedBytes": 0,
    "totalUploadBytes": 510845,
    "currentShardIndex": 0,
    "totalShards": 0,
    "errors": [],
    "startTime": "2025-03-27T10:59:14.723Z",
    "currentFile": "images1/3.avif",
    "totalBatches": 1
  }
}
{
  "timestamp": "2025-03-27T10:59:28.135Z",
  "message": "Progress Update",
  "data": {
    "status": "downloading",
    "phase": "download",
    "percentage": 0,
    "totalFiles": 5,
    "completedFiles": 0,
    "failedFiles": 0,
    "remainingFiles": 5,
    "elapsedTime": 13.412,
    "totalBytes": 1021690,
    "processedBytes": 0,
    "bytesUploaded": 0,
    "uploadedSize": "0 B",
    "downloadSpeed": 0,
    "uploadSpeed": 0,
    "estimatedTimeRemaining": "Calculating...",
    "downloadedBytes": 85545,
    "totalDownloadBytes": 510845,
    "uploadedBytes": 0,
    "totalUploadBytes": 510845,
    "currentShardIndex": 0,
    "totalShards": 0,
    "errors": [],
    "startTime": "2025-03-27T10:59:14.723Z",
    "currentFile": "images1/0.png",
    "totalBatches": 1
  }
}
{
  "timestamp": "2025-03-27T10:59:28.137Z",
  "message": "Progress Update",
  "data": {
    "status": "downloading",
    "phase": "download",
    "percentage": 0,
    "totalFiles": 5,
    "completedFiles": 0,
    "failedFiles": 0,
    "remainingFiles": 5,
    "elapsedTime": 13.414,
    "totalBytes": 1021690,
    "processedBytes": 0,
    "bytesUploaded": 0,
    "uploadedSize": "0 B",
    "downloadSpeed": 0,
    "uploadSpeed": 0,
    "estimatedTimeRemaining": "Calculating...",
    "downloadedBytes": 86569,
    "totalDownloadBytes": 510845,
    "uploadedBytes": 0,
    "totalUploadBytes": 510845,
    "currentShardIndex": 0,
    "totalShards": 0,
    "errors": [],
    "startTime": "2025-03-27T10:59:14.723Z",
    "currentFile": "images1/0.png",
    "totalBatches": 1
  }
}
{
  "timestamp": "2025-03-27T10:59:28.140Z",
  "message": "Progress Update",
  "data": {
    "status": "downloading",
    "phase": "download",
    "percentage": 0,
    "totalFiles": 5,
    "completedFiles": 0,
    "failedFiles": 0,
    "remainingFiles": 5,
    "elapsedTime": 13.417,
    "totalBytes": 1021690,
    "processedBytes": 0,
    "bytesUploaded": 0,
    "uploadedSize": "0 B",
    "downloadSpeed": 0,
    "uploadSpeed": 0,
    "estimatedTimeRemaining": "Calculating...",
    "downloadedBytes": 102953,
    "totalDownloadBytes": 510845,
    "uploadedBytes": 0,
    "totalUploadBytes": 510845,
    "currentShardIndex": 0,
    "totalShards": 0,
    "errors": [],
    "startTime": "2025-03-27T10:59:14.723Z",
    "currentFile": "images1/0.png",
    "totalBatches": 1
  }
}
{
  "timestamp": "2025-03-27T10:59:28.141Z",
  "message": "Progress Update",
  "data": {
    "status": "downloading",
    "phase": "download",
    "percentage": 0,
    "totalFiles": 5,
    "completedFiles": 0,
    "failedFiles": 0,
    "remainingFiles": 5,
    "elapsedTime": 13.418,
    "totalBytes": 1021690,
    "processedBytes": 0,
    "bytesUploaded": 0,
    "uploadedSize": "0 B",
    "downloadSpeed": 0,
    "uploadSpeed": 0,
    "estimatedTimeRemaining": "Calculating...",
    "downloadedBytes": 103977,
    "totalDownloadBytes": 510845,
    "uploadedBytes": 0,
    "totalUploadBytes": 510845,
    "currentShardIndex": 0,
    "totalShards": 0,
    "errors": [],
    "startTime": "2025-03-27T10:59:14.723Z",
    "currentFile": "images1/0.png",
    "totalBatches": 1
  }
}
{
  "timestamp": "2025-03-27T10:59:28.143Z",
  "message": "Progress Update",
  "data": {
    "status": "downloading",
    "phase": "download",
    "percentage": 0,
    "totalFiles": 5,
    "completedFiles": 0,
    "failedFiles": 0,
    "remainingFiles": 5,
    "elapsedTime": 13.42,
    "totalBytes": 1021690,
    "processedBytes": 0,
    "bytesUploaded": 0,
    "uploadedSize": "0 B",
    "downloadSpeed": 0,
    "uploadSpeed": 0,
    "estimatedTimeRemaining": "Calculating...",
    "downloadedBytes": 120361,
    "totalDownloadBytes": 510845,
    "uploadedBytes": 0,
    "totalUploadBytes": 510845,
    "currentShardIndex": 0,
    "totalShards": 0,
    "errors": [],
    "startTime": "2025-03-27T10:59:14.723Z",
    "currentFile": "images1/0.png",
    "totalBatches": 1
  }
}
{
  "timestamp": "2025-03-27T10:59:28.144Z",
  "message": "Progress Update",
  "data": {
    "status": "downloading",
    "phase": "download",
    "percentage": 0,
    "totalFiles": 5,
    "completedFiles": 0,
    "failedFiles": 0,
    "remainingFiles": 5,
    "elapsedTime": 13.421,
    "totalBytes": 1021690,
    "processedBytes": 0,
    "bytesUploaded": 0,
    "uploadedSize": "0 B",
    "downloadSpeed": 0,
    "uploadSpeed": 0,
    "estimatedTimeRemaining": "Calculating...",
    "downloadedBytes": 121385,
    "totalDownloadBytes": 510845,
    "uploadedBytes": 0,
    "totalUploadBytes": 510845,
    "currentShardIndex": 0,
    "totalShards": 0,
    "errors": [],
    "startTime": "2025-03-27T10:59:14.723Z",
    "currentFile": "images1/0.png",
    "totalBatches": 1
  }
}
{
  "timestamp": "2025-03-27T10:59:28.145Z",
  "message": "Progress Update",
  "data": {
    "status": "downloading",
    "phase": "download",
    "percentage": 0,
    "totalFiles": 5,
    "completedFiles": 0,
    "failedFiles": 0,
    "remainingFiles": 5,
    "elapsedTime": 13.422,
    "totalBytes": 1021690,
    "processedBytes": 0,
    "bytesUploaded": 0,
    "uploadedSize": "0 B",
    "downloadSpeed": 0,
    "uploadSpeed": 0,
    "estimatedTimeRemaining": "Calculating...",
    "downloadedBytes": 137769,
    "totalDownloadBytes": 510845,
    "uploadedBytes": 0,
    "totalUploadBytes": 510845,
    "currentShardIndex": 0,
    "totalShards": 0,
    "errors": [],
    "startTime": "2025-03-27T10:59:14.723Z",
    "currentFile": "images1/0.png",
    "totalBatches": 1
  }
}
{
  "timestamp": "2025-03-27T10:59:28.145Z",
  "message": "Progress Update",
  "data": {
    "status": "downloading",
    "phase": "download",
    "percentage": 0,
    "totalFiles": 5,
    "completedFiles": 0,
    "failedFiles": 0,
    "remainingFiles": 5,
    "elapsedTime": 13.422,
    "totalBytes": 1021690,
    "processedBytes": 0,
    "bytesUploaded": 0,
    "uploadedSize": "0 B",
    "downloadSpeed": 0,
    "uploadSpeed": 0,
    "estimatedTimeRemaining": "Calculating...",
    "downloadedBytes": 138793,
    "totalDownloadBytes": 510845,
    "uploadedBytes": 0,
    "totalUploadBytes": 510845,
    "currentShardIndex": 0,
    "totalShards": 0,
    "errors": [],
    "startTime": "2025-03-27T10:59:14.723Z",
    "currentFile": "images1/0.png",
    "totalBatches": 1
  }
}
{
  "timestamp": "2025-03-27T10:59:28.146Z",
  "message": "Progress Update",
  "data": {
    "status": "downloading",
    "phase": "download",
    "percentage": 0,
    "totalFiles": 5,
    "completedFiles": 0,
    "failedFiles": 0,
    "remainingFiles": 5,
    "elapsedTime": 13.423,
    "totalBytes": 1021690,
    "processedBytes": 0,
    "bytesUploaded": 0,
    "uploadedSize": "0 B",
    "downloadSpeed": 0,
    "uploadSpeed": 0,
    "estimatedTimeRemaining": "Calculating...",
    "downloadedBytes": 155177,
    "totalDownloadBytes": 510845,
    "uploadedBytes": 0,
    "totalUploadBytes": 510845,
    "currentShardIndex": 0,
    "totalShards": 0,
    "errors": [],
    "startTime": "2025-03-27T10:59:14.723Z",
    "currentFile": "images1/0.png",
    "totalBatches": 1
  }
}
{
  "timestamp": "2025-03-27T10:59:28.146Z",
  "message": "Progress Update",
  "data": {
    "status": "downloading",
    "phase": "download",
    "percentage": 0,
    "totalFiles": 5,
    "completedFiles": 0,
    "failedFiles": 0,
    "remainingFiles": 5,
    "elapsedTime": 13.423,
    "totalBytes": 1021690,
    "processedBytes": 0,
    "bytesUploaded": 0,
    "uploadedSize": "0 B",
    "downloadSpeed": 0,
    "uploadSpeed": 0,
    "estimatedTimeRemaining": "Calculating...",
    "downloadedBytes": 156201,
    "totalDownloadBytes": 510845,
    "uploadedBytes": 0,
    "totalUploadBytes": 510845,
    "currentShardIndex": 0,
    "totalShards": 0,
    "errors": [],
    "startTime": "2025-03-27T10:59:14.723Z",
    "currentFile": "images1/0.png",
    "totalBatches": 1
  }
}
{
  "timestamp": "2025-03-27T10:59:28.244Z",
  "message": "Progress Update",
  "data": {
    "status": "downloading",
    "phase": "download",
    "percentage": 0,
    "totalFiles": 5,
    "completedFiles": 0,
    "failedFiles": 0,
    "remainingFiles": 5,
    "elapsedTime": 13.521,
    "totalBytes": 1021690,
    "processedBytes": 0,
    "bytesUploaded": 0,
    "uploadedSize": "0 B",
    "downloadSpeed": 0,
    "uploadSpeed": 0,
    "estimatedTimeRemaining": "Calculating...",
    "downloadedBytes": 53477,
    "totalDownloadBytes": 510845,
    "uploadedBytes": 0,
    "totalUploadBytes": 510845,
    "currentShardIndex": 0,
    "totalShards": 0,
    "errors": [],
    "startTime": "2025-03-27T10:59:14.723Z",
    "currentFile": "images1/HarshSinghResume.pdf",
    "totalBatches": 1
  }
}
{
  "timestamp": "2025-03-27T10:59:28.399Z",
  "message": "Progress Update",
  "data": {
    "status": "downloading",
    "phase": "download",
    "percentage": 0,
    "totalFiles": 5,
    "completedFiles": 0,
    "failedFiles": 0,
    "remainingFiles": 5,
    "elapsedTime": 13.676,
    "totalBytes": 1021690,
    "processedBytes": 0,
    "bytesUploaded": 0,
    "uploadedSize": "0 B",
    "downloadSpeed": 0,
    "uploadSpeed": 0,
    "estimatedTimeRemaining": "Calculating...",
    "downloadedBytes": 172585,
    "totalDownloadBytes": 510845,
    "uploadedBytes": 0,
    "totalUploadBytes": 510845,
    "currentShardIndex": 0,
    "totalShards": 0,
    "errors": [],
    "startTime": "2025-03-27T10:59:14.723Z",
    "currentFile": "images1/0.png",
    "totalBatches": 1
  }
}
{
  "timestamp": "2025-03-27T10:59:28.402Z",
  "message": "Progress Update",
  "data": {
    "status": "downloading",
    "phase": "download",
    "percentage": 0,
    "totalFiles": 5,
    "completedFiles": 0,
    "failedFiles": 0,
    "remainingFiles": 5,
    "elapsedTime": 13.678,
    "totalBytes": 1021690,
    "processedBytes": 0,
    "bytesUploaded": 0,
    "uploadedSize": "0 B",
    "downloadSpeed": 0,
    "uploadSpeed": 0,
    "estimatedTimeRemaining": "Calculating...",
    "downloadedBytes": 173609,
    "totalDownloadBytes": 510845,
    "uploadedBytes": 0,
    "totalUploadBytes": 510845,
    "currentShardIndex": 0,
    "totalShards": 0,
    "errors": [],
    "startTime": "2025-03-27T10:59:14.723Z",
    "currentFile": "images1/0.png",
    "totalBatches": 1
  }
}
{
  "timestamp": "2025-03-27T10:59:28.403Z",
  "message": "Progress Update",
  "data": {
    "status": "downloading",
    "phase": "download",
    "percentage": 0,
    "totalFiles": 5,
    "completedFiles": 0,
    "failedFiles": 0,
    "remainingFiles": 5,
    "elapsedTime": 13.68,
    "totalBytes": 1021690,
    "processedBytes": 0,
    "bytesUploaded": 0,
    "uploadedSize": "0 B",
    "downloadSpeed": 0,
    "uploadSpeed": 0,
    "estimatedTimeRemaining": "Calculating...",
    "downloadedBytes": 189993,
    "totalDownloadBytes": 510845,
    "uploadedBytes": 0,
    "totalUploadBytes": 510845,
    "currentShardIndex": 0,
    "totalShards": 0,
    "errors": [],
    "startTime": "2025-03-27T10:59:14.723Z",
    "currentFile": "images1/0.png",
    "totalBatches": 1
  }
}
{
  "timestamp": "2025-03-27T10:59:28.405Z",
  "message": "Progress Update",
  "data": {
    "status": "downloading",
    "phase": "download",
    "percentage": 0,
    "totalFiles": 5,
    "completedFiles": 0,
    "failedFiles": 0,
    "remainingFiles": 5,
    "elapsedTime": 13.682,
    "totalBytes": 1021690,
    "processedBytes": 0,
    "bytesUploaded": 0,
    "uploadedSize": "0 B",
    "downloadSpeed": 0,
    "uploadSpeed": 0,
    "estimatedTimeRemaining": "Calculating...",
    "downloadedBytes": 191017,
    "totalDownloadBytes": 510845,
    "uploadedBytes": 0,
    "totalUploadBytes": 510845,
    "currentShardIndex": 0,
    "totalShards": 0,
    "errors": [],
    "startTime": "2025-03-27T10:59:14.723Z",
    "currentFile": "images1/0.png",
    "totalBatches": 1
  }
}
{
  "timestamp": "2025-03-27T10:59:28.406Z",
  "message": "Progress Update",
  "data": {
    "status": "downloading",
    "phase": "download",
    "percentage": 0,
    "totalFiles": 5,
    "completedFiles": 0,
    "failedFiles": 0,
    "remainingFiles": 5,
    "elapsedTime": 13.683,
    "totalBytes": 1021690,
    "processedBytes": 0,
    "bytesUploaded": 0,
    "uploadedSize": "0 B",
    "downloadSpeed": 0,
    "uploadSpeed": 0,
    "estimatedTimeRemaining": "Calculating...",
    "downloadedBytes": 207401,
    "totalDownloadBytes": 510845,
    "uploadedBytes": 0,
    "totalUploadBytes": 510845,
    "currentShardIndex": 0,
    "totalShards": 0,
    "errors": [],
    "startTime": "2025-03-27T10:59:14.723Z",
    "currentFile": "images1/0.png",
    "totalBatches": 1
  }
}
{
  "timestamp": "2025-03-27T10:59:28.407Z",
  "message": "Progress Update",
  "data": {
    "status": "downloading",
    "phase": "download",
    "percentage": 0,
    "totalFiles": 5,
    "completedFiles": 0,
    "failedFiles": 0,
    "remainingFiles": 5,
    "elapsedTime": 13.684,
    "totalBytes": 1021690,
    "processedBytes": 0,
    "bytesUploaded": 0,
    "uploadedSize": "0 B",
    "downloadSpeed": 0,
    "uploadSpeed": 0,
    "estimatedTimeRemaining": "Calculating...",
    "downloadedBytes": 208425,
    "totalDownloadBytes": 510845,
    "uploadedBytes": 0,
    "totalUploadBytes": 510845,
    "currentShardIndex": 0,
    "totalShards": 0,
    "errors": [],
    "startTime": "2025-03-27T10:59:14.723Z",
    "currentFile": "images1/0.png",
    "totalBatches": 1
  }
}
{
  "timestamp": "2025-03-27T10:59:28.408Z",
  "message": "Progress Update",
  "data": {
    "status": "downloading",
    "phase": "download",
    "percentage": 0,
    "totalFiles": 5,
    "completedFiles": 0,
    "failedFiles": 0,
    "remainingFiles": 5,
    "elapsedTime": 13.685,
    "totalBytes": 1021690,
    "processedBytes": 0,
    "bytesUploaded": 0,
    "uploadedSize": "0 B",
    "downloadSpeed": 0,
    "uploadSpeed": 0,
    "estimatedTimeRemaining": "Calculating...",
    "downloadedBytes": 224809,
    "totalDownloadBytes": 510845,
    "uploadedBytes": 0,
    "totalUploadBytes": 510845,
    "currentShardIndex": 0,
    "totalShards": 0,
    "errors": [],
    "startTime": "2025-03-27T10:59:14.723Z",
    "currentFile": "images1/0.png",
    "totalBatches": 1
  }
}
{
  "timestamp": "2025-03-27T10:59:28.409Z",
  "message": "Progress Update",
  "data": {
    "status": "downloading",
    "phase": "download",
    "percentage": 0,
    "totalFiles": 5,
    "completedFiles": 0,
    "failedFiles": 0,
    "remainingFiles": 5,
    "elapsedTime": 13.686,
    "totalBytes": 1021690,
    "processedBytes": 0,
    "bytesUploaded": 0,
    "uploadedSize": "0 B",
    "downloadSpeed": 0,
    "uploadSpeed": 0,
    "estimatedTimeRemaining": "Calculating...",
    "downloadedBytes": 225833,
    "totalDownloadBytes": 510845,
    "uploadedBytes": 0,
    "totalUploadBytes": 510845,
    "currentShardIndex": 0,
    "totalShards": 0,
    "errors": [],
    "startTime": "2025-03-27T10:59:14.723Z",
    "currentFile": "images1/0.png",
    "totalBatches": 1
  }
}
{
  "timestamp": "2025-03-27T10:59:28.410Z",
  "message": "Progress Update",
  "data": {
    "status": "downloading",
    "phase": "download",
    "percentage": 0,
    "totalFiles": 5,
    "completedFiles": 0,
    "failedFiles": 0,
    "remainingFiles": 5,
    "elapsedTime": 13.687,
    "totalBytes": 1021690,
    "processedBytes": 0,
    "bytesUploaded": 0,
    "uploadedSize": "0 B",
    "downloadSpeed": 0,
    "uploadSpeed": 0,
    "estimatedTimeRemaining": "Calculating...",
    "downloadedBytes": 242217,
    "totalDownloadBytes": 510845,
    "uploadedBytes": 0,
    "totalUploadBytes": 510845,
    "currentShardIndex": 0,
    "totalShards": 0,
    "errors": [],
    "startTime": "2025-03-27T10:59:14.723Z",
    "currentFile": "images1/0.png",
    "totalBatches": 1
  }
}
{
  "timestamp": "2025-03-27T10:59:28.411Z",
  "message": "Progress Update",
  "data": {
    "status": "downloading",
    "phase": "download",
    "percentage": 0,
    "totalFiles": 5,
    "completedFiles": 0,
    "failedFiles": 0,
    "remainingFiles": 5,
    "elapsedTime": 13.688,
    "totalBytes": 1021690,
    "processedBytes": 0,
    "bytesUploaded": 0,
    "uploadedSize": "0 B",
    "downloadSpeed": 0,
    "uploadSpeed": 0,
    "estimatedTimeRemaining": "Calculating...",
    "downloadedBytes": 243241,
    "totalDownloadBytes": 510845,
    "uploadedBytes": 0,
    "totalUploadBytes": 510845,
    "currentShardIndex": 0,
    "totalShards": 0,
    "errors": [],
    "startTime": "2025-03-27T10:59:14.723Z",
    "currentFile": "images1/0.png",
    "totalBatches": 1
  }
}
{
  "timestamp": "2025-03-27T10:59:28.411Z",
  "message": "Progress Update",
  "data": {
    "status": "downloading",
    "phase": "download",
    "percentage": 0,
    "totalFiles": 5,
    "completedFiles": 0,
    "failedFiles": 0,
    "remainingFiles": 5,
    "elapsedTime": 13.688,
    "totalBytes": 1021690,
    "processedBytes": 0,
    "bytesUploaded": 0,
    "uploadedSize": "0 B",
    "downloadSpeed": 0,
    "uploadSpeed": 0,
    "estimatedTimeRemaining": "Calculating...",
    "downloadedBytes": 251145,
    "totalDownloadBytes": 510845,
    "uploadedBytes": 0,
    "totalUploadBytes": 510845,
    "currentShardIndex": 0,
    "totalShards": 0,
    "errors": [],
    "startTime": "2025-03-27T10:59:14.723Z",
    "currentFile": "images1/0.png",
    "totalBatches": 1
  }
}
{
  "timestamp": "2025-03-27T10:59:28.579Z",
  "message": "Progress Update",
  "data": {
    "status": "downloading",
    "phase": "download",
    "percentage": 0,
    "totalFiles": 5,
    "completedFiles": 0,
    "failedFiles": 0,
    "remainingFiles": 5,
    "elapsedTime": 13.856,
    "totalBytes": 1021690,
    "processedBytes": 0,
    "bytesUploaded": 0,
    "uploadedSize": "0 B",
    "downloadSpeed": 0,
    "uploadSpeed": 0,
    "estimatedTimeRemaining": "Calculating...",
    "downloadedBytes": 69861,
    "totalDownloadBytes": 510845,
    "uploadedBytes": 0,
    "totalUploadBytes": 510845,
    "currentShardIndex": 0,
    "totalShards": 0,
    "errors": [],
    "startTime": "2025-03-27T10:59:14.723Z",
    "currentFile": "images1/HarshSinghResume.pdf",
    "totalBatches": 1
  }
}
{
  "timestamp": "2025-03-27T10:59:28.581Z",
  "message": "Progress Update",
  "data": {
    "status": "downloading",
    "phase": "download",
    "percentage": 0,
    "totalFiles": 5,
    "completedFiles": 0,
    "failedFiles": 0,
    "remainingFiles": 5,
    "elapsedTime": 13.858,
    "totalBytes": 1021690,
    "processedBytes": 0,
    "bytesUploaded": 0,
    "uploadedSize": "0 B",
    "downloadSpeed": 0,
    "uploadSpeed": 0,
    "estimatedTimeRemaining": "Calculating...",
    "downloadedBytes": 70885,
    "totalDownloadBytes": 510845,
    "uploadedBytes": 0,
    "totalUploadBytes": 510845,
    "currentShardIndex": 0,
    "totalShards": 0,
    "errors": [],
    "startTime": "2025-03-27T10:59:14.723Z",
    "currentFile": "images1/HarshSinghResume.pdf",
    "totalBatches": 1
  }
}
{
  "timestamp": "2025-03-27T10:59:28.835Z",
  "message": "Progress Update",
  "data": {
    "status": "downloading",
    "phase": "download",
    "percentage": 0,
    "totalFiles": 5,
    "completedFiles": 0,
    "failedFiles": 0,
    "remainingFiles": 5,
    "elapsedTime": 14.112,
    "totalBytes": 1021690,
    "processedBytes": 0,
    "bytesUploaded": 0,
    "uploadedSize": "0 B",
    "downloadSpeed": 0,
    "uploadSpeed": 0,
    "estimatedTimeRemaining": "Calculating...",
    "downloadedBytes": 87269,
    "totalDownloadBytes": 510845,
    "uploadedBytes": 0,
    "totalUploadBytes": 510845,
    "currentShardIndex": 0,
    "totalShards": 0,
    "errors": [],
    "startTime": "2025-03-27T10:59:14.723Z",
    "currentFile": "images1/HarshSinghResume.pdf",
    "totalBatches": 1
  }
}
{
  "timestamp": "2025-03-27T10:59:28.837Z",
  "message": "Progress Update",
  "data": {
    "status": "downloading",
    "phase": "download",
    "percentage": 0,
    "totalFiles": 5,
    "completedFiles": 0,
    "failedFiles": 0,
    "remainingFiles": 5,
    "elapsedTime": 14.114,
    "totalBytes": 1021690,
    "processedBytes": 0,
    "bytesUploaded": 0,
    "uploadedSize": "0 B",
    "downloadSpeed": 0,
    "uploadSpeed": 0,
    "estimatedTimeRemaining": "Calculating...",
    "downloadedBytes": 88293,
    "totalDownloadBytes": 510845,
    "uploadedBytes": 0,
    "totalUploadBytes": 510845,
    "currentShardIndex": 0,
    "totalShards": 0,
    "errors": [],
    "startTime": "2025-03-27T10:59:14.723Z",
    "currentFile": "images1/HarshSinghResume.pdf",
    "totalBatches": 1
  }
}
{
  "timestamp": "2025-03-27T10:59:29.201Z",
  "message": "Progress Update",
  "data": {
    "status": "downloading",
    "phase": "download",
    "percentage": 0,
    "totalFiles": 5,
    "completedFiles": 0,
    "failedFiles": 0,
    "remainingFiles": 5,
    "elapsedTime": 14.478,
    "totalBytes": 1021690,
    "processedBytes": 0,
    "bytesUploaded": 0,
    "uploadedSize": "0 B",
    "downloadSpeed": 0,
    "uploadSpeed": 0,
    "estimatedTimeRemaining": "Calculating...",
    "downloadedBytes": 104677,
    "totalDownloadBytes": 510845,
    "uploadedBytes": 0,
    "totalUploadBytes": 510845,
    "currentShardIndex": 0,
    "totalShards": 0,
    "errors": [],
    "startTime": "2025-03-27T10:59:14.723Z",
    "currentFile": "images1/HarshSinghResume.pdf",
    "totalBatches": 1
  }
}
{
  "timestamp": "2025-03-27T10:59:29.202Z",
  "message": "Progress Update",
  "data": {
    "status": "downloading",
    "phase": "download",
    "percentage": 0,
    "totalFiles": 5,
    "completedFiles": 0,
    "failedFiles": 0,
    "remainingFiles": 5,
    "elapsedTime": 14.479,
    "totalBytes": 1021690,
    "processedBytes": 0,
    "bytesUploaded": 0,
    "uploadedSize": "0 B",
    "downloadSpeed": 0,
    "uploadSpeed": 0,
    "estimatedTimeRemaining": "Calculating...",
    "downloadedBytes": 105701,
    "totalDownloadBytes": 510845,
    "uploadedBytes": 0,
    "totalUploadBytes": 510845,
    "currentShardIndex": 0,
    "totalShards": 0,
    "errors": [],
    "startTime": "2025-03-27T10:59:14.723Z",
    "currentFile": "images1/HarshSinghResume.pdf",
    "totalBatches": 1
  }
}
{
  "timestamp": "2025-03-27T10:59:29.466Z",
  "message": "Progress Update",
  "data": {
    "status": "downloading",
    "phase": "download",
    "percentage": 0,
    "totalFiles": 5,
    "completedFiles": 0,
    "failedFiles": 0,
    "remainingFiles": 5,
    "elapsedTime": 14.743,
    "totalBytes": 1021690,
    "processedBytes": 0,
    "bytesUploaded": 0,
    "uploadedSize": "0 B",
    "downloadSpeed": 0,
    "uploadSpeed": 0,
    "estimatedTimeRemaining": "Calculating...",
    "downloadedBytes": 122085,
    "totalDownloadBytes": 510845,
    "uploadedBytes": 0,
    "totalUploadBytes": 510845,
    "currentShardIndex": 0,
    "totalShards": 0,
    "errors": [],
    "startTime": "2025-03-27T10:59:14.723Z",
    "currentFile": "images1/HarshSinghResume.pdf",
    "totalBatches": 1
  }
}
{
  "timestamp": "2025-03-27T10:59:29.470Z",
  "message": "Progress Update",
  "data": {
    "status": "downloading",
    "phase": "download",
    "percentage": 0,
    "totalFiles": 5,
    "completedFiles": 0,
    "failedFiles": 0,
    "remainingFiles": 5,
    "elapsedTime": 14.747,
    "totalBytes": 1021690,
    "processedBytes": 0,
    "bytesUploaded": 0,
    "uploadedSize": "0 B",
    "downloadSpeed": 0,
    "uploadSpeed": 0,
    "estimatedTimeRemaining": "Calculating...",
    "downloadedBytes": 123109,
    "totalDownloadBytes": 510845,
    "uploadedBytes": 0,
    "totalUploadBytes": 510845,
    "currentShardIndex": 0,
    "totalShards": 0,
    "errors": [],
    "startTime": "2025-03-27T10:59:14.723Z",
    "currentFile": "images1/HarshSinghResume.pdf",
    "totalBatches": 1
  }
}
{
  "timestamp": "2025-03-27T10:59:29.612Z",
  "message": "Progress Update",
  "data": {
    "status": "downloading",
    "phase": "download",
    "percentage": 0,
    "totalFiles": 5,
    "completedFiles": 0,
    "failedFiles": 0,
    "remainingFiles": 5,
    "elapsedTime": 14.889,
    "totalBytes": 1021690,
    "processedBytes": 0,
    "bytesUploaded": 0,
    "uploadedSize": "0 B",
    "downloadSpeed": 0,
    "uploadSpeed": 0,
    "estimatedTimeRemaining": "Calculating...",
    "downloadedBytes": 139493,
    "totalDownloadBytes": 510845,
    "uploadedBytes": 0,
    "totalUploadBytes": 510845,
    "currentShardIndex": 0,
    "totalShards": 0,
    "errors": [],
    "startTime": "2025-03-27T10:59:14.723Z",
    "currentFile": "images1/HarshSinghResume.pdf",
    "totalBatches": 1
  }
}
{
  "timestamp": "2025-03-27T10:59:29.613Z",
  "message": "Progress Update",
  "data": {
    "status": "downloading",
    "phase": "download",
    "percentage": 0,
    "totalFiles": 5,
    "completedFiles": 0,
    "failedFiles": 0,
    "remainingFiles": 5,
    "elapsedTime": 14.89,
    "totalBytes": 1021690,
    "processedBytes": 0,
    "bytesUploaded": 0,
    "uploadedSize": "0 B",
    "downloadSpeed": 0,
    "uploadSpeed": 0,
    "estimatedTimeRemaining": "Calculating...",
    "downloadedBytes": 140517,
    "totalDownloadBytes": 510845,
    "uploadedBytes": 0,
    "totalUploadBytes": 510845,
    "currentShardIndex": 0,
    "totalShards": 0,
    "errors": [],
    "startTime": "2025-03-27T10:59:14.723Z",
    "currentFile": "images1/HarshSinghResume.pdf",
    "totalBatches": 1
  }
}
{
  "timestamp": "2025-03-27T10:59:29.858Z",
  "message": "Progress Update",
  "data": {
    "status": "downloading",
    "phase": "download",
    "percentage": 0,
    "totalFiles": 5,
    "completedFiles": 0,
    "failedFiles": 0,
    "remainingFiles": 5,
    "elapsedTime": 15.135,
    "totalBytes": 1021690,
    "processedBytes": 0,
    "bytesUploaded": 0,
    "uploadedSize": "0 B",
    "downloadSpeed": 0,
    "uploadSpeed": 0,
    "estimatedTimeRemaining": "Calculating...",
    "downloadedBytes": 156901,
    "totalDownloadBytes": 510845,
    "uploadedBytes": 0,
    "totalUploadBytes": 510845,
    "currentShardIndex": 0,
    "totalShards": 0,
    "errors": [],
    "startTime": "2025-03-27T10:59:14.723Z",
    "currentFile": "images1/HarshSinghResume.pdf",
    "totalBatches": 1
  }
}
{
  "timestamp": "2025-03-27T10:59:29.860Z",
  "message": "Progress Update",
  "data": {
    "status": "downloading",
    "phase": "download",
    "percentage": 0,
    "totalFiles": 5,
    "completedFiles": 0,
    "failedFiles": 0,
    "remainingFiles": 5,
    "elapsedTime": 15.137,
    "totalBytes": 1021690,
    "processedBytes": 0,
    "bytesUploaded": 0,
    "uploadedSize": "0 B",
    "downloadSpeed": 0,
    "uploadSpeed": 0,
    "estimatedTimeRemaining": "Calculating...",
    "downloadedBytes": 157925,
    "totalDownloadBytes": 510845,
    "uploadedBytes": 0,
    "totalUploadBytes": 510845,
    "currentShardIndex": 0,
    "totalShards": 0,
    "errors": [],
    "startTime": "2025-03-27T10:59:14.723Z",
    "currentFile": "images1/HarshSinghResume.pdf",
    "totalBatches": 1
  }
}
{
  "timestamp": "2025-03-27T10:59:30.046Z",
  "message": "Progress Update",
  "data": {
    "status": "downloading",
    "phase": "download",
    "percentage": 0,
    "totalFiles": 5,
    "completedFiles": 0,
    "failedFiles": 0,
    "remainingFiles": 5,
    "elapsedTime": 15.323,
    "totalBytes": 1021690,
    "processedBytes": 0,
    "bytesUploaded": 0,
    "uploadedSize": "0 B",
    "downloadSpeed": 0,
    "uploadSpeed": 0,
    "estimatedTimeRemaining": "Calculating...",
    "downloadedBytes": 174309,
    "totalDownloadBytes": 510845,
    "uploadedBytes": 0,
    "totalUploadBytes": 510845,
    "currentShardIndex": 0,
    "totalShards": 0,
    "errors": [],
    "startTime": "2025-03-27T10:59:14.723Z",
    "currentFile": "images1/HarshSinghResume.pdf",
    "totalBatches": 1
  }
}
{
  "timestamp": "2025-03-27T10:59:30.047Z",
  "message": "Progress Update",
  "data": {
    "status": "downloading",
    "phase": "download",
    "percentage": 0,
    "totalFiles": 5,
    "completedFiles": 0,
    "failedFiles": 0,
    "remainingFiles": 5,
    "elapsedTime": 15.324,
    "totalBytes": 1021690,
    "processedBytes": 0,
    "bytesUploaded": 0,
    "uploadedSize": "0 B",
    "downloadSpeed": 0,
    "uploadSpeed": 0,
    "estimatedTimeRemaining": "Calculating...",
    "downloadedBytes": 175333,
    "totalDownloadBytes": 510845,
    "uploadedBytes": 0,
    "totalUploadBytes": 510845,
    "currentShardIndex": 0,
    "totalShards": 0,
    "errors": [],
    "startTime": "2025-03-27T10:59:14.723Z",
    "currentFile": "images1/HarshSinghResume.pdf",
    "totalBatches": 1
  }
}
{
  "timestamp": "2025-03-27T10:59:30.254Z",
  "message": "Progress Update",
  "data": {
    "status": "downloading",
    "phase": "download",
    "percentage": 0,
    "totalFiles": 5,
    "completedFiles": 0,
    "failedFiles": 0,
    "remainingFiles": 5,
    "elapsedTime": 15.531,
    "totalBytes": 1021690,
    "processedBytes": 0,
    "bytesUploaded": 0,
    "uploadedSize": "0 B",
    "downloadSpeed": 0,
    "uploadSpeed": 0,
    "estimatedTimeRemaining": "Calculating...",
    "downloadedBytes": 191717,
    "totalDownloadBytes": 510845,
    "uploadedBytes": 0,
    "totalUploadBytes": 510845,
    "currentShardIndex": 0,
    "totalShards": 0,
    "errors": [],
    "startTime": "2025-03-27T10:59:14.723Z",
    "currentFile": "images1/HarshSinghResume.pdf",
    "totalBatches": 1
  }
}
{
  "timestamp": "2025-03-27T10:59:30.256Z",
  "message": "Progress Update",
  "data": {
    "status": "downloading",
    "phase": "download",
    "percentage": 0,
    "totalFiles": 5,
    "completedFiles": 0,
    "failedFiles": 0,
    "remainingFiles": 5,
    "elapsedTime": 15.533,
    "totalBytes": 1021690,
    "processedBytes": 0,
    "bytesUploaded": 0,
    "uploadedSize": "0 B",
    "downloadSpeed": 0,
    "uploadSpeed": 0,
    "estimatedTimeRemaining": "Calculating...",
    "downloadedBytes": 192741,
    "totalDownloadBytes": 510845,
    "uploadedBytes": 0,
    "totalUploadBytes": 510845,
    "currentShardIndex": 0,
    "totalShards": 0,
    "errors": [],
    "startTime": "2025-03-27T10:59:14.723Z",
    "currentFile": "images1/HarshSinghResume.pdf",
    "totalBatches": 1
  }
}
{
  "timestamp": "2025-03-27T10:59:30.305Z",
  "message": "Progress Update",
  "data": {
    "status": "downloading",
    "phase": "download",
    "percentage": 0,
    "totalFiles": 5,
    "completedFiles": 0,
    "failedFiles": 0,
    "remainingFiles": 5,
    "elapsedTime": 15.582,
    "totalBytes": 1021690,
    "processedBytes": 0,
    "bytesUploaded": 0,
    "uploadedSize": "0 B",
    "downloadSpeed": 0,
    "uploadSpeed": 0,
    "estimatedTimeRemaining": "Calculating...",
    "downloadedBytes": 202664,
    "totalDownloadBytes": 510845,
    "uploadedBytes": 0,
    "totalUploadBytes": 510845,
    "currentShardIndex": 0,
    "totalShards": 0,
    "errors": [],
    "startTime": "2025-03-27T10:59:14.723Z",
    "currentFile": "images1/HarshSinghResume.pdf",
    "totalBatches": 1
  }
}
{
  "timestamp": "2025-03-27T10:59:30.820Z",
  "message": "Progress Update",
  "data": {
    "status": "uploading",
    "phase": "upload",
    "percentage": 0,
    "totalFiles": 5,
    "completedFiles": 0,
    "failedFiles": 0,
    "remainingFiles": 5,
    "elapsedTime": 16.097,
    "totalBytes": 1021690,
    "processedBytes": 0,
    "bytesUploaded": 0,
    "uploadedSize": "0 B",
    "downloadSpeed": 0,
    "uploadSpeed": 0,
    "estimatedTimeRemaining": "Calculating...",
    "downloadedBytes": 202664,
    "totalDownloadBytes": 510845,
    "uploadedBytes": 0,
    "totalUploadBytes": 510845,
    "currentShardIndex": 0,
    "totalShards": 0,
    "errors": [],
    "startTime": "2025-03-27T10:59:14.723Z",
    "currentFile": "images1/HarshSinghResume.pdf",
    "totalBatches": 1
  }
}
{
  "timestamp": "2025-03-27T10:59:42.569Z",
  "message": "Progress Update",
  "data": {
    "status": "completed",
    "phase": "completed",
    "percentage": 0,
    "totalFiles": 5,
    "completedFiles": 5,
    "failedFiles": 0,
    "remainingFiles": 0,
    "elapsedTime": 27.846,
    "totalBytes": 1021690,
    "processedBytes": 1021690,
    "bytesUploaded": 1021690,
    "uploadedSize": "997.74 KB",
    "downloadSpeed": 0,
    "uploadSpeed": 0,
    "estimatedTimeRemaining": "Complete",
    "downloadedBytes": 202664,
    "totalDownloadBytes": 510845,
    "uploadedBytes": 0,
    "totalUploadBytes": 510845,
    "currentShardIndex": 0,
    "totalShards": 0,
    "errors": [],
    "startTime": "2025-03-27T10:59:14.723Z",
    "currentFile": "images1/HarshSinghResume.pdf",
    "totalBatches": 1,
    "endTime": "2025-03-27T10:59:42.569Z"
  }
}
{
  "timestamp": "2025-03-27T10:59:42.573Z",
  "message": "Migration session ended"
}
