[2025-03-26T23:59:12.106Z] Migration started
[2025-03-26T23:59:13.610Z] Progress update
{
  "phase": "preparing",
  "status": "preparing",
  "percentage": "0.00%",
  "completedFiles": "0/5",
  "bytesUploaded": "0 B/0 B",
  "transferProgress": {
    "bytesTransferred": 0,
    "bytesTotal": 0,
    "percentage": 0,
    "speed": "0 B/s",
    "estimatedTimeRemaining": "Calculating..."
  },
  "elapsedTime": "1s",
  "timeRemaining": "Calculating...",
  "speed": "0 B/s"
}
[2025-03-26T23:59:13.720Z] Phase changed from preparing to download
[2025-03-26T23:59:13.721Z] DOWNLOAD Progress
{
  "percentage": "0.00%",
  "speed": "0 B/s",
  "processed": "0 B",
  "total": "0 B",
  "timeElapsed": "1s",
  "timeRemaining": "Calculating..."
}
[2025-03-26T23:59:13.721Z] Progress update
{
  "phase": "download",
  "status": "downloading",
  "percentage": "0.00%",
  "completedFiles": "0/5",
  "bytesUploaded": "0 B/0 B",
  "transferProgress": {
    "bytesTransferred": 0,
    "bytesTotal": 0,
    "percentage": 0,
    "speed": "0 B/s",
    "estimatedTimeRemaining": "Calculating..."
  },
  "elapsedTime": "1s",
  "timeRemaining": "Calculating...",
  "speed": "0 B/s"
}
[2025-03-26T23:59:21.685Z] DOWNLOAD Progress
{
  "percentage": "0.00%",
  "speed": "0 B/s",
  "processed": "0 B",
  "total": "498.87 KB",
  "timeElapsed": "9s",
  "timeRemaining": "Calculating..."
}
[2025-03-26T23:59:21.686Z] Progress update
{
  "phase": "download",
  "status": "downloading",
  "percentage": "0.00%",
  "completedFiles": "0/5",
  "bytesUploaded": "0 B/997.74 KB",
  "transferProgress": {
    "bytesTransferred": 0,
    "bytesTotal": 510845,
    "percentage": 0,
    "speed": "0 B/s",
    "estimatedTimeRemaining": "Calculating..."
  },
  "elapsedTime": "9s",
  "timeRemaining": "Calculating...",
  "speed": "0 B/s"
}
[2025-03-26T23:59:22.787Z] DOWNLOAD Progress
{
  "percentage": "0.00%",
  "speed": "0 B/s",
  "processed": "0 B",
  "total": "498.87 KB",
  "timeElapsed": "10s",
  "timeRemaining": "Calculating..."
}
[2025-03-26T23:59:22.787Z] Progress update
{
  "phase": "download",
  "status": "downloading",
  "percentage": "0.00%",
  "completedFiles": "0/5",
  "bytesUploaded": "0 B/997.74 KB",
  "transferProgress": {
    "bytesTransferred": 0,
    "bytesTotal": 510845,
    "percentage": 0,
    "speed": "0 B/s",
    "estimatedTimeRemaining": "Calculating..."
  },
  "elapsedTime": "10s",
  "timeRemaining": "Calculating...",
  "speed": "0 B/s"
}
[2025-03-26T23:59:23.295Z] DOWNLOAD Progress
{
  "percentage": "4.01%",
  "speed": "0 B/s",
  "processed": "20.02 KB",
  "total": "498.87 KB",
  "timeElapsed": "11s",
  "timeRemaining": "Calculating..."
}
[2025-03-26T23:59:23.295Z] Progress update
{
  "phase": "download",
  "status": "downloading",
  "percentage": "2.01%",
  "completedFiles": "0/5",
  "bytesUploaded": "0 B/997.74 KB",
  "transferProgress": {
    "bytesTransferred": 20500,
    "bytesTotal": 510845,
    "percentage": 4.0129589210034355,
    "speed": "0 B/s",
    "estimatedTimeRemaining": "Calculating..."
  },
  "elapsedTime": "11s",
  "timeRemaining": "Calculating...",
  "speed": "0 B/s"
}
[2025-03-26T23:59:23.860Z] DOWNLOAD Progress
{
  "percentage": "3.42%",
  "speed": "3.97 KB/s",
  "processed": "17.04 KB",
  "total": "498.87 KB",
  "timeElapsed": "11s",
  "timeRemaining": "2m 1s remaining"
}
[2025-03-26T23:59:23.860Z] Progress update
{
  "phase": "download",
  "status": "downloading",
  "percentage": "1.71%",
  "completedFiles": "0/5",
  "bytesUploaded": "0 B/997.74 KB",
  "transferProgress": {
    "bytesTransferred": 17449,
    "bytesTotal": 510845,
    "percentage": 3.4157131811018995,
    "speed": "3.97 KB/s",
    "estimatedTimeRemaining": "2m 1s remaining"
  },
  "elapsedTime": "11s",
  "timeRemaining": "2m 1s remaining",
  "speed": "3.97 KB/s"
}
[2025-03-26T23:59:24.347Z] DOWNLOAD Progress
{
  "percentage": "3.74%",
  "speed": "0 B/s",
  "processed": "18.64 KB",
  "total": "498.87 KB",
  "timeElapsed": "12s",
  "timeRemaining": "2m 0s remaining"
}
[2025-03-26T23:59:24.347Z] Progress update
{
  "phase": "download",
  "status": "downloading",
  "percentage": "1.87%",
  "completedFiles": "0/5",
  "bytesUploaded": "0 B/997.74 KB",
  "transferProgress": {
    "bytesTransferred": 19087,
    "bytesTotal": 510845,
    "percentage": 3.73635838659476,
    "speed": "0 B/s",
    "estimatedTimeRemaining": "2m 0s remaining"
  },
  "elapsedTime": "12s",
  "timeRemaining": "2m 0s remaining",
  "speed": "0 B/s"
}
[2025-03-26T23:59:24.622Z] DOWNLOAD Progress
{
  "percentage": "6.52%",
  "speed": "0 B/s",
  "processed": "32.53 KB",
  "total": "498.87 KB",
  "timeElapsed": "12s",
  "timeRemaining": "1m 57s remaining"
}
[2025-03-26T23:59:24.622Z] Progress update
{
  "phase": "download",
  "status": "downloading",
  "percentage": "3.26%",
  "completedFiles": "0/5",
  "bytesUploaded": "0 B/997.74 KB",
  "transferProgress": {
    "bytesTransferred": 33315,
    "bytesTotal": 510845,
    "percentage": 6.521547631864852,
    "speed": "0 B/s",
    "estimatedTimeRemaining": "1m 57s remaining"
  },
  "elapsedTime": "12s",
  "timeRemaining": "1m 57s remaining",
  "speed": "0 B/s"
}
[2025-03-26T23:59:24.897Z] DOWNLOAD Progress
{
  "percentage": "13.68%",
  "speed": "13.05 KB/s",
  "processed": "68.22 KB",
  "total": "498.87 KB",
  "timeElapsed": "12s",
  "timeRemaining": "33s remaining"
}
[2025-03-26T23:59:24.897Z] Progress update
{
  "phase": "download",
  "status": "downloading",
  "percentage": "6.84%",
  "completedFiles": "0/5",
  "bytesUploaded": "0 B/997.74 KB",
  "transferProgress": {
    "bytesTransferred": 69861,
    "bytesTotal": 510845,
    "percentage": 13.675576740498585,
    "speed": "13.05 KB/s",
    "estimatedTimeRemaining": "33s remaining"
  },
  "elapsedTime": "12s",
  "timeRemaining": "33s remaining",
  "speed": "13.05 KB/s"
}
[2025-03-26T23:59:25.049Z] DOWNLOAD Progress
{
  "percentage": "33.78%",
  "speed": "0 B/s",
  "processed": "168.54 KB",
  "total": "498.87 KB",
  "timeElapsed": "12s",
  "timeRemaining": "25s remaining"
}
[2025-03-26T23:59:25.049Z] Progress update
{
  "phase": "download",
  "status": "downloading",
  "percentage": "16.89%",
  "completedFiles": "0/5",
  "bytesUploaded": "0 B/997.74 KB",
  "transferProgress": {
    "bytesTransferred": 172585,
    "bytesTotal": 510845,
    "percentage": 33.78422026250624,
    "speed": "0 B/s",
    "estimatedTimeRemaining": "25s remaining"
  },
  "elapsedTime": "12s",
  "timeRemaining": "25s remaining",
  "speed": "0 B/s"
}
[2025-03-26T23:59:25.161Z] DOWNLOAD Progress
{
  "percentage": "30.71%",
  "speed": "0 B/s",
  "processed": "153.22 KB",
  "total": "498.87 KB",
  "timeElapsed": "13s",
  "timeRemaining": "26s remaining"
}
[2025-03-26T23:59:25.161Z] Progress update
{
  "phase": "download",
  "status": "downloading",
  "percentage": "15.36%",
  "completedFiles": "0/5",
  "bytesUploaded": "0 B/997.74 KB",
  "transferProgress": {
    "bytesTransferred": 156901,
    "bytesTotal": 510845,
    "percentage": 30.714013056798052,
    "speed": "0 B/s",
    "estimatedTimeRemaining": "26s remaining"
  },
  "elapsedTime": "13s",
  "timeRemaining": "26s remaining",
  "speed": "0 B/s"
}
[2025-03-26T23:59:25.698Z] Phase changed from download to upload
[2025-03-26T23:59:25.698Z] UPLOAD Progress
{
  "percentage": "0.00%",
  "speed": "0 B/s",
  "processed": "0 B",
  "total": "498.87 KB",
  "timeElapsed": "13s",
  "timeRemaining": "Calculating..."
}
[2025-03-26T23:59:25.698Z] Progress update
{
  "phase": "upload",
  "status": "uploading",
  "percentage": "24.58%",
  "completedFiles": "0/5",
  "bytesUploaded": "0 B/997.74 KB",
  "transferProgress": {
    "bytesTransferred": 0,
    "bytesTotal": 510845,
    "percentage": 0,
    "speed": "0 B/s",
    "estimatedTimeRemaining": "Calculating..."
  },
  "elapsedTime": "13s",
  "timeRemaining": "Calculating...",
  "speed": "0 B/s"
}
[2025-03-26T23:59:37.140Z] Phase changed from upload to preparing
[2025-03-26T23:59:37.141Z] Progress update
{
  "phase": "preparing",
  "status": "completed",
  "percentage": "24.58%",
  "completedFiles": "5/5",
  "bytesUploaded": "0 B/997.74 KB",
  "transferProgress": {
    "bytesTransferred": 0,
    "bytesTotal": 510845,
    "percentage": 0,
    "speed": "0 B/s",
    "estimatedTimeRemaining": "Calculating..."
  },
  "elapsedTime": "25s",
  "timeRemaining": "Calculating...",
  "speed": "0 B/s"
}
[2025-03-26T23:59:37.146Z] Migration session ended
