{
  "timestamp": "2025-04-10T10:25:40.651Z",
  "message": "Migration started",
  "data": {
    "status": "preparing",
    "phase": "preparing",
    "percentage": 0,
    "totalFiles": 0,
    "completedFiles": 0,
    "failedFiles": 0,
    "remainingFiles": 0,
    "elapsedTime": 0,
    "totalBytes": 0,
    "processedBytes": 0,
    "bytesUploaded": 0,
    "uploadedSize": "0 B",
    "downloadSpeed": 0,
    "uploadSpeed": 0,
    "estimatedTimeRemaining": "Calculating...",
    "downloadedBytes": 0,
    "totalDownloadBytes": 0,
    "uploadedBytes": 0,
    "totalUploadBytes": 0,
    "currentShardIndex": 0,
    "totalShards": 0,
    "errors": []
  }
}
{
  "timestamp": "2025-04-10T10:25:43.840Z",
  "message": "Progress Update",
  "data": {
    "status": "preparing",
    "phase": "preparing",
    "percentage": 0,
    "totalFiles": 5,
    "completedFiles": 0,
    "failedFiles": 0,
    "remainingFiles": 5,
    "elapsedTime": 3.19,
    "totalBytes": 0,
    "processedBytes": 0,
    "bytesUploaded": 0,
    "uploadedSize": "0 B",
    "downloadSpeed": 0,
    "uploadSpeed": 0,
    "estimatedTimeRemaining": "Calculating...",
    "downloadedBytes": 0,
    "totalDownloadBytes": 0,
    "uploadedBytes": 0,
    "totalUploadBytes": 0,
    "currentShardIndex": 0,
    "totalShards": 0,
    "errors": [],
    "startTime": "2025-04-10T10:25:40.828Z",
    "currentFile": "images",
    "totalBatches": 1
  }
}
{
  "timestamp": "2025-04-10T10:25:43.945Z",
  "message": "Progress Update",
  "data": {
    "status": "downloading",
    "phase": "download",
    "percentage": 0,
    "totalFiles": 5,
    "completedFiles": 0,
    "failedFiles": 0,
    "remainingFiles": 5,
    "elapsedTime": 3.295,
    "totalBytes": 0,
    "processedBytes": 0,
    "bytesUploaded": 0,
    "uploadedSize": "0 B",
    "downloadSpeed": 0,
    "uploadSpeed": 0,
    "estimatedTimeRemaining": "Calculating...",
    "downloadedBytes": 0,
    "totalDownloadBytes": 0,
    "uploadedBytes": 0,
    "totalUploadBytes": 0,
    "currentShardIndex": 0,
    "totalShards": 0,
    "errors": [],
    "startTime": "2025-04-10T10:25:40.828Z",
    "currentFile": "images",
    "totalBatches": 1
  }
}
{
  "timestamp": "2025-04-10T10:25:56.505Z",
  "message": "Progress Update",
  "data": {
    "status": "downloading",
    "phase": "download",
    "percentage": 0,
    "totalFiles": 5,
    "completedFiles": 0,
    "failedFiles": 0,
    "remainingFiles": 5,
    "elapsedTime": 15.855,
    "totalBytes": 1021690,
    "processedBytes": 0,
    "bytesUploaded": 0,
    "uploadedSize": "0 B",
    "downloadSpeed": 0,
    "uploadSpeed": 0,
    "estimatedTimeRemaining": "Calculating...",
    "downloadedBytes": 0,
    "totalDownloadBytes": 510845,
    "uploadedBytes": 0,
    "totalUploadBytes": 510845,
    "currentShardIndex": 0,
    "totalShards": 0,
    "errors": [],
    "startTime": "2025-04-10T10:25:40.828Z",
    "currentFile": "images",
    "totalBatches": 1
  }
}
{
  "timestamp": "2025-04-10T10:25:56.509Z",
  "message": "Progress Update",
  "data": {
    "status": "downloading",
    "phase": "download",
    "percentage": 0,
    "totalFiles": 5,
    "completedFiles": 0,
    "failedFiles": 0,
    "remainingFiles": 5,
    "elapsedTime": 15.859,
    "totalBytes": 1021690,
    "processedBytes": 0,
    "bytesUploaded": 0,
    "uploadedSize": "0 B",
    "downloadSpeed": 0,
    "uploadSpeed": 0,
    "estimatedTimeRemaining": "Calculating...",
    "downloadedBytes": 0,
    "totalDownloadBytes": 510845,
    "uploadedBytes": 0,
    "totalUploadBytes": 510845,
    "currentShardIndex": 0,
    "totalShards": 0,
    "errors": [],
    "startTime": "2025-04-10T10:25:40.828Z",
    "currentFile": "Batch 1/1",
    "totalBatches": 1
  }
}
{
  "timestamp": "2025-04-10T10:25:58.402Z",
  "message": "Progress Update",
  "data": {
    "status": "downloading",
    "phase": "download",
    "percentage": 0,
    "totalFiles": 5,
    "completedFiles": 0,
    "failedFiles": 0,
    "remainingFiles": 5,
    "elapsedTime": 17.752,
    "totalBytes": 1021690,
    "processedBytes": 0,
    "bytesUploaded": 0,
    "uploadedSize": "0 B",
    "downloadSpeed": 0,
    "uploadSpeed": 0,
    "estimatedTimeRemaining": "Calculating...",
    "downloadedBytes": 0,
    "totalDownloadBytes": 510845,
    "uploadedBytes": 0,
    "totalUploadBytes": 510845,
    "currentShardIndex": 0,
    "totalShards": 0,
    "errors": [],
    "startTime": "2025-04-10T10:25:40.828Z",
    "currentFile": "Batch 1/1",
    "totalBatches": 1
  }
}
{
  "timestamp": "2025-04-10T10:25:58.405Z",
  "message": "Progress Update",
  "data": {
    "status": "downloading",
    "phase": "download",
    "percentage": 0,
    "totalFiles": 5,
    "completedFiles": 0,
    "failedFiles": 0,
    "remainingFiles": 5,
    "elapsedTime": 17.755,
    "totalBytes": 1021690,
    "processedBytes": 0,
    "bytesUploaded": 0,
    "uploadedSize": "0 B",
    "downloadSpeed": 0,
    "uploadSpeed": 0,
    "estimatedTimeRemaining": "Calculating...",
    "downloadedBytes": 8483,
    "totalDownloadBytes": 510845,
    "uploadedBytes": 0,
    "totalUploadBytes": 510845,
    "currentShardIndex": 0,
    "totalShards": 0,
    "errors": [],
    "startTime": "2025-04-10T10:25:40.828Z",
    "currentFile": "images1/0.avif",
    "totalBatches": 1
  }
}
{
  "timestamp": "2025-04-10T10:25:58.407Z",
  "message": "Progress Update",
  "data": {
    "status": "downloading",
    "phase": "download",
    "percentage": 0,
    "totalFiles": 5,
    "completedFiles": 0,
    "failedFiles": 0,
    "remainingFiles": 5,
    "elapsedTime": 17.757,
    "totalBytes": 1021690,
    "processedBytes": 0,
    "bytesUploaded": 0,
    "uploadedSize": "0 B",
    "downloadSpeed": 0,
    "uploadSpeed": 0,
    "estimatedTimeRemaining": "Calculating...",
    "downloadedBytes": 20500,
    "totalDownloadBytes": 510845,
    "uploadedBytes": 0,
    "totalUploadBytes": 510845,
    "currentShardIndex": 0,
    "totalShards": 0,
    "errors": [],
    "startTime": "2025-04-10T10:25:40.828Z",
    "currentFile": "images1/0.avif",
    "totalBatches": 1
  }
}
{
  "timestamp": "2025-04-10T10:25:58.651Z",
  "message": "Progress Update",
  "data": {
    "status": "downloading",
    "phase": "download",
    "percentage": 0,
    "totalFiles": 5,
    "completedFiles": 0,
    "failedFiles": 0,
    "remainingFiles": 5,
    "elapsedTime": 18.001,
    "totalBytes": 1021690,
    "processedBytes": 0,
    "bytesUploaded": 0,
    "uploadedSize": "0 B",
    "downloadSpeed": 0,
    "uploadSpeed": 0,
    "estimatedTimeRemaining": "Calculating...",
    "downloadedBytes": 20500,
    "totalDownloadBytes": 510845,
    "uploadedBytes": 0,
    "totalUploadBytes": 510845,
    "currentShardIndex": 0,
    "totalShards": 0,
    "errors": [],
    "startTime": "2025-04-10T10:25:40.828Z",
    "currentFile": "images1/0.avif",
    "totalBatches": 1
  }
}
{
  "timestamp": "2025-04-10T10:25:58.655Z",
  "message": "Progress Update",
  "data": {
    "status": "downloading",
    "phase": "download",
    "percentage": 0,
    "totalFiles": 5,
    "completedFiles": 0,
    "failedFiles": 0,
    "remainingFiles": 5,
    "elapsedTime": 18.005,
    "totalBytes": 1021690,
    "processedBytes": 0,
    "bytesUploaded": 0,
    "uploadedSize": "0 B",
    "downloadSpeed": 0,
    "uploadSpeed": 0,
    "estimatedTimeRemaining": "Calculating...",
    "downloadedBytes": 16384,
    "totalDownloadBytes": 510845,
    "uploadedBytes": 0,
    "totalUploadBytes": 510845,
    "currentShardIndex": 0,
    "totalShards": 0,
    "errors": [],
    "startTime": "2025-04-10T10:25:40.828Z",
    "currentFile": "images1/HarshSinghResume.pdf",
    "totalBatches": 1
  }
}
{
  "timestamp": "2025-04-10T10:25:58.660Z",
  "message": "Progress Update",
  "data": {
    "status": "downloading",
    "phase": "download",
    "percentage": 0,
    "totalFiles": 5,
    "completedFiles": 0,
    "failedFiles": 0,
    "remainingFiles": 5,
    "elapsedTime": 18.01,
    "totalBytes": 1021690,
    "processedBytes": 0,
    "bytesUploaded": 0,
    "uploadedSize": "0 B",
    "downloadSpeed": 0,
    "uploadSpeed": 0,
    "estimatedTimeRemaining": "Calculating...",
    "downloadedBytes": 16899,
    "totalDownloadBytes": 510845,
    "uploadedBytes": 0,
    "totalUploadBytes": 510845,
    "currentShardIndex": 0,
    "totalShards": 0,
    "errors": [],
    "startTime": "2025-04-10T10:25:40.828Z",
    "currentFile": "images1/HarshSinghResume.pdf",
    "totalBatches": 1
  }
}
{
  "timestamp": "2025-04-10T10:25:58.665Z",
  "message": "Progress Update",
  "data": {
    "status": "downloading",
    "phase": "download",
    "percentage": 0,
    "totalFiles": 5,
    "completedFiles": 0,
    "failedFiles": 0,
    "remainingFiles": 5,
    "elapsedTime": 18.015,
    "totalBytes": 1021690,
    "processedBytes": 0,
    "bytesUploaded": 0,
    "uploadedSize": "0 B",
    "downloadSpeed": 0,
    "uploadSpeed": 0,
    "estimatedTimeRemaining": "Calculating...",
    "downloadedBytes": 16899,
    "totalDownloadBytes": 510845,
    "uploadedBytes": 0,
    "totalUploadBytes": 510845,
    "currentShardIndex": 0,
    "totalShards": 0,
    "errors": [],
    "startTime": "2025-04-10T10:25:40.828Z",
    "currentFile": "images1/HarshSinghResume.pdf",
    "totalBatches": 1
  }
}
{
  "timestamp": "2025-04-10T10:25:58.669Z",
  "message": "Progress Update",
  "data": {
    "status": "downloading",
    "phase": "download",
    "percentage": 0,
    "totalFiles": 5,
    "completedFiles": 0,
    "failedFiles": 0,
    "remainingFiles": 5,
    "elapsedTime": 18.019,
    "totalBytes": 1021690,
    "processedBytes": 0,
    "bytesUploaded": 0,
    "uploadedSize": "0 B",
    "downloadSpeed": 0,
    "uploadSpeed": 0,
    "estimatedTimeRemaining": "Calculating...",
    "downloadedBytes": 8451,
    "totalDownloadBytes": 510845,
    "uploadedBytes": 0,
    "totalUploadBytes": 510845,
    "currentShardIndex": 0,
    "totalShards": 0,
    "errors": [],
    "startTime": "2025-04-10T10:25:40.828Z",
    "currentFile": "images1/2.avif",
    "totalBatches": 1
  }
}
{
  "timestamp": "2025-04-10T10:25:58.674Z",
  "message": "Progress Update",
  "data": {
    "status": "downloading",
    "phase": "download",
    "percentage": 0,
    "totalFiles": 5,
    "completedFiles": 0,
    "failedFiles": 0,
    "remainingFiles": 5,
    "elapsedTime": 18.024,
    "totalBytes": 1021690,
    "processedBytes": 0,
    "bytesUploaded": 0,
    "uploadedSize": "0 B",
    "downloadSpeed": 0,
    "uploadSpeed": 0,
    "estimatedTimeRemaining": "Calculating...",
    "downloadedBytes": 17449,
    "totalDownloadBytes": 510845,
    "uploadedBytes": 0,
    "totalUploadBytes": 510845,
    "currentShardIndex": 0,
    "totalShards": 0,
    "errors": [],
    "startTime": "2025-04-10T10:25:40.828Z",
    "currentFile": "images1/2.avif",
    "totalBatches": 1
  }
}
{
  "timestamp": "2025-04-10T10:25:58.974Z",
  "message": "Progress Update",
  "data": {
    "status": "downloading",
    "phase": "download",
    "percentage": 0,
    "totalFiles": 5,
    "completedFiles": 0,
    "failedFiles": 0,
    "remainingFiles": 5,
    "elapsedTime": 18.324,
    "totalBytes": 1021690,
    "processedBytes": 0,
    "bytesUploaded": 0,
    "uploadedSize": "0 B",
    "downloadSpeed": 0,
    "uploadSpeed": 0,
    "estimatedTimeRemaining": "Calculating...",
    "downloadedBytes": 33283,
    "totalDownloadBytes": 510845,
    "uploadedBytes": 0,
    "totalUploadBytes": 510845,
    "currentShardIndex": 0,
    "totalShards": 0,
    "errors": [],
    "startTime": "2025-04-10T10:25:40.828Z",
    "currentFile": "images1/HarshSinghResume.pdf",
    "totalBatches": 1
  }
}
{
  "timestamp": "2025-04-10T10:25:58.979Z",
  "message": "Progress Update",
  "data": {
    "status": "downloading",
    "phase": "download",
    "percentage": 0,
    "totalFiles": 5,
    "completedFiles": 0,
    "failedFiles": 0,
    "remainingFiles": 5,
    "elapsedTime": 18.329,
    "totalBytes": 1021690,
    "processedBytes": 0,
    "bytesUploaded": 0,
    "uploadedSize": "0 B",
    "downloadSpeed": 0,
    "uploadSpeed": 0,
    "estimatedTimeRemaining": "Calculating...",
    "downloadedBytes": 34307,
    "totalDownloadBytes": 510845,
    "uploadedBytes": 0,
    "totalUploadBytes": 510845,
    "currentShardIndex": 0,
    "totalShards": 0,
    "errors": [],
    "startTime": "2025-04-10T10:25:40.828Z",
    "currentFile": "images1/HarshSinghResume.pdf",
    "totalBatches": 1
  }
}
{
  "timestamp": "2025-04-10T10:25:58.983Z",
  "message": "Progress Update",
  "data": {
    "status": "downloading",
    "phase": "download",
    "percentage": 0,
    "totalFiles": 5,
    "completedFiles": 0,
    "failedFiles": 0,
    "remainingFiles": 5,
    "elapsedTime": 18.333,
    "totalBytes": 1021690,
    "processedBytes": 0,
    "bytesUploaded": 0,
    "uploadedSize": "0 B",
    "downloadSpeed": 0,
    "uploadSpeed": 0,
    "estimatedTimeRemaining": "Calculating...",
    "downloadedBytes": 50691,
    "totalDownloadBytes": 510845,
    "uploadedBytes": 0,
    "totalUploadBytes": 510845,
    "currentShardIndex": 0,
    "totalShards": 0,
    "errors": [],
    "startTime": "2025-04-10T10:25:40.828Z",
    "currentFile": "images1/HarshSinghResume.pdf",
    "totalBatches": 1
  }
}
{
  "timestamp": "2025-04-10T10:25:58.988Z",
  "message": "Progress Update",
  "data": {
    "status": "downloading",
    "phase": "download",
    "percentage": 0,
    "totalFiles": 5,
    "completedFiles": 0,
    "failedFiles": 0,
    "remainingFiles": 5,
    "elapsedTime": 18.338,
    "totalBytes": 1021690,
    "processedBytes": 0,
    "bytesUploaded": 0,
    "uploadedSize": "0 B",
    "downloadSpeed": 0,
    "uploadSpeed": 0,
    "estimatedTimeRemaining": "Calculating...",
    "downloadedBytes": 51715,
    "totalDownloadBytes": 510845,
    "uploadedBytes": 0,
    "totalUploadBytes": 510845,
    "currentShardIndex": 0,
    "totalShards": 0,
    "errors": [],
    "startTime": "2025-04-10T10:25:40.828Z",
    "currentFile": "images1/HarshSinghResume.pdf",
    "totalBatches": 1
  }
}
{
  "timestamp": "2025-04-10T10:25:58.993Z",
  "message": "Progress Update",
  "data": {
    "status": "downloading",
    "phase": "download",
    "percentage": 0,
    "totalFiles": 5,
    "completedFiles": 0,
    "failedFiles": 0,
    "remainingFiles": 5,
    "elapsedTime": 18.343,
    "totalBytes": 1021690,
    "processedBytes": 0,
    "bytesUploaded": 0,
    "uploadedSize": "0 B",
    "downloadSpeed": 0,
    "uploadSpeed": 0,
    "estimatedTimeRemaining": "Calculating...",
    "downloadedBytes": 53445,
    "totalDownloadBytes": 510845,
    "uploadedBytes": 0,
    "totalUploadBytes": 510845,
    "currentShardIndex": 0,
    "totalShards": 0,
    "errors": [],
    "startTime": "2025-04-10T10:25:40.828Z",
    "currentFile": "images1/HarshSinghResume.pdf",
    "totalBatches": 1
  }
}
{
  "timestamp": "2025-04-10T10:25:59.001Z",
  "message": "Progress Update",
  "data": {
    "status": "downloading",
    "phase": "download",
    "percentage": 0,
    "totalFiles": 5,
    "completedFiles": 0,
    "failedFiles": 0,
    "remainingFiles": 5,
    "elapsedTime": 18.351,
    "totalBytes": 1021690,
    "processedBytes": 0,
    "bytesUploaded": 0,
    "uploadedSize": "0 B",
    "downloadSpeed": 0,
    "uploadSpeed": 0,
    "estimatedTimeRemaining": "Calculating...",
    "downloadedBytes": 62445,
    "totalDownloadBytes": 510845,
    "uploadedBytes": 0,
    "totalUploadBytes": 510845,
    "currentShardIndex": 0,
    "totalShards": 0,
    "errors": [],
    "startTime": "2025-04-10T10:25:40.828Z",
    "currentFile": "images1/HarshSinghResume.pdf",
    "totalBatches": 1
  }
}
{
  "timestamp": "2025-04-10T10:25:59.005Z",
  "message": "Progress Update",
  "data": {
    "status": "downloading",
    "phase": "download",
    "percentage": 0,
    "totalFiles": 5,
    "completedFiles": 0,
    "failedFiles": 0,
    "remainingFiles": 5,
    "elapsedTime": 18.355,
    "totalBytes": 1021690,
    "processedBytes": 0,
    "bytesUploaded": 0,
    "uploadedSize": "0 B",
    "downloadSpeed": 0,
    "uploadSpeed": 0,
    "estimatedTimeRemaining": "Calculating...",
    "downloadedBytes": 71445,
    "totalDownloadBytes": 510845,
    "uploadedBytes": 0,
    "totalUploadBytes": 510845,
    "currentShardIndex": 0,
    "totalShards": 0,
    "errors": [],
    "startTime": "2025-04-10T10:25:40.828Z",
    "currentFile": "images1/HarshSinghResume.pdf",
    "totalBatches": 1
  }
}
{
  "timestamp": "2025-04-10T10:25:59.319Z",
  "message": "Progress Update",
  "data": {
    "status": "downloading",
    "phase": "download",
    "percentage": 0,
    "totalFiles": 5,
    "completedFiles": 0,
    "failedFiles": 0,
    "remainingFiles": 5,
    "elapsedTime": 18.669,
    "totalBytes": 1021690,
    "processedBytes": 0,
    "bytesUploaded": 0,
    "uploadedSize": "0 B",
    "downloadSpeed": 0,
    "uploadSpeed": 0,
    "estimatedTimeRemaining": "Calculating...",
    "downloadedBytes": 87829,
    "totalDownloadBytes": 510845,
    "uploadedBytes": 0,
    "totalUploadBytes": 510845,
    "currentShardIndex": 0,
    "totalShards": 0,
    "errors": [],
    "startTime": "2025-04-10T10:25:40.828Z",
    "currentFile": "images1/HarshSinghResume.pdf",
    "totalBatches": 1
  }
}
{
  "timestamp": "2025-04-10T10:25:59.323Z",
  "message": "Progress Update",
  "data": {
    "status": "downloading",
    "phase": "download",
    "percentage": 0,
    "totalFiles": 5,
    "completedFiles": 0,
    "failedFiles": 0,
    "remainingFiles": 5,
    "elapsedTime": 18.673,
    "totalBytes": 1021690,
    "processedBytes": 0,
    "bytesUploaded": 0,
    "uploadedSize": "0 B",
    "downloadSpeed": 0,
    "uploadSpeed": 0,
    "estimatedTimeRemaining": "Calculating...",
    "downloadedBytes": 88853,
    "totalDownloadBytes": 510845,
    "uploadedBytes": 0,
    "totalUploadBytes": 510845,
    "currentShardIndex": 0,
    "totalShards": 0,
    "errors": [],
    "startTime": "2025-04-10T10:25:40.828Z",
    "currentFile": "images1/HarshSinghResume.pdf",
    "totalBatches": 1
  }
}
{
  "timestamp": "2025-04-10T10:25:59.327Z",
  "message": "Progress Update",
  "data": {
    "status": "downloading",
    "phase": "download",
    "percentage": 0,
    "totalFiles": 5,
    "completedFiles": 0,
    "failedFiles": 0,
    "remainingFiles": 5,
    "elapsedTime": 18.677,
    "totalBytes": 1021690,
    "processedBytes": 0,
    "bytesUploaded": 0,
    "uploadedSize": "0 B",
    "downloadSpeed": 0,
    "uploadSpeed": 0,
    "estimatedTimeRemaining": "Calculating...",
    "downloadedBytes": 105237,
    "totalDownloadBytes": 510845,
    "uploadedBytes": 0,
    "totalUploadBytes": 510845,
    "currentShardIndex": 0,
    "totalShards": 0,
    "errors": [],
    "startTime": "2025-04-10T10:25:40.828Z",
    "currentFile": "images1/HarshSinghResume.pdf",
    "totalBatches": 1
  }
}
{
  "timestamp": "2025-04-10T10:25:59.329Z",
  "message": "Progress Update",
  "data": {
    "status": "downloading",
    "phase": "download",
    "percentage": 0,
    "totalFiles": 5,
    "completedFiles": 0,
    "failedFiles": 0,
    "remainingFiles": 5,
    "elapsedTime": 18.679,
    "totalBytes": 1021690,
    "processedBytes": 0,
    "bytesUploaded": 0,
    "uploadedSize": "0 B",
    "downloadSpeed": 0,
    "uploadSpeed": 0,
    "estimatedTimeRemaining": "Calculating...",
    "downloadedBytes": 106261,
    "totalDownloadBytes": 510845,
    "uploadedBytes": 0,
    "totalUploadBytes": 510845,
    "currentShardIndex": 0,
    "totalShards": 0,
    "errors": [],
    "startTime": "2025-04-10T10:25:40.828Z",
    "currentFile": "images1/HarshSinghResume.pdf",
    "totalBatches": 1
  }
}
{
  "timestamp": "2025-04-10T10:25:59.331Z",
  "message": "Progress Update",
  "data": {
    "status": "downloading",
    "phase": "download",
    "percentage": 0,
    "totalFiles": 5,
    "completedFiles": 0,
    "failedFiles": 0,
    "remainingFiles": 5,
    "elapsedTime": 18.681,
    "totalBytes": 1021690,
    "processedBytes": 0,
    "bytesUploaded": 0,
    "uploadedSize": "0 B",
    "downloadSpeed": 0,
    "uploadSpeed": 0,
    "estimatedTimeRemaining": "Calculating...",
    "downloadedBytes": 122645,
    "totalDownloadBytes": 510845,
    "uploadedBytes": 0,
    "totalUploadBytes": 510845,
    "currentShardIndex": 0,
    "totalShards": 0,
    "errors": [],
    "startTime": "2025-04-10T10:25:40.828Z",
    "currentFile": "images1/HarshSinghResume.pdf",
    "totalBatches": 1
  }
}
{
  "timestamp": "2025-04-10T10:25:59.333Z",
  "message": "Progress Update",
  "data": {
    "status": "downloading",
    "phase": "download",
    "percentage": 0,
    "totalFiles": 5,
    "completedFiles": 0,
    "failedFiles": 0,
    "remainingFiles": 5,
    "elapsedTime": 18.683,
    "totalBytes": 1021690,
    "processedBytes": 0,
    "bytesUploaded": 0,
    "uploadedSize": "0 B",
    "downloadSpeed": 0,
    "uploadSpeed": 0,
    "estimatedTimeRemaining": "Calculating...",
    "downloadedBytes": 123669,
    "totalDownloadBytes": 510845,
    "uploadedBytes": 0,
    "totalUploadBytes": 510845,
    "currentShardIndex": 0,
    "totalShards": 0,
    "errors": [],
    "startTime": "2025-04-10T10:25:40.828Z",
    "currentFile": "images1/HarshSinghResume.pdf",
    "totalBatches": 1
  }
}
{
  "timestamp": "2025-04-10T10:25:59.335Z",
  "message": "Progress Update",
  "data": {
    "status": "downloading",
    "phase": "download",
    "percentage": 0,
    "totalFiles": 5,
    "completedFiles": 0,
    "failedFiles": 0,
    "remainingFiles": 5,
    "elapsedTime": 18.685,
    "totalBytes": 1021690,
    "processedBytes": 0,
    "bytesUploaded": 0,
    "uploadedSize": "0 B",
    "downloadSpeed": 0,
    "uploadSpeed": 0,
    "estimatedTimeRemaining": "Calculating...",
    "downloadedBytes": 140053,
    "totalDownloadBytes": 510845,
    "uploadedBytes": 0,
    "totalUploadBytes": 510845,
    "currentShardIndex": 0,
    "totalShards": 0,
    "errors": [],
    "startTime": "2025-04-10T10:25:40.828Z",
    "currentFile": "images1/HarshSinghResume.pdf",
    "totalBatches": 1
  }
}
{
  "timestamp": "2025-04-10T10:25:59.337Z",
  "message": "Progress Update",
  "data": {
    "status": "downloading",
    "phase": "download",
    "percentage": 0,
    "totalFiles": 5,
    "completedFiles": 0,
    "failedFiles": 0,
    "remainingFiles": 5,
    "elapsedTime": 18.687,
    "totalBytes": 1021690,
    "processedBytes": 0,
    "bytesUploaded": 0,
    "uploadedSize": "0 B",
    "downloadSpeed": 0,
    "uploadSpeed": 0,
    "estimatedTimeRemaining": "Calculating...",
    "downloadedBytes": 141077,
    "totalDownloadBytes": 510845,
    "uploadedBytes": 0,
    "totalUploadBytes": 510845,
    "currentShardIndex": 0,
    "totalShards": 0,
    "errors": [],
    "startTime": "2025-04-10T10:25:40.828Z",
    "currentFile": "images1/HarshSinghResume.pdf",
    "totalBatches": 1
  }
}
{
  "timestamp": "2025-04-10T10:25:59.342Z",
  "message": "Progress Update",
  "data": {
    "status": "downloading",
    "phase": "download",
    "percentage": 0,
    "totalFiles": 5,
    "completedFiles": 0,
    "failedFiles": 0,
    "remainingFiles": 5,
    "elapsedTime": 18.692,
    "totalBytes": 1021690,
    "processedBytes": 0,
    "bytesUploaded": 0,
    "uploadedSize": "0 B",
    "downloadSpeed": 0,
    "uploadSpeed": 0,
    "estimatedTimeRemaining": "Calculating...",
    "downloadedBytes": 157461,
    "totalDownloadBytes": 510845,
    "uploadedBytes": 0,
    "totalUploadBytes": 510845,
    "currentShardIndex": 0,
    "totalShards": 0,
    "errors": [],
    "startTime": "2025-04-10T10:25:40.828Z",
    "currentFile": "images1/HarshSinghResume.pdf",
    "totalBatches": 1
  }
}
{
  "timestamp": "2025-04-10T10:25:59.344Z",
  "message": "Progress Update",
  "data": {
    "status": "downloading",
    "phase": "download",
    "percentage": 0,
    "totalFiles": 5,
    "completedFiles": 0,
    "failedFiles": 0,
    "remainingFiles": 5,
    "elapsedTime": 18.694,
    "totalBytes": 1021690,
    "processedBytes": 0,
    "bytesUploaded": 0,
    "uploadedSize": "0 B",
    "downloadSpeed": 0,
    "uploadSpeed": 0,
    "estimatedTimeRemaining": "Calculating...",
    "downloadedBytes": 158485,
    "totalDownloadBytes": 510845,
    "uploadedBytes": 0,
    "totalUploadBytes": 510845,
    "currentShardIndex": 0,
    "totalShards": 0,
    "errors": [],
    "startTime": "2025-04-10T10:25:40.828Z",
    "currentFile": "images1/HarshSinghResume.pdf",
    "totalBatches": 1
  }
}
{
  "timestamp": "2025-04-10T10:25:59.345Z",
  "message": "Progress Update",
  "data": {
    "status": "downloading",
    "phase": "download",
    "percentage": 0,
    "totalFiles": 5,
    "completedFiles": 0,
    "failedFiles": 0,
    "remainingFiles": 5,
    "elapsedTime": 18.695,
    "totalBytes": 1021690,
    "processedBytes": 0,
    "bytesUploaded": 0,
    "uploadedSize": "0 B",
    "downloadSpeed": 0,
    "uploadSpeed": 0,
    "estimatedTimeRemaining": "Calculating...",
    "downloadedBytes": 174869,
    "totalDownloadBytes": 510845,
    "uploadedBytes": 0,
    "totalUploadBytes": 510845,
    "currentShardIndex": 0,
    "totalShards": 0,
    "errors": [],
    "startTime": "2025-04-10T10:25:40.828Z",
    "currentFile": "images1/HarshSinghResume.pdf",
    "totalBatches": 1
  }
}
{
  "timestamp": "2025-04-10T10:25:59.347Z",
  "message": "Progress Update",
  "data": {
    "status": "downloading",
    "phase": "download",
    "percentage": 0,
    "totalFiles": 5,
    "completedFiles": 0,
    "failedFiles": 0,
    "remainingFiles": 5,
    "elapsedTime": 18.697,
    "totalBytes": 1021690,
    "processedBytes": 0,
    "bytesUploaded": 0,
    "uploadedSize": "0 B",
    "downloadSpeed": 0,
    "uploadSpeed": 0,
    "estimatedTimeRemaining": "Calculating...",
    "downloadedBytes": 175893,
    "totalDownloadBytes": 510845,
    "uploadedBytes": 0,
    "totalUploadBytes": 510845,
    "currentShardIndex": 0,
    "totalShards": 0,
    "errors": [],
    "startTime": "2025-04-10T10:25:40.828Z",
    "currentFile": "images1/HarshSinghResume.pdf",
    "totalBatches": 1
  }
}
{
  "timestamp": "2025-04-10T10:25:59.365Z",
  "message": "Progress Update",
  "data": {
    "status": "downloading",
    "phase": "download",
    "percentage": 0,
    "totalFiles": 5,
    "completedFiles": 0,
    "failedFiles": 0,
    "remainingFiles": 5,
    "elapsedTime": 18.715,
    "totalBytes": 1021690,
    "processedBytes": 0,
    "bytesUploaded": 0,
    "uploadedSize": "0 B",
    "downloadSpeed": 0,
    "uploadSpeed": 0,
    "estimatedTimeRemaining": "Calculating...",
    "downloadedBytes": 175893,
    "totalDownloadBytes": 510845,
    "uploadedBytes": 0,
    "totalUploadBytes": 510845,
    "currentShardIndex": 0,
    "totalShards": 0,
    "errors": [],
    "startTime": "2025-04-10T10:25:40.828Z",
    "currentFile": "images1/HarshSinghResume.pdf",
    "totalBatches": 1
  }
}
{
  "timestamp": "2025-04-10T10:25:59.368Z",
  "message": "Progress Update",
  "data": {
    "status": "downloading",
    "phase": "download",
    "percentage": 0,
    "totalFiles": 5,
    "completedFiles": 0,
    "failedFiles": 0,
    "remainingFiles": 5,
    "elapsedTime": 18.718,
    "totalBytes": 1021690,
    "processedBytes": 0,
    "bytesUploaded": 0,
    "uploadedSize": "0 B",
    "downloadSpeed": 0,
    "uploadSpeed": 0,
    "estimatedTimeRemaining": "Calculating...",
    "downloadedBytes": 8483,
    "totalDownloadBytes": 510845,
    "uploadedBytes": 0,
    "totalUploadBytes": 510845,
    "currentShardIndex": 0,
    "totalShards": 0,
    "errors": [],
    "startTime": "2025-04-10T10:25:40.828Z",
    "currentFile": "images1/3.avif",
    "totalBatches": 1
  }
}
{
  "timestamp": "2025-04-10T10:25:59.370Z",
  "message": "Progress Update",
  "data": {
    "status": "downloading",
    "phase": "download",
    "percentage": 0,
    "totalFiles": 5,
    "completedFiles": 0,
    "failedFiles": 0,
    "remainingFiles": 5,
    "elapsedTime": 18.72,
    "totalBytes": 1021690,
    "processedBytes": 0,
    "bytesUploaded": 0,
    "uploadedSize": "0 B",
    "downloadSpeed": 0,
    "uploadSpeed": 0,
    "estimatedTimeRemaining": "Calculating...",
    "downloadedBytes": 19087,
    "totalDownloadBytes": 510845,
    "uploadedBytes": 0,
    "totalUploadBytes": 510845,
    "currentShardIndex": 0,
    "totalShards": 0,
    "errors": [],
    "startTime": "2025-04-10T10:25:40.828Z",
    "currentFile": "images1/3.avif",
    "totalBatches": 1
  }
}
{
  "timestamp": "2025-04-10T10:25:59.405Z",
  "message": "Progress Update",
  "data": {
    "status": "downloading",
    "phase": "download",
    "percentage": 0,
    "totalFiles": 5,
    "completedFiles": 0,
    "failedFiles": 0,
    "remainingFiles": 5,
    "elapsedTime": 18.755,
    "totalBytes": 1021690,
    "processedBytes": 0,
    "bytesUploaded": 0,
    "uploadedSize": "0 B",
    "downloadSpeed": 0,
    "uploadSpeed": 0,
    "estimatedTimeRemaining": "Calculating...",
    "downloadedBytes": 19087,
    "totalDownloadBytes": 510845,
    "uploadedBytes": 0,
    "totalUploadBytes": 510845,
    "currentShardIndex": 0,
    "totalShards": 0,
    "errors": [],
    "startTime": "2025-04-10T10:25:40.828Z",
    "currentFile": "images1/3.avif",
    "totalBatches": 1
  }
}
{
  "timestamp": "2025-04-10T10:25:59.408Z",
  "message": "Progress Update",
  "data": {
    "status": "downloading",
    "phase": "download",
    "percentage": 0,
    "totalFiles": 5,
    "completedFiles": 0,
    "failedFiles": 0,
    "remainingFiles": 5,
    "elapsedTime": 18.758,
    "totalBytes": 1021690,
    "processedBytes": 0,
    "bytesUploaded": 0,
    "uploadedSize": "0 B",
    "downloadSpeed": 0,
    "uploadSpeed": 0,
    "estimatedTimeRemaining": "Calculating...",
    "downloadedBytes": 16384,
    "totalDownloadBytes": 510845,
    "uploadedBytes": 0,
    "totalUploadBytes": 510845,
    "currentShardIndex": 0,
    "totalShards": 0,
    "errors": [],
    "startTime": "2025-04-10T10:25:40.828Z",
    "currentFile": "images1/0.png",
    "totalBatches": 1
  }
}
{
  "timestamp": "2025-04-10T10:25:59.410Z",
  "message": "Progress Update",
  "data": {
    "status": "downloading",
    "phase": "download",
    "percentage": 0,
    "totalFiles": 5,
    "completedFiles": 0,
    "failedFiles": 0,
    "remainingFiles": 5,
    "elapsedTime": 18.76,
    "totalBytes": 1021690,
    "processedBytes": 0,
    "bytesUploaded": 0,
    "uploadedSize": "0 B",
    "downloadSpeed": 0,
    "uploadSpeed": 0,
    "estimatedTimeRemaining": "Calculating...",
    "downloadedBytes": 16937,
    "totalDownloadBytes": 510845,
    "uploadedBytes": 0,
    "totalUploadBytes": 510845,
    "currentShardIndex": 0,
    "totalShards": 0,
    "errors": [],
    "startTime": "2025-04-10T10:25:40.828Z",
    "currentFile": "images1/0.png",
    "totalBatches": 1
  }
}
{
  "timestamp": "2025-04-10T10:25:59.564Z",
  "message": "Progress Update",
  "data": {
    "status": "downloading",
    "phase": "download",
    "percentage": 0,
    "totalFiles": 5,
    "completedFiles": 0,
    "failedFiles": 0,
    "remainingFiles": 5,
    "elapsedTime": 18.914,
    "totalBytes": 1021690,
    "processedBytes": 0,
    "bytesUploaded": 0,
    "uploadedSize": "0 B",
    "downloadSpeed": 0,
    "uploadSpeed": 0,
    "estimatedTimeRemaining": "Calculating...",
    "downloadedBytes": 192277,
    "totalDownloadBytes": 510845,
    "uploadedBytes": 0,
    "totalUploadBytes": 510845,
    "currentShardIndex": 0,
    "totalShards": 0,
    "errors": [],
    "startTime": "2025-04-10T10:25:40.828Z",
    "currentFile": "images1/HarshSinghResume.pdf",
    "totalBatches": 1
  }
}
{
  "timestamp": "2025-04-10T10:25:59.568Z",
  "message": "Progress Update",
  "data": {
    "status": "downloading",
    "phase": "download",
    "percentage": 0,
    "totalFiles": 5,
    "completedFiles": 0,
    "failedFiles": 0,
    "remainingFiles": 5,
    "elapsedTime": 18.918,
    "totalBytes": 1021690,
    "processedBytes": 0,
    "bytesUploaded": 0,
    "uploadedSize": "0 B",
    "downloadSpeed": 0,
    "uploadSpeed": 0,
    "estimatedTimeRemaining": "Calculating...",
    "downloadedBytes": 193301,
    "totalDownloadBytes": 510845,
    "uploadedBytes": 0,
    "totalUploadBytes": 510845,
    "currentShardIndex": 0,
    "totalShards": 0,
    "errors": [],
    "startTime": "2025-04-10T10:25:40.828Z",
    "currentFile": "images1/HarshSinghResume.pdf",
    "totalBatches": 1
  }
}
{
  "timestamp": "2025-04-10T10:25:59.572Z",
  "message": "Progress Update",
  "data": {
    "status": "downloading",
    "phase": "download",
    "percentage": 0,
    "totalFiles": 5,
    "completedFiles": 0,
    "failedFiles": 0,
    "remainingFiles": 5,
    "elapsedTime": 18.922,
    "totalBytes": 1021690,
    "processedBytes": 0,
    "bytesUploaded": 0,
    "uploadedSize": "0 B",
    "downloadSpeed": 0,
    "uploadSpeed": 0,
    "estimatedTimeRemaining": "Calculating...",
    "downloadedBytes": 202664,
    "totalDownloadBytes": 510845,
    "uploadedBytes": 0,
    "totalUploadBytes": 510845,
    "currentShardIndex": 0,
    "totalShards": 0,
    "errors": [],
    "startTime": "2025-04-10T10:25:40.828Z",
    "currentFile": "images1/HarshSinghResume.pdf",
    "totalBatches": 1
  }
}
{
  "timestamp": "2025-04-10T10:25:59.693Z",
  "message": "Progress Update",
  "data": {
    "status": "downloading",
    "phase": "download",
    "percentage": 0,
    "totalFiles": 5,
    "completedFiles": 0,
    "failedFiles": 0,
    "remainingFiles": 5,
    "elapsedTime": 19.043,
    "totalBytes": 1021690,
    "processedBytes": 0,
    "bytesUploaded": 0,
    "uploadedSize": "0 B",
    "downloadSpeed": 0,
    "uploadSpeed": 0,
    "estimatedTimeRemaining": "Calculating...",
    "downloadedBytes": 33321,
    "totalDownloadBytes": 510845,
    "uploadedBytes": 0,
    "totalUploadBytes": 510845,
    "currentShardIndex": 0,
    "totalShards": 0,
    "errors": [],
    "startTime": "2025-04-10T10:25:40.828Z",
    "currentFile": "images1/0.png",
    "totalBatches": 1
  }
}
{
  "timestamp": "2025-04-10T10:25:59.695Z",
  "message": "Progress Update",
  "data": {
    "status": "downloading",
    "phase": "download",
    "percentage": 0,
    "totalFiles": 5,
    "completedFiles": 0,
    "failedFiles": 0,
    "remainingFiles": 5,
    "elapsedTime": 19.045,
    "totalBytes": 1021690,
    "processedBytes": 0,
    "bytesUploaded": 0,
    "uploadedSize": "0 B",
    "downloadSpeed": 0,
    "uploadSpeed": 0,
    "estimatedTimeRemaining": "Calculating...",
    "downloadedBytes": 34345,
    "totalDownloadBytes": 510845,
    "uploadedBytes": 0,
    "totalUploadBytes": 510845,
    "currentShardIndex": 0,
    "totalShards": 0,
    "errors": [],
    "startTime": "2025-04-10T10:25:40.828Z",
    "currentFile": "images1/0.png",
    "totalBatches": 1
  }
}
{
  "timestamp": "2025-04-10T10:25:59.697Z",
  "message": "Progress Update",
  "data": {
    "status": "downloading",
    "phase": "download",
    "percentage": 0,
    "totalFiles": 5,
    "completedFiles": 0,
    "failedFiles": 0,
    "remainingFiles": 5,
    "elapsedTime": 19.047,
    "totalBytes": 1021690,
    "processedBytes": 0,
    "bytesUploaded": 0,
    "uploadedSize": "0 B",
    "downloadSpeed": 0,
    "uploadSpeed": 0,
    "estimatedTimeRemaining": "Calculating...",
    "downloadedBytes": 50729,
    "totalDownloadBytes": 510845,
    "uploadedBytes": 0,
    "totalUploadBytes": 510845,
    "currentShardIndex": 0,
    "totalShards": 0,
    "errors": [],
    "startTime": "2025-04-10T10:25:40.828Z",
    "currentFile": "images1/0.png",
    "totalBatches": 1
  }
}
{
  "timestamp": "2025-04-10T10:25:59.698Z",
  "message": "Progress Update",
  "data": {
    "status": "downloading",
    "phase": "download",
    "percentage": 0,
    "totalFiles": 5,
    "completedFiles": 0,
    "failedFiles": 0,
    "remainingFiles": 5,
    "elapsedTime": 19.048,
    "totalBytes": 1021690,
    "processedBytes": 0,
    "bytesUploaded": 0,
    "uploadedSize": "0 B",
    "downloadSpeed": 0,
    "uploadSpeed": 0,
    "estimatedTimeRemaining": "Calculating...",
    "downloadedBytes": 51753,
    "totalDownloadBytes": 510845,
    "uploadedBytes": 0,
    "totalUploadBytes": 510845,
    "currentShardIndex": 0,
    "totalShards": 0,
    "errors": [],
    "startTime": "2025-04-10T10:25:40.828Z",
    "currentFile": "images1/0.png",
    "totalBatches": 1
  }
}
{
  "timestamp": "2025-04-10T10:25:59.701Z",
  "message": "Progress Update",
  "data": {
    "status": "downloading",
    "phase": "download",
    "percentage": 0,
    "totalFiles": 5,
    "completedFiles": 0,
    "failedFiles": 0,
    "remainingFiles": 5,
    "elapsedTime": 19.051,
    "totalBytes": 1021690,
    "processedBytes": 0,
    "bytesUploaded": 0,
    "uploadedSize": "0 B",
    "downloadSpeed": 0,
    "uploadSpeed": 0,
    "estimatedTimeRemaining": "Calculating...",
    "downloadedBytes": 53483,
    "totalDownloadBytes": 510845,
    "uploadedBytes": 0,
    "totalUploadBytes": 510845,
    "currentShardIndex": 0,
    "totalShards": 0,
    "errors": [],
    "startTime": "2025-04-10T10:25:40.828Z",
    "currentFile": "images1/0.png",
    "totalBatches": 1
  }
}
{
  "timestamp": "2025-04-10T10:25:59.807Z",
  "message": "Progress Update",
  "data": {
    "status": "downloading",
    "phase": "download",
    "percentage": 0,
    "totalFiles": 5,
    "completedFiles": 0,
    "failedFiles": 0,
    "remainingFiles": 5,
    "elapsedTime": 19.157,
    "totalBytes": 1021690,
    "processedBytes": 0,
    "bytesUploaded": 0,
    "uploadedSize": "0 B",
    "downloadSpeed": 0,
    "uploadSpeed": 0,
    "estimatedTimeRemaining": "Calculating...",
    "downloadedBytes": 69867,
    "totalDownloadBytes": 510845,
    "uploadedBytes": 0,
    "totalUploadBytes": 510845,
    "currentShardIndex": 0,
    "totalShards": 0,
    "errors": [],
    "startTime": "2025-04-10T10:25:40.828Z",
    "currentFile": "images1/0.png",
    "totalBatches": 1
  }
}
{
  "timestamp": "2025-04-10T10:25:59.811Z",
  "message": "Progress Update",
  "data": {
    "status": "downloading",
    "phase": "download",
    "percentage": 0,
    "totalFiles": 5,
    "completedFiles": 0,
    "failedFiles": 0,
    "remainingFiles": 5,
    "elapsedTime": 19.161,
    "totalBytes": 1021690,
    "processedBytes": 0,
    "bytesUploaded": 0,
    "uploadedSize": "0 B",
    "downloadSpeed": 0,
    "uploadSpeed": 0,
    "estimatedTimeRemaining": "Calculating...",
    "downloadedBytes": 70891,
    "totalDownloadBytes": 510845,
    "uploadedBytes": 0,
    "totalUploadBytes": 510845,
    "currentShardIndex": 0,
    "totalShards": 0,
    "errors": [],
    "startTime": "2025-04-10T10:25:40.828Z",
    "currentFile": "images1/0.png",
    "totalBatches": 1
  }
}
{
  "timestamp": "2025-04-10T10:26:00.057Z",
  "message": "Progress Update",
  "data": {
    "status": "downloading",
    "phase": "download",
    "percentage": 0,
    "totalFiles": 5,
    "completedFiles": 0,
    "failedFiles": 0,
    "remainingFiles": 5,
    "elapsedTime": 19.407,
    "totalBytes": 1021690,
    "processedBytes": 0,
    "bytesUploaded": 0,
    "uploadedSize": "0 B",
    "downloadSpeed": 0,
    "uploadSpeed": 0,
    "estimatedTimeRemaining": "Calculating...",
    "downloadedBytes": 87275,
    "totalDownloadBytes": 510845,
    "uploadedBytes": 0,
    "totalUploadBytes": 510845,
    "currentShardIndex": 0,
    "totalShards": 0,
    "errors": [],
    "startTime": "2025-04-10T10:25:40.828Z",
    "currentFile": "images1/0.png",
    "totalBatches": 1
  }
}
{
  "timestamp": "2025-04-10T10:26:00.139Z",
  "message": "Progress Update",
  "data": {
    "status": "downloading",
    "phase": "download",
    "percentage": 0,
    "totalFiles": 5,
    "completedFiles": 0,
    "failedFiles": 0,
    "remainingFiles": 5,
    "elapsedTime": 19.489,
    "totalBytes": 1021690,
    "processedBytes": 0,
    "bytesUploaded": 0,
    "uploadedSize": "0 B",
    "downloadSpeed": 0,
    "uploadSpeed": 0,
    "estimatedTimeRemaining": "Calculating...",
    "downloadedBytes": 88299,
    "totalDownloadBytes": 510845,
    "uploadedBytes": 0,
    "totalUploadBytes": 510845,
    "currentShardIndex": 0,
    "totalShards": 0,
    "errors": [],
    "startTime": "2025-04-10T10:25:40.828Z",
    "currentFile": "images1/0.png",
    "totalBatches": 1
  }
}
{
  "timestamp": "2025-04-10T10:26:00.374Z",
  "message": "Progress Update",
  "data": {
    "status": "downloading",
    "phase": "download",
    "percentage": 0,
    "totalFiles": 5,
    "completedFiles": 0,
    "failedFiles": 0,
    "remainingFiles": 5,
    "elapsedTime": 19.724,
    "totalBytes": 1021690,
    "processedBytes": 0,
    "bytesUploaded": 0,
    "uploadedSize": "0 B",
    "downloadSpeed": 0,
    "uploadSpeed": 0,
    "estimatedTimeRemaining": "Calculating...",
    "downloadedBytes": 104683,
    "totalDownloadBytes": 510845,
    "uploadedBytes": 0,
    "totalUploadBytes": 510845,
    "currentShardIndex": 0,
    "totalShards": 0,
    "errors": [],
    "startTime": "2025-04-10T10:25:40.828Z",
    "currentFile": "images1/0.png",
    "totalBatches": 1
  }
}
{
  "timestamp": "2025-04-10T10:26:00.376Z",
  "message": "Progress Update",
  "data": {
    "status": "downloading",
    "phase": "download",
    "percentage": 0,
    "totalFiles": 5,
    "completedFiles": 0,
    "failedFiles": 0,
    "remainingFiles": 5,
    "elapsedTime": 19.726,
    "totalBytes": 1021690,
    "processedBytes": 0,
    "bytesUploaded": 0,
    "uploadedSize": "0 B",
    "downloadSpeed": 0,
    "uploadSpeed": 0,
    "estimatedTimeRemaining": "Calculating...",
    "downloadedBytes": 105707,
    "totalDownloadBytes": 510845,
    "uploadedBytes": 0,
    "totalUploadBytes": 510845,
    "currentShardIndex": 0,
    "totalShards": 0,
    "errors": [],
    "startTime": "2025-04-10T10:25:40.828Z",
    "currentFile": "images1/0.png",
    "totalBatches": 1
  }
}
{
  "timestamp": "2025-04-10T10:26:00.452Z",
  "message": "Progress Update",
  "data": {
    "status": "downloading",
    "phase": "download",
    "percentage": 0,
    "totalFiles": 5,
    "completedFiles": 0,
    "failedFiles": 0,
    "remainingFiles": 5,
    "elapsedTime": 19.802,
    "totalBytes": 1021690,
    "processedBytes": 0,
    "bytesUploaded": 0,
    "uploadedSize": "0 B",
    "downloadSpeed": 0,
    "uploadSpeed": 0,
    "estimatedTimeRemaining": "Calculating...",
    "downloadedBytes": 122091,
    "totalDownloadBytes": 510845,
    "uploadedBytes": 0,
    "totalUploadBytes": 510845,
    "currentShardIndex": 0,
    "totalShards": 0,
    "errors": [],
    "startTime": "2025-04-10T10:25:40.828Z",
    "currentFile": "images1/0.png",
    "totalBatches": 1
  }
}
{
  "timestamp": "2025-04-10T10:26:00.454Z",
  "message": "Progress Update",
  "data": {
    "status": "downloading",
    "phase": "download",
    "percentage": 0,
    "totalFiles": 5,
    "completedFiles": 0,
    "failedFiles": 0,
    "remainingFiles": 5,
    "elapsedTime": 19.804,
    "totalBytes": 1021690,
    "processedBytes": 0,
    "bytesUploaded": 0,
    "uploadedSize": "0 B",
    "downloadSpeed": 0,
    "uploadSpeed": 0,
    "estimatedTimeRemaining": "Calculating...",
    "downloadedBytes": 123115,
    "totalDownloadBytes": 510845,
    "uploadedBytes": 0,
    "totalUploadBytes": 510845,
    "currentShardIndex": 0,
    "totalShards": 0,
    "errors": [],
    "startTime": "2025-04-10T10:25:40.828Z",
    "currentFile": "images1/0.png",
    "totalBatches": 1
  }
}
{
  "timestamp": "2025-04-10T10:26:00.689Z",
  "message": "Progress Update",
  "data": {
    "status": "downloading",
    "phase": "download",
    "percentage": 0,
    "totalFiles": 5,
    "completedFiles": 0,
    "failedFiles": 0,
    "remainingFiles": 5,
    "elapsedTime": 20.039,
    "totalBytes": 1021690,
    "processedBytes": 0,
    "bytesUploaded": 0,
    "uploadedSize": "0 B",
    "downloadSpeed": 0,
    "uploadSpeed": 0,
    "estimatedTimeRemaining": "Calculating...",
    "downloadedBytes": 139499,
    "totalDownloadBytes": 510845,
    "uploadedBytes": 0,
    "totalUploadBytes": 510845,
    "currentShardIndex": 0,
    "totalShards": 0,
    "errors": [],
    "startTime": "2025-04-10T10:25:40.828Z",
    "currentFile": "images1/0.png",
    "totalBatches": 1
  }
}
{
  "timestamp": "2025-04-10T10:26:00.691Z",
  "message": "Progress Update",
  "data": {
    "status": "downloading",
    "phase": "download",
    "percentage": 0,
    "totalFiles": 5,
    "completedFiles": 0,
    "failedFiles": 0,
    "remainingFiles": 5,
    "elapsedTime": 20.041,
    "totalBytes": 1021690,
    "processedBytes": 0,
    "bytesUploaded": 0,
    "uploadedSize": "0 B",
    "downloadSpeed": 0,
    "uploadSpeed": 0,
    "estimatedTimeRemaining": "Calculating...",
    "downloadedBytes": 140523,
    "totalDownloadBytes": 510845,
    "uploadedBytes": 0,
    "totalUploadBytes": 510845,
    "currentShardIndex": 0,
    "totalShards": 0,
    "errors": [],
    "startTime": "2025-04-10T10:25:40.828Z",
    "currentFile": "images1/0.png",
    "totalBatches": 1
  }
}
{
  "timestamp": "2025-04-10T10:26:00.693Z",
  "message": "Progress Update",
  "data": {
    "status": "downloading",
    "phase": "download",
    "percentage": 0,
    "totalFiles": 5,
    "completedFiles": 0,
    "failedFiles": 0,
    "remainingFiles": 5,
    "elapsedTime": 20.043,
    "totalBytes": 1021690,
    "processedBytes": 0,
    "bytesUploaded": 0,
    "uploadedSize": "0 B",
    "downloadSpeed": 0,
    "uploadSpeed": 0,
    "estimatedTimeRemaining": "Calculating...",
    "downloadedBytes": 156907,
    "totalDownloadBytes": 510845,
    "uploadedBytes": 0,
    "totalUploadBytes": 510845,
    "currentShardIndex": 0,
    "totalShards": 0,
    "errors": [],
    "startTime": "2025-04-10T10:25:40.828Z",
    "currentFile": "images1/0.png",
    "totalBatches": 1
  }
}
{
  "timestamp": "2025-04-10T10:26:00.694Z",
  "message": "Progress Update",
  "data": {
    "status": "downloading",
    "phase": "download",
    "percentage": 0,
    "totalFiles": 5,
    "completedFiles": 0,
    "failedFiles": 0,
    "remainingFiles": 5,
    "elapsedTime": 20.044,
    "totalBytes": 1021690,
    "processedBytes": 0,
    "bytesUploaded": 0,
    "uploadedSize": "0 B",
    "downloadSpeed": 0,
    "uploadSpeed": 0,
    "estimatedTimeRemaining": "Calculating...",
    "downloadedBytes": 157931,
    "totalDownloadBytes": 510845,
    "uploadedBytes": 0,
    "totalUploadBytes": 510845,
    "currentShardIndex": 0,
    "totalShards": 0,
    "errors": [],
    "startTime": "2025-04-10T10:25:40.828Z",
    "currentFile": "images1/0.png",
    "totalBatches": 1
  }
}
{
  "timestamp": "2025-04-10T10:26:01.022Z",
  "message": "Progress Update",
  "data": {
    "status": "downloading",
    "phase": "download",
    "percentage": 0,
    "totalFiles": 5,
    "completedFiles": 0,
    "failedFiles": 0,
    "remainingFiles": 5,
    "elapsedTime": 20.372,
    "totalBytes": 1021690,
    "processedBytes": 0,
    "bytesUploaded": 0,
    "uploadedSize": "0 B",
    "downloadSpeed": 0,
    "uploadSpeed": 0,
    "estimatedTimeRemaining": "Calculating...",
    "downloadedBytes": 174315,
    "totalDownloadBytes": 510845,
    "uploadedBytes": 0,
    "totalUploadBytes": 510845,
    "currentShardIndex": 0,
    "totalShards": 0,
    "errors": [],
    "startTime": "2025-04-10T10:25:40.828Z",
    "currentFile": "images1/0.png",
    "totalBatches": 1
  }
}
{
  "timestamp": "2025-04-10T10:26:01.025Z",
  "message": "Progress Update",
  "data": {
    "status": "downloading",
    "phase": "download",
    "percentage": 0,
    "totalFiles": 5,
    "completedFiles": 0,
    "failedFiles": 0,
    "remainingFiles": 5,
    "elapsedTime": 20.375,
    "totalBytes": 1021690,
    "processedBytes": 0,
    "bytesUploaded": 0,
    "uploadedSize": "0 B",
    "downloadSpeed": 0,
    "uploadSpeed": 0,
    "estimatedTimeRemaining": "Calculating...",
    "downloadedBytes": 175339,
    "totalDownloadBytes": 510845,
    "uploadedBytes": 0,
    "totalUploadBytes": 510845,
    "currentShardIndex": 0,
    "totalShards": 0,
    "errors": [],
    "startTime": "2025-04-10T10:25:40.828Z",
    "currentFile": "images1/0.png",
    "totalBatches": 1
  }
}
{
  "timestamp": "2025-04-10T10:26:01.035Z",
  "message": "Progress Update",
  "data": {
    "status": "downloading",
    "phase": "download",
    "percentage": 0,
    "totalFiles": 5,
    "completedFiles": 0,
    "failedFiles": 0,
    "remainingFiles": 5,
    "elapsedTime": 20.385,
    "totalBytes": 1021690,
    "processedBytes": 0,
    "bytesUploaded": 0,
    "uploadedSize": "0 B",
    "downloadSpeed": 0,
    "uploadSpeed": 0,
    "estimatedTimeRemaining": "Calculating...",
    "downloadedBytes": 191723,
    "totalDownloadBytes": 510845,
    "uploadedBytes": 0,
    "totalUploadBytes": 510845,
    "currentShardIndex": 0,
    "totalShards": 0,
    "errors": [],
    "startTime": "2025-04-10T10:25:40.828Z",
    "currentFile": "images1/0.png",
    "totalBatches": 1
  }
}
{
  "timestamp": "2025-04-10T10:26:01.037Z",
  "message": "Progress Update",
  "data": {
    "status": "downloading",
    "phase": "download",
    "percentage": 0,
    "totalFiles": 5,
    "completedFiles": 0,
    "failedFiles": 0,
    "remainingFiles": 5,
    "elapsedTime": 20.387,
    "totalBytes": 1021690,
    "processedBytes": 0,
    "bytesUploaded": 0,
    "uploadedSize": "0 B",
    "downloadSpeed": 0,
    "uploadSpeed": 0,
    "estimatedTimeRemaining": "Calculating...",
    "downloadedBytes": 192747,
    "totalDownloadBytes": 510845,
    "uploadedBytes": 0,
    "totalUploadBytes": 510845,
    "currentShardIndex": 0,
    "totalShards": 0,
    "errors": [],
    "startTime": "2025-04-10T10:25:40.828Z",
    "currentFile": "images1/0.png",
    "totalBatches": 1
  }
}
{
  "timestamp": "2025-04-10T10:26:01.081Z",
  "message": "Progress Update",
  "data": {
    "status": "downloading",
    "phase": "download",
    "percentage": 0,
    "totalFiles": 5,
    "completedFiles": 0,
    "failedFiles": 0,
    "remainingFiles": 5,
    "elapsedTime": 20.431,
    "totalBytes": 1021690,
    "processedBytes": 0,
    "bytesUploaded": 0,
    "uploadedSize": "0 B",
    "downloadSpeed": 0,
    "uploadSpeed": 0,
    "estimatedTimeRemaining": "Calculating...",
    "downloadedBytes": 209131,
    "totalDownloadBytes": 510845,
    "uploadedBytes": 0,
    "totalUploadBytes": 510845,
    "currentShardIndex": 0,
    "totalShards": 0,
    "errors": [],
    "startTime": "2025-04-10T10:25:40.828Z",
    "currentFile": "images1/0.png",
    "totalBatches": 1
  }
}
{
  "timestamp": "2025-04-10T10:26:01.082Z",
  "message": "Progress Update",
  "data": {
    "status": "downloading",
    "phase": "download",
    "percentage": 0,
    "totalFiles": 5,
    "completedFiles": 0,
    "failedFiles": 0,
    "remainingFiles": 5,
    "elapsedTime": 20.432,
    "totalBytes": 1021690,
    "processedBytes": 0,
    "bytesUploaded": 0,
    "uploadedSize": "0 B",
    "downloadSpeed": 0,
    "uploadSpeed": 0,
    "estimatedTimeRemaining": "Calculating...",
    "downloadedBytes": 210155,
    "totalDownloadBytes": 510845,
    "uploadedBytes": 0,
    "totalUploadBytes": 510845,
    "currentShardIndex": 0,
    "totalShards": 0,
    "errors": [],
    "startTime": "2025-04-10T10:25:40.828Z",
    "currentFile": "images1/0.png",
    "totalBatches": 1
  }
}
{
  "timestamp": "2025-04-10T10:26:01.362Z",
  "message": "Progress Update",
  "data": {
    "status": "downloading",
    "phase": "download",
    "percentage": 0,
    "totalFiles": 5,
    "completedFiles": 0,
    "failedFiles": 0,
    "remainingFiles": 5,
    "elapsedTime": 20.712,
    "totalBytes": 1021690,
    "processedBytes": 0,
    "bytesUploaded": 0,
    "uploadedSize": "0 B",
    "downloadSpeed": 0,
    "uploadSpeed": 0,
    "estimatedTimeRemaining": "Calculating...",
    "downloadedBytes": 226539,
    "totalDownloadBytes": 510845,
    "uploadedBytes": 0,
    "totalUploadBytes": 510845,
    "currentShardIndex": 0,
    "totalShards": 0,
    "errors": [],
    "startTime": "2025-04-10T10:25:40.828Z",
    "currentFile": "images1/0.png",
    "totalBatches": 1
  }
}
{
  "timestamp": "2025-04-10T10:26:01.363Z",
  "message": "Progress Update",
  "data": {
    "status": "downloading",
    "phase": "download",
    "percentage": 0,
    "totalFiles": 5,
    "completedFiles": 0,
    "failedFiles": 0,
    "remainingFiles": 5,
    "elapsedTime": 20.713,
    "totalBytes": 1021690,
    "processedBytes": 0,
    "bytesUploaded": 0,
    "uploadedSize": "0 B",
    "downloadSpeed": 0,
    "uploadSpeed": 0,
    "estimatedTimeRemaining": "Calculating...",
    "downloadedBytes": 227563,
    "totalDownloadBytes": 510845,
    "uploadedBytes": 0,
    "totalUploadBytes": 510845,
    "currentShardIndex": 0,
    "totalShards": 0,
    "errors": [],
    "startTime": "2025-04-10T10:25:40.828Z",
    "currentFile": "images1/0.png",
    "totalBatches": 1
  }
}
{
  "timestamp": "2025-04-10T10:26:01.364Z",
  "message": "Progress Update",
  "data": {
    "status": "downloading",
    "phase": "download",
    "percentage": 0,
    "totalFiles": 5,
    "completedFiles": 0,
    "failedFiles": 0,
    "remainingFiles": 5,
    "elapsedTime": 20.714,
    "totalBytes": 1021690,
    "processedBytes": 0,
    "bytesUploaded": 0,
    "uploadedSize": "0 B",
    "downloadSpeed": 0,
    "uploadSpeed": 0,
    "estimatedTimeRemaining": "Calculating...",
    "downloadedBytes": 243947,
    "totalDownloadBytes": 510845,
    "uploadedBytes": 0,
    "totalUploadBytes": 510845,
    "currentShardIndex": 0,
    "totalShards": 0,
    "errors": [],
    "startTime": "2025-04-10T10:25:40.828Z",
    "currentFile": "images1/0.png",
    "totalBatches": 1
  }
}
{
  "timestamp": "2025-04-10T10:26:01.365Z",
  "message": "Progress Update",
  "data": {
    "status": "downloading",
    "phase": "download",
    "percentage": 0,
    "totalFiles": 5,
    "completedFiles": 0,
    "failedFiles": 0,
    "remainingFiles": 5,
    "elapsedTime": 20.715,
    "totalBytes": 1021690,
    "processedBytes": 0,
    "bytesUploaded": 0,
    "uploadedSize": "0 B",
    "downloadSpeed": 0,
    "uploadSpeed": 0,
    "estimatedTimeRemaining": "Calculating...",
    "downloadedBytes": 244971,
    "totalDownloadBytes": 510845,
    "uploadedBytes": 0,
    "totalUploadBytes": 510845,
    "currentShardIndex": 0,
    "totalShards": 0,
    "errors": [],
    "startTime": "2025-04-10T10:25:40.828Z",
    "currentFile": "images1/0.png",
    "totalBatches": 1
  }
}
{
  "timestamp": "2025-04-10T10:26:01.380Z",
  "message": "Progress Update",
  "data": {
    "status": "downloading",
    "phase": "download",
    "percentage": 0,
    "totalFiles": 5,
    "completedFiles": 0,
    "failedFiles": 0,
    "remainingFiles": 5,
    "elapsedTime": 20.73,
    "totalBytes": 1021690,
    "processedBytes": 0,
    "bytesUploaded": 0,
    "uploadedSize": "0 B",
    "downloadSpeed": 0,
    "uploadSpeed": 0,
    "estimatedTimeRemaining": "Calculating...",
    "downloadedBytes": 251145,
    "totalDownloadBytes": 510845,
    "uploadedBytes": 0,
    "totalUploadBytes": 510845,
    "currentShardIndex": 0,
    "totalShards": 0,
    "errors": [],
    "startTime": "2025-04-10T10:25:40.828Z",
    "currentFile": "images1/0.png",
    "totalBatches": 1
  }
}
{
  "timestamp": "2025-04-10T10:26:01.893Z",
  "message": "Progress Update",
  "data": {
    "status": "uploading",
    "phase": "upload",
    "percentage": 0,
    "totalFiles": 5,
    "completedFiles": 0,
    "failedFiles": 0,
    "remainingFiles": 5,
    "elapsedTime": 21.243,
    "totalBytes": 1021690,
    "processedBytes": 0,
    "bytesUploaded": 0,
    "uploadedSize": "0 B",
    "downloadSpeed": 0,
    "uploadSpeed": 0,
    "estimatedTimeRemaining": "Calculating...",
    "downloadedBytes": 251145,
    "totalDownloadBytes": 510845,
    "uploadedBytes": 0,
    "totalUploadBytes": 510845,
    "currentShardIndex": 0,
    "totalShards": 0,
    "errors": [],
    "startTime": "2025-04-10T10:25:40.828Z",
    "currentFile": "images1/0.png",
    "totalBatches": 1
  }
}
{
  "timestamp": "2025-04-10T10:26:13.541Z",
  "message": "Progress Update",
  "data": {
    "status": "completed",
    "phase": "completed",
    "percentage": 0,
    "totalFiles": 5,
    "completedFiles": 5,
    "failedFiles": 0,
    "remainingFiles": 0,
    "elapsedTime": 32.891,
    "totalBytes": 1021690,
    "processedBytes": 1021690,
    "bytesUploaded": 1021690,
    "uploadedSize": "997.74 KB",
    "downloadSpeed": 0,
    "uploadSpeed": 0,
    "estimatedTimeRemaining": "Complete",
    "downloadedBytes": 251145,
    "totalDownloadBytes": 510845,
    "uploadedBytes": 0,
    "totalUploadBytes": 510845,
    "currentShardIndex": 0,
    "totalShards": 0,
    "errors": [],
    "startTime": "2025-04-10T10:25:40.828Z",
    "currentFile": "images1/0.png",
    "totalBatches": 1,
    "endTime": "2025-04-10T10:26:13.540Z"
  }
}
{
  "timestamp": "2025-04-10T10:26:13.543Z",
  "message": "Migration session ended"
}
