[2025-03-26T23:37:34.557Z] Migration started
[2025-03-26T23:37:36.179Z] Progress update
{
  "phase": "preparing",
  "status": "preparing",
  "percentage": "0.00%",
  "completedFiles": "0/5",
  "bytesUploaded": "0 B/0 B",
  "transferProgress": {
    "bytesTransferred": 0,
    "bytesTotal": 0,
    "percentage": 0,
    "speed": "0 B/s",
    "estimatedTimeRemaining": "Calculating..."
  }
}
[2025-03-26T23:37:36.290Z] Phase changed from preparing to download
[2025-03-26T23:37:36.291Z] Progress update
{
  "phase": "download",
  "status": "downloading",
  "percentage": "0.00%",
  "completedFiles": "0/5",
  "bytesUploaded": "0 B/0 B",
  "transferProgress": {
    "bytesTransferred": 0,
    "bytesTotal": 0,
    "percentage": 0,
    "speed": "0 B/s",
    "estimatedTimeRemaining": "Calculating..."
  }
}
[2025-03-26T23:37:46.965Z] Progress update
{
  "phase": "download",
  "status": "downloading",
  "percentage": "0.00%",
  "completedFiles": "0/5",
  "bytesUploaded": "0 B/997.74 KB",
  "transferProgress": {
    "bytesTransferred": 0,
    "bytesTotal": 510845,
    "percentage": 0,
    "speed": "0 B/s",
    "estimatedTimeRemaining": "Calculating..."
  }
}
[2025-03-26T23:37:48.347Z] Progress update
{
  "phase": "download",
  "status": "downloading",
  "percentage": "0.00%",
  "completedFiles": "0/5",
  "bytesUploaded": "0 B/997.74 KB",
  "transferProgress": {
    "bytesTransferred": 0,
    "bytesTotal": 510845,
    "percentage": 0,
    "speed": "0 B/s",
    "estimatedTimeRemaining": "Calculating..."
  }
}
[2025-03-26T23:37:48.616Z] Progress update
{
  "phase": "download",
  "status": "downloading",
  "percentage": "3.26%",
  "completedFiles": "0/5",
  "bytesUploaded": "0 B/997.74 KB",
  "transferProgress": {
    "bytesTransferred": 33321,
    "bytesTotal": 510845,
    "percentage": 6.522722156427097,
    "speed": "2.64 KB/s",
    "estimatedTimeRemaining": "2m 56s remaining"
  }
}
[2025-03-26T23:37:48.830Z] Progress update
{
  "phase": "download",
  "status": "downloading",
  "percentage": "6.77%",
  "completedFiles": "0/5",
  "bytesUploaded": "0 B/997.74 KB",
  "transferProgress": {
    "bytesTransferred": 69161,
    "bytesTotal": 510845,
    "percentage": 13.538548874903347,
    "speed": "5.39 KB/s",
    "estimatedTimeRemaining": "1m 20s remaining"
  }
}
[2025-03-26T23:37:49.100Z] Progress update
{
  "phase": "download",
  "status": "downloading",
  "percentage": "1.60%",
  "completedFiles": "0/5",
  "bytesUploaded": "0 B/997.74 KB",
  "transferProgress": {
    "bytesTransferred": 16384,
    "bytesTotal": 510845,
    "percentage": 3.2072350713034283,
    "speed": "1.25 KB/s",
    "estimatedTimeRemaining": "6m 26s remaining"
  }
}
[2025-03-26T23:37:49.370Z] Progress update
{
  "phase": "download",
  "status": "downloading",
  "percentage": "4.96%",
  "completedFiles": "0/5",
  "bytesUploaded": "0 B/997.74 KB",
  "transferProgress": {
    "bytesTransferred": 50723,
    "bytesTotal": 510845,
    "percentage": 9.929234895124745,
    "speed": "3.79 KB/s",
    "estimatedTimeRemaining": "1m 58s remaining"
  }
}
[2025-03-26T23:37:49.603Z] Progress update
{
  "phase": "download",
  "status": "downloading",
  "percentage": "8.47%",
  "completedFiles": "0/5",
  "bytesUploaded": "0 B/997.74 KB",
  "transferProgress": {
    "bytesTransferred": 86563,
    "bytesTotal": 510845,
    "percentage": 16.945061613600995,
    "speed": "6.35 KB/s",
    "estimatedTimeRemaining": "1m 5s remaining"
  }
}
[2025-03-26T23:37:49.895Z] Progress update
{
  "phase": "download",
  "status": "downloading",
  "percentage": "16.89%",
  "completedFiles": "0/5",
  "bytesUploaded": "0 B/997.74 KB",
  "transferProgress": {
    "bytesTransferred": 172579,
    "bytesTotal": 510845,
    "percentage": 33.78304573794399,
    "speed": "12.39 KB/s",
    "estimatedTimeRemaining": "26s remaining"
  }
}
[2025-03-26T23:37:50.422Z] Phase changed from download to upload
[2025-03-26T23:37:50.422Z] Progress update
{
  "phase": "upload",
  "status": "uploading",
  "percentage": "19.84%",
  "completedFiles": "0/5",
  "bytesUploaded": "0 B/997.74 KB",
  "transferProgress": {
    "bytesTransferred": 0,
    "bytesTotal": 510845,
    "percentage": 0,
    "speed": "0 B/s",
    "estimatedTimeRemaining": "Calculating..."
  }
}
[2025-03-26T23:38:01.963Z] Phase changed from upload to preparing
[2025-03-26T23:38:01.963Z] Progress update
{
  "phase": "preparing",
  "status": "completed",
  "percentage": "19.84%",
  "completedFiles": "5/5",
  "bytesUploaded": "0 B/997.74 KB",
  "transferProgress": {
    "bytesTransferred": 0,
    "bytesTotal": 510845,
    "percentage": 0,
    "speed": "0 B/s",
    "estimatedTimeRemaining": "Calculating..."
  }
}
[2025-03-26T23:38:01.968Z] Migration session ended
