{
  "timestamp": "2025-03-27T11:20:35.542Z",
  "message": "Migration started",
  "data": {
    "status": "preparing",
    "phase": "preparing",
    "percentage": 0,
    "totalFiles": 0,
    "completedFiles": 0,
    "failedFiles": 0,
    "remainingFiles": 0,
    "elapsedTime": 0,
    "totalBytes": 0,
    "processedBytes": 0,
    "bytesUploaded": 0,
    "uploadedSize": "0 B",
    "downloadSpeed": 0,
    "uploadSpeed": 0,
    "estimatedTimeRemaining": "Calculating...",
    "downloadedBytes": 0,
    "totalDownloadBytes": 0,
    "uploadedBytes": 0,
    "totalUploadBytes": 0,
    "currentShardIndex": 0,
    "totalShards": 0,
    "errors": []
  }
}
{
  "timestamp": "2025-03-27T11:20:38.806Z",
  "message": "Progress Update",
  "data": {
    "status": "preparing",
    "phase": "preparing",
    "percentage": 0,
    "totalFiles": 5,
    "completedFiles": 0,
    "failedFiles": 0,
    "remainingFiles": 5,
    "elapsedTime": 3.267,
    "totalBytes": 0,
    "processedBytes": 0,
    "bytesUploaded": 0,
    "uploadedSize": "0 B",
    "downloadSpeed": 0,
    "uploadSpeed": 0,
    "estimatedTimeRemaining": "Calculating...",
    "downloadedBytes": 0,
    "totalDownloadBytes": 0,
    "uploadedBytes": 0,
    "totalUploadBytes": 0,
    "currentShardIndex": 0,
    "totalShards": 0,
    "errors": [],
    "startTime": "2025-03-27T11:20:35.846Z",
    "currentFile": "images",
    "totalBatches": 1
  }
}
{
  "timestamp": "2025-03-27T11:20:39.072Z",
  "message": "Progress Update",
  "data": {
    "status": "downloading",
    "phase": "download",
    "percentage": 0,
    "totalFiles": 5,
    "completedFiles": 0,
    "failedFiles": 0,
    "remainingFiles": 5,
    "elapsedTime": 3.534,
    "totalBytes": 0,
    "processedBytes": 0,
    "bytesUploaded": 0,
    "uploadedSize": "0 B",
    "downloadSpeed": 0,
    "uploadSpeed": 0,
    "estimatedTimeRemaining": "Calculating...",
    "downloadedBytes": 0,
    "totalDownloadBytes": 0,
    "uploadedBytes": 0,
    "totalUploadBytes": 0,
    "currentShardIndex": 0,
    "totalShards": 0,
    "errors": [],
    "startTime": "2025-03-27T11:20:35.846Z",
    "currentFile": "images",
    "totalBatches": 1
  }
}
{
  "timestamp": "2025-03-27T11:20:47.797Z",
  "message": "Progress Update",
  "data": {
    "status": "downloading",
    "phase": "download",
    "percentage": 0,
    "totalFiles": 5,
    "completedFiles": 0,
    "failedFiles": 0,
    "remainingFiles": 5,
    "elapsedTime": 12.259,
    "totalBytes": 1021690,
    "processedBytes": 0,
    "bytesUploaded": 0,
    "uploadedSize": "0 B",
    "downloadSpeed": 0,
    "uploadSpeed": 0,
    "estimatedTimeRemaining": "Calculating...",
    "downloadedBytes": 0,
    "totalDownloadBytes": 510845,
    "uploadedBytes": 0,
    "totalUploadBytes": 510845,
    "currentShardIndex": 0,
    "totalShards": 0,
    "errors": [],
    "startTime": "2025-03-27T11:20:35.846Z",
    "currentFile": "images",
    "totalBatches": 1
  }
}
{
  "timestamp": "2025-03-27T11:20:47.804Z",
  "message": "Progress Update",
  "data": {
    "status": "downloading",
    "phase": "download",
    "percentage": 0,
    "totalFiles": 5,
    "completedFiles": 0,
    "failedFiles": 0,
    "remainingFiles": 5,
    "elapsedTime": 12.266,
    "totalBytes": 1021690,
    "processedBytes": 0,
    "bytesUploaded": 0,
    "uploadedSize": "0 B",
    "downloadSpeed": 0,
    "uploadSpeed": 0,
    "estimatedTimeRemaining": "Calculating...",
    "downloadedBytes": 0,
    "totalDownloadBytes": 510845,
    "uploadedBytes": 0,
    "totalUploadBytes": 510845,
    "currentShardIndex": 0,
    "totalShards": 0,
    "errors": [],
    "startTime": "2025-03-27T11:20:35.846Z",
    "currentFile": "Batch 1/1",
    "totalBatches": 1
  }
}
{
  "timestamp": "2025-03-27T11:20:48.652Z",
  "message": "Progress Update",
  "data": {
    "status": "downloading",
    "phase": "download",
    "percentage": 0,
    "totalFiles": 5,
    "completedFiles": 0,
    "failedFiles": 0,
    "remainingFiles": 5,
    "elapsedTime": 13.114,
    "totalBytes": 1021690,
    "processedBytes": 0,
    "bytesUploaded": 0,
    "uploadedSize": "0 B",
    "downloadSpeed": 0,
    "uploadSpeed": 0,
    "estimatedTimeRemaining": "Calculating...",
    "downloadedBytes": 0,
    "totalDownloadBytes": 510845,
    "uploadedBytes": 0,
    "totalUploadBytes": 510845,
    "currentShardIndex": 0,
    "totalShards": 0,
    "errors": [],
    "startTime": "2025-03-27T11:20:35.846Z",
    "currentFile": "Batch 1/1",
    "totalBatches": 1
  }
}
{
  "timestamp": "2025-03-27T11:20:48.654Z",
  "message": "Progress Update",
  "data": {
    "status": "downloading",
    "phase": "download",
    "percentage": 0,
    "totalFiles": 5,
    "completedFiles": 0,
    "failedFiles": 0,
    "remainingFiles": 5,
    "elapsedTime": 13.116,
    "totalBytes": 1021690,
    "processedBytes": 0,
    "bytesUploaded": 0,
    "uploadedSize": "0 B",
    "downloadSpeed": 0,
    "uploadSpeed": 0,
    "estimatedTimeRemaining": "Calculating...",
    "downloadedBytes": 8483,
    "totalDownloadBytes": 510845,
    "uploadedBytes": 0,
    "totalUploadBytes": 510845,
    "currentShardIndex": 0,
    "totalShards": 0,
    "errors": [],
    "startTime": "2025-03-27T11:20:35.846Z",
    "currentFile": "images1/3.avif",
    "totalBatches": 1
  }
}
{
  "timestamp": "2025-03-27T11:20:48.657Z",
  "message": "Progress Update",
  "data": {
    "status": "downloading",
    "phase": "download",
    "percentage": 0,
    "totalFiles": 5,
    "completedFiles": 0,
    "failedFiles": 0,
    "remainingFiles": 5,
    "elapsedTime": 13.119,
    "totalBytes": 1021690,
    "processedBytes": 0,
    "bytesUploaded": 0,
    "uploadedSize": "0 B",
    "downloadSpeed": 0,
    "uploadSpeed": 0,
    "estimatedTimeRemaining": "Calculating...",
    "downloadedBytes": 19087,
    "totalDownloadBytes": 510845,
    "uploadedBytes": 0,
    "totalUploadBytes": 510845,
    "currentShardIndex": 0,
    "totalShards": 0,
    "errors": [],
    "startTime": "2025-03-27T11:20:35.846Z",
    "currentFile": "images1/3.avif",
    "totalBatches": 1
  }
}
{
  "timestamp": "2025-03-27T11:20:49.417Z",
  "message": "Progress Update",
  "data": {
    "status": "downloading",
    "phase": "download",
    "percentage": 0,
    "totalFiles": 5,
    "completedFiles": 0,
    "failedFiles": 0,
    "remainingFiles": 5,
    "elapsedTime": 13.879,
    "totalBytes": 1021690,
    "processedBytes": 0,
    "bytesUploaded": 0,
    "uploadedSize": "0 B",
    "downloadSpeed": 0,
    "uploadSpeed": 0,
    "estimatedTimeRemaining": "Calculating...",
    "downloadedBytes": 19087,
    "totalDownloadBytes": 510845,
    "uploadedBytes": 0,
    "totalUploadBytes": 510845,
    "currentShardIndex": 0,
    "totalShards": 0,
    "errors": [],
    "startTime": "2025-03-27T11:20:35.846Z",
    "currentFile": "images1/3.avif",
    "totalBatches": 1
  }
}
{
  "timestamp": "2025-03-27T11:20:49.420Z",
  "message": "Progress Update",
  "data": {
    "status": "downloading",
    "phase": "download",
    "percentage": 0,
    "totalFiles": 5,
    "completedFiles": 0,
    "failedFiles": 0,
    "remainingFiles": 5,
    "elapsedTime": 13.882,
    "totalBytes": 1021690,
    "processedBytes": 0,
    "bytesUploaded": 0,
    "uploadedSize": "0 B",
    "downloadSpeed": 0,
    "uploadSpeed": 0,
    "estimatedTimeRemaining": "Calculating...",
    "downloadedBytes": 8483,
    "totalDownloadBytes": 510845,
    "uploadedBytes": 0,
    "totalUploadBytes": 510845,
    "currentShardIndex": 0,
    "totalShards": 0,
    "errors": [],
    "startTime": "2025-03-27T11:20:35.846Z",
    "currentFile": "images1/2.avif",
    "totalBatches": 1
  }
}
{
  "timestamp": "2025-03-27T11:20:49.425Z",
  "message": "Progress Update",
  "data": {
    "status": "downloading",
    "phase": "download",
    "percentage": 0,
    "totalFiles": 5,
    "completedFiles": 0,
    "failedFiles": 0,
    "remainingFiles": 5,
    "elapsedTime": 13.887,
    "totalBytes": 1021690,
    "processedBytes": 0,
    "bytesUploaded": 0,
    "uploadedSize": "0 B",
    "downloadSpeed": 0,
    "uploadSpeed": 0,
    "estimatedTimeRemaining": "Calculating...",
    "downloadedBytes": 17449,
    "totalDownloadBytes": 510845,
    "uploadedBytes": 0,
    "totalUploadBytes": 510845,
    "currentShardIndex": 0,
    "totalShards": 0,
    "errors": [],
    "startTime": "2025-03-27T11:20:35.846Z",
    "currentFile": "images1/2.avif",
    "totalBatches": 1
  }
}
{
  "timestamp": "2025-03-27T11:20:49.434Z",
  "message": "Progress Update",
  "data": {
    "status": "downloading",
    "phase": "download",
    "percentage": 0,
    "totalFiles": 5,
    "completedFiles": 0,
    "failedFiles": 0,
    "remainingFiles": 5,
    "elapsedTime": 13.896,
    "totalBytes": 1021690,
    "processedBytes": 0,
    "bytesUploaded": 0,
    "uploadedSize": "0 B",
    "downloadSpeed": 0,
    "uploadSpeed": 0,
    "estimatedTimeRemaining": "Calculating...",
    "downloadedBytes": 17449,
    "totalDownloadBytes": 510845,
    "uploadedBytes": 0,
    "totalUploadBytes": 510845,
    "currentShardIndex": 0,
    "totalShards": 0,
    "errors": [],
    "startTime": "2025-03-27T11:20:35.846Z",
    "currentFile": "images1/2.avif",
    "totalBatches": 1
  }
}
{
  "timestamp": "2025-03-27T11:20:49.436Z",
  "message": "Progress Update",
  "data": {
    "status": "downloading",
    "phase": "download",
    "percentage": 0,
    "totalFiles": 5,
    "completedFiles": 0,
    "failedFiles": 0,
    "remainingFiles": 5,
    "elapsedTime": 13.898,
    "totalBytes": 1021690,
    "processedBytes": 0,
    "bytesUploaded": 0,
    "uploadedSize": "0 B",
    "downloadSpeed": 0,
    "uploadSpeed": 0,
    "estimatedTimeRemaining": "Calculating...",
    "downloadedBytes": 8483,
    "totalDownloadBytes": 510845,
    "uploadedBytes": 0,
    "totalUploadBytes": 510845,
    "currentShardIndex": 0,
    "totalShards": 0,
    "errors": [],
    "startTime": "2025-03-27T11:20:35.846Z",
    "currentFile": "images1/0.avif",
    "totalBatches": 1
  }
}
{
  "timestamp": "2025-03-27T11:20:49.438Z",
  "message": "Progress Update",
  "data": {
    "status": "downloading",
    "phase": "download",
    "percentage": 0,
    "totalFiles": 5,
    "completedFiles": 0,
    "failedFiles": 0,
    "remainingFiles": 5,
    "elapsedTime": 13.9,
    "totalBytes": 1021690,
    "processedBytes": 0,
    "bytesUploaded": 0,
    "uploadedSize": "0 B",
    "downloadSpeed": 0,
    "uploadSpeed": 0,
    "estimatedTimeRemaining": "Calculating...",
    "downloadedBytes": 17483,
    "totalDownloadBytes": 510845,
    "uploadedBytes": 0,
    "totalUploadBytes": 510845,
    "currentShardIndex": 0,
    "totalShards": 0,
    "errors": [],
    "startTime": "2025-03-27T11:20:35.846Z",
    "currentFile": "images1/0.avif",
    "totalBatches": 1
  }
}
{
  "timestamp": "2025-03-27T11:20:49.699Z",
  "message": "Progress Update",
  "data": {
    "status": "downloading",
    "phase": "download",
    "percentage": 0,
    "totalFiles": 5,
    "completedFiles": 0,
    "failedFiles": 0,
    "remainingFiles": 5,
    "elapsedTime": 14.161,
    "totalBytes": 1021690,
    "processedBytes": 0,
    "bytesUploaded": 0,
    "uploadedSize": "0 B",
    "downloadSpeed": 0,
    "uploadSpeed": 0,
    "estimatedTimeRemaining": "Calculating...",
    "downloadedBytes": 20500,
    "totalDownloadBytes": 510845,
    "uploadedBytes": 0,
    "totalUploadBytes": 510845,
    "currentShardIndex": 0,
    "totalShards": 0,
    "errors": [],
    "startTime": "2025-03-27T11:20:35.846Z",
    "currentFile": "images1/0.avif",
    "totalBatches": 1
  }
}
{
  "timestamp": "2025-03-27T11:20:49.726Z",
  "message": "Progress Update",
  "data": {
    "status": "downloading",
    "phase": "download",
    "percentage": 0,
    "totalFiles": 5,
    "completedFiles": 0,
    "failedFiles": 0,
    "remainingFiles": 5,
    "elapsedTime": 14.188,
    "totalBytes": 1021690,
    "processedBytes": 0,
    "bytesUploaded": 0,
    "uploadedSize": "0 B",
    "downloadSpeed": 0,
    "uploadSpeed": 0,
    "estimatedTimeRemaining": "Calculating...",
    "downloadedBytes": 20500,
    "totalDownloadBytes": 510845,
    "uploadedBytes": 0,
    "totalUploadBytes": 510845,
    "currentShardIndex": 0,
    "totalShards": 0,
    "errors": [],
    "startTime": "2025-03-27T11:20:35.846Z",
    "currentFile": "images1/0.avif",
    "totalBatches": 1
  }
}
{
  "timestamp": "2025-03-27T11:20:49.729Z",
  "message": "Progress Update",
  "data": {
    "status": "downloading",
    "phase": "download",
    "percentage": 0,
    "totalFiles": 5,
    "completedFiles": 0,
    "failedFiles": 0,
    "remainingFiles": 5,
    "elapsedTime": 14.191,
    "totalBytes": 1021690,
    "processedBytes": 0,
    "bytesUploaded": 0,
    "uploadedSize": "0 B",
    "downloadSpeed": 0,
    "uploadSpeed": 0,
    "estimatedTimeRemaining": "Calculating...",
    "downloadedBytes": 16384,
    "totalDownloadBytes": 510845,
    "uploadedBytes": 0,
    "totalUploadBytes": 510845,
    "currentShardIndex": 0,
    "totalShards": 0,
    "errors": [],
    "startTime": "2025-03-27T11:20:35.846Z",
    "currentFile": "images1/HarshSinghResume.pdf",
    "totalBatches": 1
  }
}
{
  "timestamp": "2025-03-27T11:20:49.732Z",
  "message": "Progress Update",
  "data": {
    "status": "downloading",
    "phase": "download",
    "percentage": 0,
    "totalFiles": 5,
    "completedFiles": 0,
    "failedFiles": 0,
    "remainingFiles": 5,
    "elapsedTime": 14.194,
    "totalBytes": 1021690,
    "processedBytes": 0,
    "bytesUploaded": 0,
    "uploadedSize": "0 B",
    "downloadSpeed": 0,
    "uploadSpeed": 0,
    "estimatedTimeRemaining": "Calculating...",
    "downloadedBytes": 16919,
    "totalDownloadBytes": 510845,
    "uploadedBytes": 0,
    "totalUploadBytes": 510845,
    "currentShardIndex": 0,
    "totalShards": 0,
    "errors": [],
    "startTime": "2025-03-27T11:20:35.846Z",
    "currentFile": "images1/HarshSinghResume.pdf",
    "totalBatches": 1
  }
}
{
  "timestamp": "2025-03-27T11:20:49.999Z",
  "message": "Progress Update",
  "data": {
    "status": "downloading",
    "phase": "download",
    "percentage": 0,
    "totalFiles": 5,
    "completedFiles": 0,
    "failedFiles": 0,
    "remainingFiles": 5,
    "elapsedTime": 14.461,
    "totalBytes": 1021690,
    "processedBytes": 0,
    "bytesUploaded": 0,
    "uploadedSize": "0 B",
    "downloadSpeed": 0,
    "uploadSpeed": 0,
    "estimatedTimeRemaining": "Calculating...",
    "downloadedBytes": 33303,
    "totalDownloadBytes": 510845,
    "uploadedBytes": 0,
    "totalUploadBytes": 510845,
    "currentShardIndex": 0,
    "totalShards": 0,
    "errors": [],
    "startTime": "2025-03-27T11:20:35.846Z",
    "currentFile": "images1/HarshSinghResume.pdf",
    "totalBatches": 1
  }
}
{
  "timestamp": "2025-03-27T11:20:50.003Z",
  "message": "Progress Update",
  "data": {
    "status": "downloading",
    "phase": "download",
    "percentage": 0,
    "totalFiles": 5,
    "completedFiles": 0,
    "failedFiles": 0,
    "remainingFiles": 5,
    "elapsedTime": 14.464,
    "totalBytes": 1021690,
    "processedBytes": 0,
    "bytesUploaded": 0,
    "uploadedSize": "0 B",
    "downloadSpeed": 0,
    "uploadSpeed": 0,
    "estimatedTimeRemaining": "Calculating...",
    "downloadedBytes": 34327,
    "totalDownloadBytes": 510845,
    "uploadedBytes": 0,
    "totalUploadBytes": 510845,
    "currentShardIndex": 0,
    "totalShards": 0,
    "errors": [],
    "startTime": "2025-03-27T11:20:35.846Z",
    "currentFile": "images1/HarshSinghResume.pdf",
    "totalBatches": 1
  }
}
{
  "timestamp": "2025-03-27T11:20:50.005Z",
  "message": "Progress Update",
  "data": {
    "status": "downloading",
    "phase": "download",
    "percentage": 0,
    "totalFiles": 5,
    "completedFiles": 0,
    "failedFiles": 0,
    "remainingFiles": 5,
    "elapsedTime": 14.467,
    "totalBytes": 1021690,
    "processedBytes": 0,
    "bytesUploaded": 0,
    "uploadedSize": "0 B",
    "downloadSpeed": 0,
    "uploadSpeed": 0,
    "estimatedTimeRemaining": "Calculating...",
    "downloadedBytes": 50711,
    "totalDownloadBytes": 510845,
    "uploadedBytes": 0,
    "totalUploadBytes": 510845,
    "currentShardIndex": 0,
    "totalShards": 0,
    "errors": [],
    "startTime": "2025-03-27T11:20:35.846Z",
    "currentFile": "images1/HarshSinghResume.pdf",
    "totalBatches": 1
  }
}
{
  "timestamp": "2025-03-27T11:20:50.009Z",
  "message": "Progress Update",
  "data": {
    "status": "downloading",
    "phase": "download",
    "percentage": 0,
    "totalFiles": 5,
    "completedFiles": 0,
    "failedFiles": 0,
    "remainingFiles": 5,
    "elapsedTime": 14.471,
    "totalBytes": 1021690,
    "processedBytes": 0,
    "bytesUploaded": 0,
    "uploadedSize": "0 B",
    "downloadSpeed": 0,
    "uploadSpeed": 0,
    "estimatedTimeRemaining": "Calculating...",
    "downloadedBytes": 51735,
    "totalDownloadBytes": 510845,
    "uploadedBytes": 0,
    "totalUploadBytes": 510845,
    "currentShardIndex": 0,
    "totalShards": 0,
    "errors": [],
    "startTime": "2025-03-27T11:20:35.846Z",
    "currentFile": "images1/HarshSinghResume.pdf",
    "totalBatches": 1
  }
}
{
  "timestamp": "2025-03-27T11:20:50.013Z",
  "message": "Progress Update",
  "data": {
    "status": "downloading",
    "phase": "download",
    "percentage": 0,
    "totalFiles": 5,
    "completedFiles": 0,
    "failedFiles": 0,
    "remainingFiles": 5,
    "elapsedTime": 14.475,
    "totalBytes": 1021690,
    "processedBytes": 0,
    "bytesUploaded": 0,
    "uploadedSize": "0 B",
    "downloadSpeed": 0,
    "uploadSpeed": 0,
    "estimatedTimeRemaining": "Calculating...",
    "downloadedBytes": 53465,
    "totalDownloadBytes": 510845,
    "uploadedBytes": 0,
    "totalUploadBytes": 510845,
    "currentShardIndex": 0,
    "totalShards": 0,
    "errors": [],
    "startTime": "2025-03-27T11:20:35.846Z",
    "currentFile": "images1/HarshSinghResume.pdf",
    "totalBatches": 1
  }
}
{
  "timestamp": "2025-03-27T11:20:50.015Z",
  "message": "Progress Update",
  "data": {
    "status": "downloading",
    "phase": "download",
    "percentage": 0,
    "totalFiles": 5,
    "completedFiles": 0,
    "failedFiles": 0,
    "remainingFiles": 5,
    "elapsedTime": 14.477,
    "totalBytes": 1021690,
    "processedBytes": 0,
    "bytesUploaded": 0,
    "uploadedSize": "0 B",
    "downloadSpeed": 0,
    "uploadSpeed": 0,
    "estimatedTimeRemaining": "Calculating...",
    "downloadedBytes": 62465,
    "totalDownloadBytes": 510845,
    "uploadedBytes": 0,
    "totalUploadBytes": 510845,
    "currentShardIndex": 0,
    "totalShards": 0,
    "errors": [],
    "startTime": "2025-03-27T11:20:35.846Z",
    "currentFile": "images1/HarshSinghResume.pdf",
    "totalBatches": 1
  }
}
{
  "timestamp": "2025-03-27T11:20:50.267Z",
  "message": "Progress Update",
  "data": {
    "status": "downloading",
    "phase": "download",
    "percentage": 0,
    "totalFiles": 5,
    "completedFiles": 0,
    "failedFiles": 0,
    "remainingFiles": 5,
    "elapsedTime": 14.729,
    "totalBytes": 1021690,
    "processedBytes": 0,
    "bytesUploaded": 0,
    "uploadedSize": "0 B",
    "downloadSpeed": 0,
    "uploadSpeed": 0,
    "estimatedTimeRemaining": "Calculating...",
    "downloadedBytes": 78849,
    "totalDownloadBytes": 510845,
    "uploadedBytes": 0,
    "totalUploadBytes": 510845,
    "currentShardIndex": 0,
    "totalShards": 0,
    "errors": [],
    "startTime": "2025-03-27T11:20:35.846Z",
    "currentFile": "images1/HarshSinghResume.pdf",
    "totalBatches": 1
  }
}
{
  "timestamp": "2025-03-27T11:20:50.270Z",
  "message": "Progress Update",
  "data": {
    "status": "downloading",
    "phase": "download",
    "percentage": 0,
    "totalFiles": 5,
    "completedFiles": 0,
    "failedFiles": 0,
    "remainingFiles": 5,
    "elapsedTime": 14.732,
    "totalBytes": 1021690,
    "processedBytes": 0,
    "bytesUploaded": 0,
    "uploadedSize": "0 B",
    "downloadSpeed": 0,
    "uploadSpeed": 0,
    "estimatedTimeRemaining": "Calculating...",
    "downloadedBytes": 79873,
    "totalDownloadBytes": 510845,
    "uploadedBytes": 0,
    "totalUploadBytes": 510845,
    "currentShardIndex": 0,
    "totalShards": 0,
    "errors": [],
    "startTime": "2025-03-27T11:20:35.846Z",
    "currentFile": "images1/HarshSinghResume.pdf",
    "totalBatches": 1
  }
}
{
  "timestamp": "2025-03-27T11:20:50.512Z",
  "message": "Progress Update",
  "data": {
    "status": "downloading",
    "phase": "download",
    "percentage": 0,
    "totalFiles": 5,
    "completedFiles": 0,
    "failedFiles": 0,
    "remainingFiles": 5,
    "elapsedTime": 14.974,
    "totalBytes": 1021690,
    "processedBytes": 0,
    "bytesUploaded": 0,
    "uploadedSize": "0 B",
    "downloadSpeed": 0,
    "uploadSpeed": 0,
    "estimatedTimeRemaining": "Calculating...",
    "downloadedBytes": 79873,
    "totalDownloadBytes": 510845,
    "uploadedBytes": 0,
    "totalUploadBytes": 510845,
    "currentShardIndex": 0,
    "totalShards": 0,
    "errors": [],
    "startTime": "2025-03-27T11:20:35.846Z",
    "currentFile": "images1/HarshSinghResume.pdf",
    "totalBatches": 1
  }
}
{
  "timestamp": "2025-03-27T11:20:50.514Z",
  "message": "Progress Update",
  "data": {
    "status": "downloading",
    "phase": "download",
    "percentage": 0,
    "totalFiles": 5,
    "completedFiles": 0,
    "failedFiles": 0,
    "remainingFiles": 5,
    "elapsedTime": 14.976,
    "totalBytes": 1021690,
    "processedBytes": 0,
    "bytesUploaded": 0,
    "uploadedSize": "0 B",
    "downloadSpeed": 0,
    "uploadSpeed": 0,
    "estimatedTimeRemaining": "Calculating...",
    "downloadedBytes": 16384,
    "totalDownloadBytes": 510845,
    "uploadedBytes": 0,
    "totalUploadBytes": 510845,
    "currentShardIndex": 0,
    "totalShards": 0,
    "errors": [],
    "startTime": "2025-03-27T11:20:35.846Z",
    "currentFile": "images1/0.png",
    "totalBatches": 1
  }
}
{
  "timestamp": "2025-03-27T11:20:50.516Z",
  "message": "Progress Update",
  "data": {
    "status": "downloading",
    "phase": "download",
    "percentage": 0,
    "totalFiles": 5,
    "completedFiles": 0,
    "failedFiles": 0,
    "remainingFiles": 5,
    "elapsedTime": 14.978,
    "totalBytes": 1021690,
    "processedBytes": 0,
    "bytesUploaded": 0,
    "uploadedSize": "0 B",
    "downloadSpeed": 0,
    "uploadSpeed": 0,
    "estimatedTimeRemaining": "Calculating...",
    "downloadedBytes": 16905,
    "totalDownloadBytes": 510845,
    "uploadedBytes": 0,
    "totalUploadBytes": 510845,
    "currentShardIndex": 0,
    "totalShards": 0,
    "errors": [],
    "startTime": "2025-03-27T11:20:35.846Z",
    "currentFile": "images1/0.png",
    "totalBatches": 1
  }
}
{
  "timestamp": "2025-03-27T11:20:50.533Z",
  "message": "Progress Update",
  "data": {
    "status": "downloading",
    "phase": "download",
    "percentage": 0,
    "totalFiles": 5,
    "completedFiles": 0,
    "failedFiles": 0,
    "remainingFiles": 5,
    "elapsedTime": 14.995,
    "totalBytes": 1021690,
    "processedBytes": 0,
    "bytesUploaded": 0,
    "uploadedSize": "0 B",
    "downloadSpeed": 0,
    "uploadSpeed": 0,
    "estimatedTimeRemaining": "Calculating...",
    "downloadedBytes": 96257,
    "totalDownloadBytes": 510845,
    "uploadedBytes": 0,
    "totalUploadBytes": 510845,
    "currentShardIndex": 0,
    "totalShards": 0,
    "errors": [],
    "startTime": "2025-03-27T11:20:35.846Z",
    "currentFile": "images1/HarshSinghResume.pdf",
    "totalBatches": 1
  }
}
{
  "timestamp": "2025-03-27T11:20:50.535Z",
  "message": "Progress Update",
  "data": {
    "status": "downloading",
    "phase": "download",
    "percentage": 0,
    "totalFiles": 5,
    "completedFiles": 0,
    "failedFiles": 0,
    "remainingFiles": 5,
    "elapsedTime": 14.997,
    "totalBytes": 1021690,
    "processedBytes": 0,
    "bytesUploaded": 0,
    "uploadedSize": "0 B",
    "downloadSpeed": 0,
    "uploadSpeed": 0,
    "estimatedTimeRemaining": "Calculating...",
    "downloadedBytes": 97281,
    "totalDownloadBytes": 510845,
    "uploadedBytes": 0,
    "totalUploadBytes": 510845,
    "currentShardIndex": 0,
    "totalShards": 0,
    "errors": [],
    "startTime": "2025-03-27T11:20:35.846Z",
    "currentFile": "images1/HarshSinghResume.pdf",
    "totalBatches": 1
  }
}
{
  "timestamp": "2025-03-27T11:20:50.536Z",
  "message": "Progress Update",
  "data": {
    "status": "downloading",
    "phase": "download",
    "percentage": 0,
    "totalFiles": 5,
    "completedFiles": 0,
    "failedFiles": 0,
    "remainingFiles": 5,
    "elapsedTime": 14.998,
    "totalBytes": 1021690,
    "processedBytes": 0,
    "bytesUploaded": 0,
    "uploadedSize": "0 B",
    "downloadSpeed": 0,
    "uploadSpeed": 0,
    "estimatedTimeRemaining": "Calculating...",
    "downloadedBytes": 113665,
    "totalDownloadBytes": 510845,
    "uploadedBytes": 0,
    "totalUploadBytes": 510845,
    "currentShardIndex": 0,
    "totalShards": 0,
    "errors": [],
    "startTime": "2025-03-27T11:20:35.846Z",
    "currentFile": "images1/HarshSinghResume.pdf",
    "totalBatches": 1
  }
}
{
  "timestamp": "2025-03-27T11:20:50.538Z",
  "message": "Progress Update",
  "data": {
    "status": "downloading",
    "phase": "download",
    "percentage": 0,
    "totalFiles": 5,
    "completedFiles": 0,
    "failedFiles": 0,
    "remainingFiles": 5,
    "elapsedTime": 15,
    "totalBytes": 1021690,
    "processedBytes": 0,
    "bytesUploaded": 0,
    "uploadedSize": "0 B",
    "downloadSpeed": 0,
    "uploadSpeed": 0,
    "estimatedTimeRemaining": "Calculating...",
    "downloadedBytes": 114689,
    "totalDownloadBytes": 510845,
    "uploadedBytes": 0,
    "totalUploadBytes": 510845,
    "currentShardIndex": 0,
    "totalShards": 0,
    "errors": [],
    "startTime": "2025-03-27T11:20:35.846Z",
    "currentFile": "images1/HarshSinghResume.pdf",
    "totalBatches": 1
  }
}
{
  "timestamp": "2025-03-27T11:20:50.545Z",
  "message": "Progress Update",
  "data": {
    "status": "downloading",
    "phase": "download",
    "percentage": 0,
    "totalFiles": 5,
    "completedFiles": 0,
    "failedFiles": 0,
    "remainingFiles": 5,
    "elapsedTime": 15.007,
    "totalBytes": 1021690,
    "processedBytes": 0,
    "bytesUploaded": 0,
    "uploadedSize": "0 B",
    "downloadSpeed": 0,
    "uploadSpeed": 0,
    "estimatedTimeRemaining": "Calculating...",
    "downloadedBytes": 131073,
    "totalDownloadBytes": 510845,
    "uploadedBytes": 0,
    "totalUploadBytes": 510845,
    "currentShardIndex": 0,
    "totalShards": 0,
    "errors": [],
    "startTime": "2025-03-27T11:20:35.846Z",
    "currentFile": "images1/HarshSinghResume.pdf",
    "totalBatches": 1
  }
}
{
  "timestamp": "2025-03-27T11:20:50.549Z",
  "message": "Progress Update",
  "data": {
    "status": "downloading",
    "phase": "download",
    "percentage": 0,
    "totalFiles": 5,
    "completedFiles": 0,
    "failedFiles": 0,
    "remainingFiles": 5,
    "elapsedTime": 15.011,
    "totalBytes": 1021690,
    "processedBytes": 0,
    "bytesUploaded": 0,
    "uploadedSize": "0 B",
    "downloadSpeed": 0,
    "uploadSpeed": 0,
    "estimatedTimeRemaining": "Calculating...",
    "downloadedBytes": 132097,
    "totalDownloadBytes": 510845,
    "uploadedBytes": 0,
    "totalUploadBytes": 510845,
    "currentShardIndex": 0,
    "totalShards": 0,
    "errors": [],
    "startTime": "2025-03-27T11:20:35.846Z",
    "currentFile": "images1/HarshSinghResume.pdf",
    "totalBatches": 1
  }
}
{
  "timestamp": "2025-03-27T11:20:50.770Z",
  "message": "Progress Update",
  "data": {
    "status": "downloading",
    "phase": "download",
    "percentage": 0,
    "totalFiles": 5,
    "completedFiles": 0,
    "failedFiles": 0,
    "remainingFiles": 5,
    "elapsedTime": 15.232,
    "totalBytes": 1021690,
    "processedBytes": 0,
    "bytesUploaded": 0,
    "uploadedSize": "0 B",
    "downloadSpeed": 0,
    "uploadSpeed": 0,
    "estimatedTimeRemaining": "Calculating...",
    "downloadedBytes": 33289,
    "totalDownloadBytes": 510845,
    "uploadedBytes": 0,
    "totalUploadBytes": 510845,
    "currentShardIndex": 0,
    "totalShards": 0,
    "errors": [],
    "startTime": "2025-03-27T11:20:35.846Z",
    "currentFile": "images1/0.png",
    "totalBatches": 1
  }
}
{
  "timestamp": "2025-03-27T11:20:50.772Z",
  "message": "Progress Update",
  "data": {
    "status": "downloading",
    "phase": "download",
    "percentage": 0,
    "totalFiles": 5,
    "completedFiles": 0,
    "failedFiles": 0,
    "remainingFiles": 5,
    "elapsedTime": 15.234,
    "totalBytes": 1021690,
    "processedBytes": 0,
    "bytesUploaded": 0,
    "uploadedSize": "0 B",
    "downloadSpeed": 0,
    "uploadSpeed": 0,
    "estimatedTimeRemaining": "Calculating...",
    "downloadedBytes": 34313,
    "totalDownloadBytes": 510845,
    "uploadedBytes": 0,
    "totalUploadBytes": 510845,
    "currentShardIndex": 0,
    "totalShards": 0,
    "errors": [],
    "startTime": "2025-03-27T11:20:35.846Z",
    "currentFile": "images1/0.png",
    "totalBatches": 1
  }
}
{
  "timestamp": "2025-03-27T11:20:50.775Z",
  "message": "Progress Update",
  "data": {
    "status": "downloading",
    "phase": "download",
    "percentage": 0,
    "totalFiles": 5,
    "completedFiles": 0,
    "failedFiles": 0,
    "remainingFiles": 5,
    "elapsedTime": 15.237,
    "totalBytes": 1021690,
    "processedBytes": 0,
    "bytesUploaded": 0,
    "uploadedSize": "0 B",
    "downloadSpeed": 0,
    "uploadSpeed": 0,
    "estimatedTimeRemaining": "Calculating...",
    "downloadedBytes": 50697,
    "totalDownloadBytes": 510845,
    "uploadedBytes": 0,
    "totalUploadBytes": 510845,
    "currentShardIndex": 0,
    "totalShards": 0,
    "errors": [],
    "startTime": "2025-03-27T11:20:35.846Z",
    "currentFile": "images1/0.png",
    "totalBatches": 1
  }
}
{
  "timestamp": "2025-03-27T11:20:50.778Z",
  "message": "Progress Update",
  "data": {
    "status": "downloading",
    "phase": "download",
    "percentage": 0,
    "totalFiles": 5,
    "completedFiles": 0,
    "failedFiles": 0,
    "remainingFiles": 5,
    "elapsedTime": 15.24,
    "totalBytes": 1021690,
    "processedBytes": 0,
    "bytesUploaded": 0,
    "uploadedSize": "0 B",
    "downloadSpeed": 0,
    "uploadSpeed": 0,
    "estimatedTimeRemaining": "Calculating...",
    "downloadedBytes": 51721,
    "totalDownloadBytes": 510845,
    "uploadedBytes": 0,
    "totalUploadBytes": 510845,
    "currentShardIndex": 0,
    "totalShards": 0,
    "errors": [],
    "startTime": "2025-03-27T11:20:35.846Z",
    "currentFile": "images1/0.png",
    "totalBatches": 1
  }
}
{
  "timestamp": "2025-03-27T11:20:50.781Z",
  "message": "Progress Update",
  "data": {
    "status": "downloading",
    "phase": "download",
    "percentage": 0,
    "totalFiles": 5,
    "completedFiles": 0,
    "failedFiles": 0,
    "remainingFiles": 5,
    "elapsedTime": 15.243,
    "totalBytes": 1021690,
    "processedBytes": 0,
    "bytesUploaded": 0,
    "uploadedSize": "0 B",
    "downloadSpeed": 0,
    "uploadSpeed": 0,
    "estimatedTimeRemaining": "Calculating...",
    "downloadedBytes": 53451,
    "totalDownloadBytes": 510845,
    "uploadedBytes": 0,
    "totalUploadBytes": 510845,
    "currentShardIndex": 0,
    "totalShards": 0,
    "errors": [],
    "startTime": "2025-03-27T11:20:35.846Z",
    "currentFile": "images1/0.png",
    "totalBatches": 1
  }
}
{
  "timestamp": "2025-03-27T11:20:50.782Z",
  "message": "Progress Update",
  "data": {
    "status": "downloading",
    "phase": "download",
    "percentage": 0,
    "totalFiles": 5,
    "completedFiles": 0,
    "failedFiles": 0,
    "remainingFiles": 5,
    "elapsedTime": 15.244,
    "totalBytes": 1021690,
    "processedBytes": 0,
    "bytesUploaded": 0,
    "uploadedSize": "0 B",
    "downloadSpeed": 0,
    "uploadSpeed": 0,
    "estimatedTimeRemaining": "Calculating...",
    "downloadedBytes": 62451,
    "totalDownloadBytes": 510845,
    "uploadedBytes": 0,
    "totalUploadBytes": 510845,
    "currentShardIndex": 0,
    "totalShards": 0,
    "errors": [],
    "startTime": "2025-03-27T11:20:35.846Z",
    "currentFile": "images1/0.png",
    "totalBatches": 1
  }
}
{
  "timestamp": "2025-03-27T11:20:50.784Z",
  "message": "Progress Update",
  "data": {
    "status": "downloading",
    "phase": "download",
    "percentage": 0,
    "totalFiles": 5,
    "completedFiles": 0,
    "failedFiles": 0,
    "remainingFiles": 5,
    "elapsedTime": 15.246,
    "totalBytes": 1021690,
    "processedBytes": 0,
    "bytesUploaded": 0,
    "uploadedSize": "0 B",
    "downloadSpeed": 0,
    "uploadSpeed": 0,
    "estimatedTimeRemaining": "Calculating...",
    "downloadedBytes": 71451,
    "totalDownloadBytes": 510845,
    "uploadedBytes": 0,
    "totalUploadBytes": 510845,
    "currentShardIndex": 0,
    "totalShards": 0,
    "errors": [],
    "startTime": "2025-03-27T11:20:35.846Z",
    "currentFile": "images1/0.png",
    "totalBatches": 1
  }
}
{
  "timestamp": "2025-03-27T11:20:50.798Z",
  "message": "Progress Update",
  "data": {
    "status": "downloading",
    "phase": "download",
    "percentage": 0,
    "totalFiles": 5,
    "completedFiles": 0,
    "failedFiles": 0,
    "remainingFiles": 5,
    "elapsedTime": 15.26,
    "totalBytes": 1021690,
    "processedBytes": 0,
    "bytesUploaded": 0,
    "uploadedSize": "0 B",
    "downloadSpeed": 0,
    "uploadSpeed": 0,
    "estimatedTimeRemaining": "Calculating...",
    "downloadedBytes": 148481,
    "totalDownloadBytes": 510845,
    "uploadedBytes": 0,
    "totalUploadBytes": 510845,
    "currentShardIndex": 0,
    "totalShards": 0,
    "errors": [],
    "startTime": "2025-03-27T11:20:35.846Z",
    "currentFile": "images1/HarshSinghResume.pdf",
    "totalBatches": 1
  }
}
{
  "timestamp": "2025-03-27T11:20:50.801Z",
  "message": "Progress Update",
  "data": {
    "status": "downloading",
    "phase": "download",
    "percentage": 0,
    "totalFiles": 5,
    "completedFiles": 0,
    "failedFiles": 0,
    "remainingFiles": 5,
    "elapsedTime": 15.263,
    "totalBytes": 1021690,
    "processedBytes": 0,
    "bytesUploaded": 0,
    "uploadedSize": "0 B",
    "downloadSpeed": 0,
    "uploadSpeed": 0,
    "estimatedTimeRemaining": "Calculating...",
    "downloadedBytes": 149505,
    "totalDownloadBytes": 510845,
    "uploadedBytes": 0,
    "totalUploadBytes": 510845,
    "currentShardIndex": 0,
    "totalShards": 0,
    "errors": [],
    "startTime": "2025-03-27T11:20:35.846Z",
    "currentFile": "images1/HarshSinghResume.pdf",
    "totalBatches": 1
  }
}
{
  "timestamp": "2025-03-27T11:20:50.803Z",
  "message": "Progress Update",
  "data": {
    "status": "downloading",
    "phase": "download",
    "percentage": 0,
    "totalFiles": 5,
    "completedFiles": 0,
    "failedFiles": 0,
    "remainingFiles": 5,
    "elapsedTime": 15.265,
    "totalBytes": 1021690,
    "processedBytes": 0,
    "bytesUploaded": 0,
    "uploadedSize": "0 B",
    "downloadSpeed": 0,
    "uploadSpeed": 0,
    "estimatedTimeRemaining": "Calculating...",
    "downloadedBytes": 165889,
    "totalDownloadBytes": 510845,
    "uploadedBytes": 0,
    "totalUploadBytes": 510845,
    "currentShardIndex": 0,
    "totalShards": 0,
    "errors": [],
    "startTime": "2025-03-27T11:20:35.846Z",
    "currentFile": "images1/HarshSinghResume.pdf",
    "totalBatches": 1
  }
}
{
  "timestamp": "2025-03-27T11:20:50.804Z",
  "message": "Progress Update",
  "data": {
    "status": "downloading",
    "phase": "download",
    "percentage": 0,
    "totalFiles": 5,
    "completedFiles": 0,
    "failedFiles": 0,
    "remainingFiles": 5,
    "elapsedTime": 15.266,
    "totalBytes": 1021690,
    "processedBytes": 0,
    "bytesUploaded": 0,
    "uploadedSize": "0 B",
    "downloadSpeed": 0,
    "uploadSpeed": 0,
    "estimatedTimeRemaining": "Calculating...",
    "downloadedBytes": 166913,
    "totalDownloadBytes": 510845,
    "uploadedBytes": 0,
    "totalUploadBytes": 510845,
    "currentShardIndex": 0,
    "totalShards": 0,
    "errors": [],
    "startTime": "2025-03-27T11:20:35.846Z",
    "currentFile": "images1/HarshSinghResume.pdf",
    "totalBatches": 1
  }
}
{
  "timestamp": "2025-03-27T11:20:50.807Z",
  "message": "Progress Update",
  "data": {
    "status": "downloading",
    "phase": "download",
    "percentage": 0,
    "totalFiles": 5,
    "completedFiles": 0,
    "failedFiles": 0,
    "remainingFiles": 5,
    "elapsedTime": 15.269,
    "totalBytes": 1021690,
    "processedBytes": 0,
    "bytesUploaded": 0,
    "uploadedSize": "0 B",
    "downloadSpeed": 0,
    "uploadSpeed": 0,
    "estimatedTimeRemaining": "Calculating...",
    "downloadedBytes": 183297,
    "totalDownloadBytes": 510845,
    "uploadedBytes": 0,
    "totalUploadBytes": 510845,
    "currentShardIndex": 0,
    "totalShards": 0,
    "errors": [],
    "startTime": "2025-03-27T11:20:35.846Z",
    "currentFile": "images1/HarshSinghResume.pdf",
    "totalBatches": 1
  }
}
{
  "timestamp": "2025-03-27T11:20:50.812Z",
  "message": "Progress Update",
  "data": {
    "status": "downloading",
    "phase": "download",
    "percentage": 0,
    "totalFiles": 5,
    "completedFiles": 0,
    "failedFiles": 0,
    "remainingFiles": 5,
    "elapsedTime": 15.274,
    "totalBytes": 1021690,
    "processedBytes": 0,
    "bytesUploaded": 0,
    "uploadedSize": "0 B",
    "downloadSpeed": 0,
    "uploadSpeed": 0,
    "estimatedTimeRemaining": "Calculating...",
    "downloadedBytes": 184321,
    "totalDownloadBytes": 510845,
    "uploadedBytes": 0,
    "totalUploadBytes": 510845,
    "currentShardIndex": 0,
    "totalShards": 0,
    "errors": [],
    "startTime": "2025-03-27T11:20:35.846Z",
    "currentFile": "images1/HarshSinghResume.pdf",
    "totalBatches": 1
  }
}
{
  "timestamp": "2025-03-27T11:20:50.814Z",
  "message": "Progress Update",
  "data": {
    "status": "downloading",
    "phase": "download",
    "percentage": 0,
    "totalFiles": 5,
    "completedFiles": 0,
    "failedFiles": 0,
    "remainingFiles": 5,
    "elapsedTime": 15.276,
    "totalBytes": 1021690,
    "processedBytes": 0,
    "bytesUploaded": 0,
    "uploadedSize": "0 B",
    "downloadSpeed": 0,
    "uploadSpeed": 0,
    "estimatedTimeRemaining": "Calculating...",
    "downloadedBytes": 200705,
    "totalDownloadBytes": 510845,
    "uploadedBytes": 0,
    "totalUploadBytes": 510845,
    "currentShardIndex": 0,
    "totalShards": 0,
    "errors": [],
    "startTime": "2025-03-27T11:20:35.846Z",
    "currentFile": "images1/HarshSinghResume.pdf",
    "totalBatches": 1
  }
}
{
  "timestamp": "2025-03-27T11:20:50.815Z",
  "message": "Progress Update",
  "data": {
    "status": "downloading",
    "phase": "download",
    "percentage": 0,
    "totalFiles": 5,
    "completedFiles": 0,
    "failedFiles": 0,
    "remainingFiles": 5,
    "elapsedTime": 15.277,
    "totalBytes": 1021690,
    "processedBytes": 0,
    "bytesUploaded": 0,
    "uploadedSize": "0 B",
    "downloadSpeed": 0,
    "uploadSpeed": 0,
    "estimatedTimeRemaining": "Calculating...",
    "downloadedBytes": 201729,
    "totalDownloadBytes": 510845,
    "uploadedBytes": 0,
    "totalUploadBytes": 510845,
    "currentShardIndex": 0,
    "totalShards": 0,
    "errors": [],
    "startTime": "2025-03-27T11:20:35.846Z",
    "currentFile": "images1/HarshSinghResume.pdf",
    "totalBatches": 1
  }
}
{
  "timestamp": "2025-03-27T11:20:50.817Z",
  "message": "Progress Update",
  "data": {
    "status": "downloading",
    "phase": "download",
    "percentage": 0,
    "totalFiles": 5,
    "completedFiles": 0,
    "failedFiles": 0,
    "remainingFiles": 5,
    "elapsedTime": 15.279,
    "totalBytes": 1021690,
    "processedBytes": 0,
    "bytesUploaded": 0,
    "uploadedSize": "0 B",
    "downloadSpeed": 0,
    "uploadSpeed": 0,
    "estimatedTimeRemaining": "Calculating...",
    "downloadedBytes": 202664,
    "totalDownloadBytes": 510845,
    "uploadedBytes": 0,
    "totalUploadBytes": 510845,
    "currentShardIndex": 0,
    "totalShards": 0,
    "errors": [],
    "startTime": "2025-03-27T11:20:35.846Z",
    "currentFile": "images1/HarshSinghResume.pdf",
    "totalBatches": 1
  }
}
{
  "timestamp": "2025-03-27T11:20:51.036Z",
  "message": "Progress Update",
  "data": {
    "status": "downloading",
    "phase": "download",
    "percentage": 0,
    "totalFiles": 5,
    "completedFiles": 0,
    "failedFiles": 0,
    "remainingFiles": 5,
    "elapsedTime": 15.498,
    "totalBytes": 1021690,
    "processedBytes": 0,
    "bytesUploaded": 0,
    "uploadedSize": "0 B",
    "downloadSpeed": 0,
    "uploadSpeed": 0,
    "estimatedTimeRemaining": "Calculating...",
    "downloadedBytes": 80451,
    "totalDownloadBytes": 510845,
    "uploadedBytes": 0,
    "totalUploadBytes": 510845,
    "currentShardIndex": 0,
    "totalShards": 0,
    "errors": [],
    "startTime": "2025-03-27T11:20:35.846Z",
    "currentFile": "images1/0.png",
    "totalBatches": 1
  }
}
{
  "timestamp": "2025-03-27T11:20:51.039Z",
  "message": "Progress Update",
  "data": {
    "status": "downloading",
    "phase": "download",
    "percentage": 0,
    "totalFiles": 5,
    "completedFiles": 0,
    "failedFiles": 0,
    "remainingFiles": 5,
    "elapsedTime": 15.501,
    "totalBytes": 1021690,
    "processedBytes": 0,
    "bytesUploaded": 0,
    "uploadedSize": "0 B",
    "downloadSpeed": 0,
    "uploadSpeed": 0,
    "estimatedTimeRemaining": "Calculating...",
    "downloadedBytes": 96835,
    "totalDownloadBytes": 510845,
    "uploadedBytes": 0,
    "totalUploadBytes": 510845,
    "currentShardIndex": 0,
    "totalShards": 0,
    "errors": [],
    "startTime": "2025-03-27T11:20:35.846Z",
    "currentFile": "images1/0.png",
    "totalBatches": 1
  }
}
{
  "timestamp": "2025-03-27T11:20:51.042Z",
  "message": "Progress Update",
  "data": {
    "status": "downloading",
    "phase": "download",
    "percentage": 0,
    "totalFiles": 5,
    "completedFiles": 0,
    "failedFiles": 0,
    "remainingFiles": 5,
    "elapsedTime": 15.504,
    "totalBytes": 1021690,
    "processedBytes": 0,
    "bytesUploaded": 0,
    "uploadedSize": "0 B",
    "downloadSpeed": 0,
    "uploadSpeed": 0,
    "estimatedTimeRemaining": "Calculating...",
    "downloadedBytes": 97859,
    "totalDownloadBytes": 510845,
    "uploadedBytes": 0,
    "totalUploadBytes": 510845,
    "currentShardIndex": 0,
    "totalShards": 0,
    "errors": [],
    "startTime": "2025-03-27T11:20:35.846Z",
    "currentFile": "images1/0.png",
    "totalBatches": 1
  }
}
{
  "timestamp": "2025-03-27T11:20:51.044Z",
  "message": "Progress Update",
  "data": {
    "status": "downloading",
    "phase": "download",
    "percentage": 0,
    "totalFiles": 5,
    "completedFiles": 0,
    "failedFiles": 0,
    "remainingFiles": 5,
    "elapsedTime": 15.506,
    "totalBytes": 1021690,
    "processedBytes": 0,
    "bytesUploaded": 0,
    "uploadedSize": "0 B",
    "downloadSpeed": 0,
    "uploadSpeed": 0,
    "estimatedTimeRemaining": "Calculating...",
    "downloadedBytes": 114243,
    "totalDownloadBytes": 510845,
    "uploadedBytes": 0,
    "totalUploadBytes": 510845,
    "currentShardIndex": 0,
    "totalShards": 0,
    "errors": [],
    "startTime": "2025-03-27T11:20:35.846Z",
    "currentFile": "images1/0.png",
    "totalBatches": 1
  }
}
{
  "timestamp": "2025-03-27T11:20:51.046Z",
  "message": "Progress Update",
  "data": {
    "status": "downloading",
    "phase": "download",
    "percentage": 0,
    "totalFiles": 5,
    "completedFiles": 0,
    "failedFiles": 0,
    "remainingFiles": 5,
    "elapsedTime": 15.508,
    "totalBytes": 1021690,
    "processedBytes": 0,
    "bytesUploaded": 0,
    "uploadedSize": "0 B",
    "downloadSpeed": 0,
    "uploadSpeed": 0,
    "estimatedTimeRemaining": "Calculating...",
    "downloadedBytes": 115267,
    "totalDownloadBytes": 510845,
    "uploadedBytes": 0,
    "totalUploadBytes": 510845,
    "currentShardIndex": 0,
    "totalShards": 0,
    "errors": [],
    "startTime": "2025-03-27T11:20:35.846Z",
    "currentFile": "images1/0.png",
    "totalBatches": 1
  }
}
{
  "timestamp": "2025-03-27T11:20:51.047Z",
  "message": "Progress Update",
  "data": {
    "status": "downloading",
    "phase": "download",
    "percentage": 0,
    "totalFiles": 5,
    "completedFiles": 0,
    "failedFiles": 0,
    "remainingFiles": 5,
    "elapsedTime": 15.509,
    "totalBytes": 1021690,
    "processedBytes": 0,
    "bytesUploaded": 0,
    "uploadedSize": "0 B",
    "downloadSpeed": 0,
    "uploadSpeed": 0,
    "estimatedTimeRemaining": "Calculating...",
    "downloadedBytes": 131651,
    "totalDownloadBytes": 510845,
    "uploadedBytes": 0,
    "totalUploadBytes": 510845,
    "currentShardIndex": 0,
    "totalShards": 0,
    "errors": [],
    "startTime": "2025-03-27T11:20:35.846Z",
    "currentFile": "images1/0.png",
    "totalBatches": 1
  }
}
{
  "timestamp": "2025-03-27T11:20:51.049Z",
  "message": "Progress Update",
  "data": {
    "status": "downloading",
    "phase": "download",
    "percentage": 0,
    "totalFiles": 5,
    "completedFiles": 0,
    "failedFiles": 0,
    "remainingFiles": 5,
    "elapsedTime": 15.511,
    "totalBytes": 1021690,
    "processedBytes": 0,
    "bytesUploaded": 0,
    "uploadedSize": "0 B",
    "downloadSpeed": 0,
    "uploadSpeed": 0,
    "estimatedTimeRemaining": "Calculating...",
    "downloadedBytes": 132675,
    "totalDownloadBytes": 510845,
    "uploadedBytes": 0,
    "totalUploadBytes": 510845,
    "currentShardIndex": 0,
    "totalShards": 0,
    "errors": [],
    "startTime": "2025-03-27T11:20:35.846Z",
    "currentFile": "images1/0.png",
    "totalBatches": 1
  }
}
{
  "timestamp": "2025-03-27T11:20:51.050Z",
  "message": "Progress Update",
  "data": {
    "status": "downloading",
    "phase": "download",
    "percentage": 0,
    "totalFiles": 5,
    "completedFiles": 0,
    "failedFiles": 0,
    "remainingFiles": 5,
    "elapsedTime": 15.512,
    "totalBytes": 1021690,
    "processedBytes": 0,
    "bytesUploaded": 0,
    "uploadedSize": "0 B",
    "downloadSpeed": 0,
    "uploadSpeed": 0,
    "estimatedTimeRemaining": "Calculating...",
    "downloadedBytes": 149059,
    "totalDownloadBytes": 510845,
    "uploadedBytes": 0,
    "totalUploadBytes": 510845,
    "currentShardIndex": 0,
    "totalShards": 0,
    "errors": [],
    "startTime": "2025-03-27T11:20:35.846Z",
    "currentFile": "images1/0.png",
    "totalBatches": 1
  }
}
{
  "timestamp": "2025-03-27T11:20:51.051Z",
  "message": "Progress Update",
  "data": {
    "status": "downloading",
    "phase": "download",
    "percentage": 0,
    "totalFiles": 5,
    "completedFiles": 0,
    "failedFiles": 0,
    "remainingFiles": 5,
    "elapsedTime": 15.513,
    "totalBytes": 1021690,
    "processedBytes": 0,
    "bytesUploaded": 0,
    "uploadedSize": "0 B",
    "downloadSpeed": 0,
    "uploadSpeed": 0,
    "estimatedTimeRemaining": "Calculating...",
    "downloadedBytes": 150083,
    "totalDownloadBytes": 510845,
    "uploadedBytes": 0,
    "totalUploadBytes": 510845,
    "currentShardIndex": 0,
    "totalShards": 0,
    "errors": [],
    "startTime": "2025-03-27T11:20:35.846Z",
    "currentFile": "images1/0.png",
    "totalBatches": 1
  }
}
{
  "timestamp": "2025-03-27T11:20:51.052Z",
  "message": "Progress Update",
  "data": {
    "status": "downloading",
    "phase": "download",
    "percentage": 0,
    "totalFiles": 5,
    "completedFiles": 0,
    "failedFiles": 0,
    "remainingFiles": 5,
    "elapsedTime": 15.514,
    "totalBytes": 1021690,
    "processedBytes": 0,
    "bytesUploaded": 0,
    "uploadedSize": "0 B",
    "downloadSpeed": 0,
    "uploadSpeed": 0,
    "estimatedTimeRemaining": "Calculating...",
    "downloadedBytes": 166467,
    "totalDownloadBytes": 510845,
    "uploadedBytes": 0,
    "totalUploadBytes": 510845,
    "currentShardIndex": 0,
    "totalShards": 0,
    "errors": [],
    "startTime": "2025-03-27T11:20:35.846Z",
    "currentFile": "images1/0.png",
    "totalBatches": 1
  }
}
{
  "timestamp": "2025-03-27T11:20:51.053Z",
  "message": "Progress Update",
  "data": {
    "status": "downloading",
    "phase": "download",
    "percentage": 0,
    "totalFiles": 5,
    "completedFiles": 0,
    "failedFiles": 0,
    "remainingFiles": 5,
    "elapsedTime": 15.515,
    "totalBytes": 1021690,
    "processedBytes": 0,
    "bytesUploaded": 0,
    "uploadedSize": "0 B",
    "downloadSpeed": 0,
    "uploadSpeed": 0,
    "estimatedTimeRemaining": "Calculating...",
    "downloadedBytes": 167491,
    "totalDownloadBytes": 510845,
    "uploadedBytes": 0,
    "totalUploadBytes": 510845,
    "currentShardIndex": 0,
    "totalShards": 0,
    "errors": [],
    "startTime": "2025-03-27T11:20:35.846Z",
    "currentFile": "images1/0.png",
    "totalBatches": 1
  }
}
{
  "timestamp": "2025-03-27T11:20:51.302Z",
  "message": "Progress Update",
  "data": {
    "status": "downloading",
    "phase": "download",
    "percentage": 0,
    "totalFiles": 5,
    "completedFiles": 0,
    "failedFiles": 0,
    "remainingFiles": 5,
    "elapsedTime": 15.764,
    "totalBytes": 1021690,
    "processedBytes": 0,
    "bytesUploaded": 0,
    "uploadedSize": "0 B",
    "downloadSpeed": 0,
    "uploadSpeed": 0,
    "estimatedTimeRemaining": "Calculating...",
    "downloadedBytes": 183875,
    "totalDownloadBytes": 510845,
    "uploadedBytes": 0,
    "totalUploadBytes": 510845,
    "currentShardIndex": 0,
    "totalShards": 0,
    "errors": [],
    "startTime": "2025-03-27T11:20:35.846Z",
    "currentFile": "images1/0.png",
    "totalBatches": 1
  }
}
{
  "timestamp": "2025-03-27T11:20:51.304Z",
  "message": "Progress Update",
  "data": {
    "status": "downloading",
    "phase": "download",
    "percentage": 0,
    "totalFiles": 5,
    "completedFiles": 0,
    "failedFiles": 0,
    "remainingFiles": 5,
    "elapsedTime": 15.766,
    "totalBytes": 1021690,
    "processedBytes": 0,
    "bytesUploaded": 0,
    "uploadedSize": "0 B",
    "downloadSpeed": 0,
    "uploadSpeed": 0,
    "estimatedTimeRemaining": "Calculating...",
    "downloadedBytes": 184899,
    "totalDownloadBytes": 510845,
    "uploadedBytes": 0,
    "totalUploadBytes": 510845,
    "currentShardIndex": 0,
    "totalShards": 0,
    "errors": [],
    "startTime": "2025-03-27T11:20:35.846Z",
    "currentFile": "images1/0.png",
    "totalBatches": 1
  }
}
{
  "timestamp": "2025-03-27T11:20:51.306Z",
  "message": "Progress Update",
  "data": {
    "status": "downloading",
    "phase": "download",
    "percentage": 0,
    "totalFiles": 5,
    "completedFiles": 0,
    "failedFiles": 0,
    "remainingFiles": 5,
    "elapsedTime": 15.768,
    "totalBytes": 1021690,
    "processedBytes": 0,
    "bytesUploaded": 0,
    "uploadedSize": "0 B",
    "downloadSpeed": 0,
    "uploadSpeed": 0,
    "estimatedTimeRemaining": "Calculating...",
    "downloadedBytes": 201283,
    "totalDownloadBytes": 510845,
    "uploadedBytes": 0,
    "totalUploadBytes": 510845,
    "currentShardIndex": 0,
    "totalShards": 0,
    "errors": [],
    "startTime": "2025-03-27T11:20:35.846Z",
    "currentFile": "images1/0.png",
    "totalBatches": 1
  }
}
{
  "timestamp": "2025-03-27T11:20:51.310Z",
  "message": "Progress Update",
  "data": {
    "status": "downloading",
    "phase": "download",
    "percentage": 0,
    "totalFiles": 5,
    "completedFiles": 0,
    "failedFiles": 0,
    "remainingFiles": 5,
    "elapsedTime": 15.772,
    "totalBytes": 1021690,
    "processedBytes": 0,
    "bytesUploaded": 0,
    "uploadedSize": "0 B",
    "downloadSpeed": 0,
    "uploadSpeed": 0,
    "estimatedTimeRemaining": "Calculating...",
    "downloadedBytes": 202307,
    "totalDownloadBytes": 510845,
    "uploadedBytes": 0,
    "totalUploadBytes": 510845,
    "currentShardIndex": 0,
    "totalShards": 0,
    "errors": [],
    "startTime": "2025-03-27T11:20:35.846Z",
    "currentFile": "images1/0.png",
    "totalBatches": 1
  }
}
{
  "timestamp": "2025-03-27T11:20:51.318Z",
  "message": "Progress Update",
  "data": {
    "status": "downloading",
    "phase": "download",
    "percentage": 0,
    "totalFiles": 5,
    "completedFiles": 0,
    "failedFiles": 0,
    "remainingFiles": 5,
    "elapsedTime": 15.78,
    "totalBytes": 1021690,
    "processedBytes": 0,
    "bytesUploaded": 0,
    "uploadedSize": "0 B",
    "downloadSpeed": 0,
    "uploadSpeed": 0,
    "estimatedTimeRemaining": "Calculating...",
    "downloadedBytes": 218691,
    "totalDownloadBytes": 510845,
    "uploadedBytes": 0,
    "totalUploadBytes": 510845,
    "currentShardIndex": 0,
    "totalShards": 0,
    "errors": [],
    "startTime": "2025-03-27T11:20:35.846Z",
    "currentFile": "images1/0.png",
    "totalBatches": 1
  }
}
{
  "timestamp": "2025-03-27T11:20:51.320Z",
  "message": "Progress Update",
  "data": {
    "status": "downloading",
    "phase": "download",
    "percentage": 0,
    "totalFiles": 5,
    "completedFiles": 0,
    "failedFiles": 0,
    "remainingFiles": 5,
    "elapsedTime": 15.782,
    "totalBytes": 1021690,
    "processedBytes": 0,
    "bytesUploaded": 0,
    "uploadedSize": "0 B",
    "downloadSpeed": 0,
    "uploadSpeed": 0,
    "estimatedTimeRemaining": "Calculating...",
    "downloadedBytes": 219715,
    "totalDownloadBytes": 510845,
    "uploadedBytes": 0,
    "totalUploadBytes": 510845,
    "currentShardIndex": 0,
    "totalShards": 0,
    "errors": [],
    "startTime": "2025-03-27T11:20:35.846Z",
    "currentFile": "images1/0.png",
    "totalBatches": 1
  }
}
{
  "timestamp": "2025-03-27T11:20:51.322Z",
  "message": "Progress Update",
  "data": {
    "status": "downloading",
    "phase": "download",
    "percentage": 0,
    "totalFiles": 5,
    "completedFiles": 0,
    "failedFiles": 0,
    "remainingFiles": 5,
    "elapsedTime": 15.784,
    "totalBytes": 1021690,
    "processedBytes": 0,
    "bytesUploaded": 0,
    "uploadedSize": "0 B",
    "downloadSpeed": 0,
    "uploadSpeed": 0,
    "estimatedTimeRemaining": "Calculating...",
    "downloadedBytes": 236099,
    "totalDownloadBytes": 510845,
    "uploadedBytes": 0,
    "totalUploadBytes": 510845,
    "currentShardIndex": 0,
    "totalShards": 0,
    "errors": [],
    "startTime": "2025-03-27T11:20:35.846Z",
    "currentFile": "images1/0.png",
    "totalBatches": 1
  }
}
{
  "timestamp": "2025-03-27T11:20:51.326Z",
  "message": "Progress Update",
  "data": {
    "status": "downloading",
    "phase": "download",
    "percentage": 0,
    "totalFiles": 5,
    "completedFiles": 0,
    "failedFiles": 0,
    "remainingFiles": 5,
    "elapsedTime": 15.788,
    "totalBytes": 1021690,
    "processedBytes": 0,
    "bytesUploaded": 0,
    "uploadedSize": "0 B",
    "downloadSpeed": 0,
    "uploadSpeed": 0,
    "estimatedTimeRemaining": "Calculating...",
    "downloadedBytes": 237123,
    "totalDownloadBytes": 510845,
    "uploadedBytes": 0,
    "totalUploadBytes": 510845,
    "currentShardIndex": 0,
    "totalShards": 0,
    "errors": [],
    "startTime": "2025-03-27T11:20:35.846Z",
    "currentFile": "images1/0.png",
    "totalBatches": 1
  }
}
{
  "timestamp": "2025-03-27T11:20:51.328Z",
  "message": "Progress Update",
  "data": {
    "status": "downloading",
    "phase": "download",
    "percentage": 0,
    "totalFiles": 5,
    "completedFiles": 0,
    "failedFiles": 0,
    "remainingFiles": 5,
    "elapsedTime": 15.79,
    "totalBytes": 1021690,
    "processedBytes": 0,
    "bytesUploaded": 0,
    "uploadedSize": "0 B",
    "downloadSpeed": 0,
    "uploadSpeed": 0,
    "estimatedTimeRemaining": "Calculating...",
    "downloadedBytes": 251145,
    "totalDownloadBytes": 510845,
    "uploadedBytes": 0,
    "totalUploadBytes": 510845,
    "currentShardIndex": 0,
    "totalShards": 0,
    "errors": [],
    "startTime": "2025-03-27T11:20:35.846Z",
    "currentFile": "images1/0.png",
    "totalBatches": 1
  }
}
{
  "timestamp": "2025-03-27T11:20:51.844Z",
  "message": "Progress Update",
  "data": {
    "status": "uploading",
    "phase": "upload",
    "percentage": 0,
    "totalFiles": 5,
    "completedFiles": 0,
    "failedFiles": 0,
    "remainingFiles": 5,
    "elapsedTime": 16.305,
    "totalBytes": 1021690,
    "processedBytes": 0,
    "bytesUploaded": 0,
    "uploadedSize": "0 B",
    "downloadSpeed": 0,
    "uploadSpeed": 0,
    "estimatedTimeRemaining": "Calculating...",
    "downloadedBytes": 251145,
    "totalDownloadBytes": 510845,
    "uploadedBytes": 0,
    "totalUploadBytes": 510845,
    "currentShardIndex": 0,
    "totalShards": 0,
    "errors": [],
    "startTime": "2025-03-27T11:20:35.846Z",
    "currentFile": "images1/0.png",
    "totalBatches": 1
  }
}
{
  "timestamp": "2025-03-27T11:21:03.617Z",
  "message": "Progress Update",
  "data": {
    "status": "completed",
    "phase": "completed",
    "percentage": 0,
    "totalFiles": 5,
    "completedFiles": 5,
    "failedFiles": 0,
    "remainingFiles": 0,
    "elapsedTime": 28.079,
    "totalBytes": 1021690,
    "processedBytes": 1021690,
    "bytesUploaded": 1021690,
    "uploadedSize": "997.74 KB",
    "downloadSpeed": 0,
    "uploadSpeed": 0,
    "estimatedTimeRemaining": "Complete",
    "downloadedBytes": 251145,
    "totalDownloadBytes": 510845,
    "uploadedBytes": 0,
    "totalUploadBytes": 510845,
    "currentShardIndex": 0,
    "totalShards": 0,
    "errors": [],
    "startTime": "2025-03-27T11:20:35.846Z",
    "currentFile": "images1/0.png",
    "totalBatches": 1,
    "endTime": "2025-03-27T11:21:03.616Z"
  }
}
{
  "timestamp": "2025-03-27T11:21:03.621Z",
  "message": "Migration session ended"
}
