[2025-03-26T23:54:10.342Z] Migration started
[2025-03-26T23:54:12.318Z] Progress update
{
  "phase": "preparing",
  "status": "preparing",
  "percentage": "0.00%",
  "completedFiles": "0/5",
  "bytesUploaded": "0 B/0 B",
  "transferProgress": {
    "bytesTransferred": 0,
    "bytesTotal": 0,
    "percentage": 0,
    "speed": "0 B/s",
    "estimatedTimeRemaining": "Calculating..."
  },
  "elapsedTime": "1s",
  "timeRemaining": "Calculating...",
  "speed": "0 B/s"
}
[2025-03-26T23:54:12.425Z] Phase changed from preparing to download
[2025-03-26T23:54:12.425Z] DOWNLOAD Progress
{
  "percentage": "0.00%",
  "speed": "0 B",
  "processed": "0 B",
  "total": "0 B",
  "timeElapsed": "2s",
  "timeRemaining": "Complete"
}
[2025-03-26T23:54:12.425Z] Progress update
{
  "phase": "download",
  "status": "downloading",
  "percentage": "0.00%",
  "completedFiles": "0/5",
  "bytesUploaded": "0 B/0 B",
  "transferProgress": {
    "bytesTransferred": 0,
    "bytesTotal": 0,
    "percentage": 0,
    "speed": "0 B",
    "estimatedTimeRemaining": "Complete"
  },
  "elapsedTime": "2s",
  "timeRemaining": "Complete",
  "speed": "0 B"
}
[2025-03-26T23:54:21.657Z] DOWNLOAD Progress
{
  "percentage": "0.00%",
  "speed": "0 B",
  "processed": "0 B",
  "total": "498.87 KB",
  "timeElapsed": "11s",
  "timeRemaining": "Calculating..."
}
[2025-03-26T23:54:21.657Z] Progress update
{
  "phase": "download",
  "status": "downloading",
  "percentage": "0.00%",
  "completedFiles": "0/5",
  "bytesUploaded": "0 B/997.74 KB",
  "transferProgress": {
    "bytesTransferred": 0,
    "bytesTotal": 510845,
    "percentage": 0,
    "speed": "0 B",
    "estimatedTimeRemaining": "Calculating..."
  },
  "elapsedTime": "11s",
  "timeRemaining": "Calculating...",
  "speed": "0 B"
}
[2025-03-26T23:54:23.253Z] DOWNLOAD Progress
{
  "percentage": "0.00%",
  "speed": "0 B",
  "processed": "0 B",
  "total": "498.87 KB",
  "timeElapsed": "12s",
  "timeRemaining": "Calculating..."
}
[2025-03-26T23:54:23.254Z] Progress update
{
  "phase": "download",
  "status": "downloading",
  "percentage": "0.00%",
  "completedFiles": "0/5",
  "bytesUploaded": "0 B/997.74 KB",
  "transferProgress": {
    "bytesTransferred": 0,
    "bytesTotal": 510845,
    "percentage": 0,
    "speed": "0 B",
    "estimatedTimeRemaining": "Calculating..."
  },
  "elapsedTime": "12s",
  "timeRemaining": "Calculating...",
  "speed": "0 B"
}
[2025-03-26T23:54:23.839Z] DOWNLOAD Progress
{
  "percentage": "4.01%",
  "speed": "8.54 KB",
  "processed": "20.02 KB",
  "total": "498.87 KB",
  "timeElapsed": "13s",
  "timeRemaining": "56s remaining"
}
[2025-03-26T23:54:23.840Z] Progress update
{
  "phase": "download",
  "status": "downloading",
  "percentage": "2.01%",
  "completedFiles": "0/5",
  "bytesUploaded": "0 B/997.74 KB",
  "transferProgress": {
    "bytesTransferred": 20500,
    "bytesTotal": 510845,
    "percentage": 4.0129589210034355,
    "speed": "8.54 KB",
    "estimatedTimeRemaining": "56s remaining"
  },
  "elapsedTime": "13s",
  "timeRemaining": "56s remaining",
  "speed": "8.54 KB"
}
[2025-03-26T23:54:24.030Z] DOWNLOAD Progress
{
  "percentage": "3.32%",
  "speed": "8.54 KB",
  "processed": "16.54 KB",
  "total": "498.87 KB",
  "timeElapsed": "13s",
  "timeRemaining": "56s remaining"
}
[2025-03-26T23:54:24.030Z] Progress update
{
  "phase": "download",
  "status": "downloading",
  "percentage": "1.66%",
  "completedFiles": "0/5",
  "bytesUploaded": "0 B/997.74 KB",
  "transferProgress": {
    "bytesTransferred": 16937,
    "bytesTotal": 510845,
    "percentage": 3.3154870851236673,
    "speed": "8.54 KB",
    "estimatedTimeRemaining": "56s remaining"
  },
  "elapsedTime": "13s",
  "timeRemaining": "56s remaining",
  "speed": "8.54 KB"
}
[2025-03-26T23:54:24.291Z] DOWNLOAD Progress
{
  "percentage": "6.52%",
  "speed": "8.54 KB",
  "processed": "32.53 KB",
  "total": "498.87 KB",
  "timeElapsed": "13s",
  "timeRemaining": "54s remaining"
}
[2025-03-26T23:54:24.291Z] Progress update
{
  "phase": "download",
  "status": "downloading",
  "percentage": "3.26%",
  "completedFiles": "0/5",
  "bytesUploaded": "0 B/997.74 KB",
  "transferProgress": {
    "bytesTransferred": 33315,
    "bytesTotal": 510845,
    "percentage": 6.521547631864852,
    "speed": "8.54 KB",
    "estimatedTimeRemaining": "54s remaining"
  },
  "elapsedTime": "13s",
  "timeRemaining": "54s remaining",
  "speed": "8.54 KB"
}
[2025-03-26T23:54:24.396Z] DOWNLOAD Progress
{
  "percentage": "13.68%",
  "speed": "24.14 KB",
  "processed": "68.22 KB",
  "total": "498.87 KB",
  "timeElapsed": "14s",
  "timeRemaining": "17s remaining"
}
[2025-03-26T23:54:24.396Z] Progress update
{
  "phase": "download",
  "status": "downloading",
  "percentage": "6.84%",
  "completedFiles": "0/5",
  "bytesUploaded": "0 B/997.74 KB",
  "transferProgress": {
    "bytesTransferred": 69861,
    "bytesTotal": 510845,
    "percentage": 13.675576740498585,
    "speed": "24.14 KB",
    "estimatedTimeRemaining": "17s remaining"
  },
  "elapsedTime": "14s",
  "timeRemaining": "17s remaining",
  "speed": "24.14 KB"
}
[2025-03-26T23:54:24.554Z] DOWNLOAD Progress
{
  "percentage": "17.08%",
  "speed": "24.14 KB",
  "processed": "85.22 KB",
  "total": "498.87 KB",
  "timeElapsed": "14s",
  "timeRemaining": "17s remaining"
}
[2025-03-26T23:54:24.554Z] Progress update
{
  "phase": "download",
  "status": "downloading",
  "percentage": "8.54%",
  "completedFiles": "0/5",
  "bytesUploaded": "0 B/997.74 KB",
  "transferProgress": {
    "bytesTransferred": 87269,
    "bytesTotal": 510845,
    "percentage": 17.083264003758476,
    "speed": "24.14 KB",
    "estimatedTimeRemaining": "17s remaining"
  },
  "elapsedTime": "14s",
  "timeRemaining": "17s remaining",
  "speed": "24.14 KB"
}
[2025-03-26T23:54:24.810Z] DOWNLOAD Progress
{
  "percentage": "34.12%",
  "speed": "24.14 KB",
  "processed": "170.22 KB",
  "total": "498.87 KB",
  "timeElapsed": "14s",
  "timeRemaining": "13s remaining"
}
[2025-03-26T23:54:24.810Z] Progress update
{
  "phase": "download",
  "status": "downloading",
  "percentage": "17.06%",
  "completedFiles": "0/5",
  "bytesUploaded": "0 B/997.74 KB",
  "transferProgress": {
    "bytesTransferred": 174309,
    "bytesTotal": 510845,
    "percentage": 34.12170032005794,
    "speed": "24.14 KB",
    "estimatedTimeRemaining": "13s remaining"
  },
  "elapsedTime": "14s",
  "timeRemaining": "13s remaining",
  "speed": "24.14 KB"
}
[2025-03-26T23:54:25.323Z] Phase changed from download to upload
[2025-03-26T23:54:25.324Z] UPLOAD Progress
{
  "percentage": "0.00%",
  "speed": "24.14 KB",
  "processed": "0 B",
  "total": "498.87 KB",
  "timeElapsed": "14s",
  "timeRemaining": "Calculating..."
}
[2025-03-26T23:54:25.324Z] Progress update
{
  "phase": "upload",
  "status": "uploading",
  "percentage": "19.84%",
  "completedFiles": "0/5",
  "bytesUploaded": "0 B/997.74 KB",
  "transferProgress": {
    "bytesTransferred": 0,
    "bytesTotal": 510845,
    "percentage": 0,
    "speed": "24.14 KB",
    "estimatedTimeRemaining": "Calculating..."
  },
  "elapsedTime": "14s",
  "timeRemaining": "Calculating...",
  "speed": "24.14 KB"
}
[2025-03-26T23:54:36.784Z] Phase changed from upload to preparing
[2025-03-26T23:54:36.784Z] Progress update
{
  "phase": "preparing",
  "status": "completed",
  "percentage": "19.84%",
  "completedFiles": "5/5",
  "bytesUploaded": "0 B/997.74 KB",
  "transferProgress": {
    "bytesTransferred": 0,
    "bytesTotal": 510845,
    "percentage": 0,
    "speed": "24.14 KB",
    "estimatedTimeRemaining": "Calculating..."
  },
  "elapsedTime": "26s",
  "timeRemaining": "Calculating...",
  "speed": "24.14 KB"
}
[2025-03-26T23:54:36.790Z] Migration session ended
