[2025-03-27T10:28:29.378Z] Migration started
[2025-03-27T10:28:32.473Z] Progress update
{
  "phase": "preparing",
  "status": "preparing",
  "percentage": "0.00%",
  "completedFiles": "0/5",
  "bytesUploaded": "0 B/0 B",
  "transferProgress": {
    "bytesTransferred": 0,
    "bytesTotal": 0,
    "percentage": 0,
    "speed": "0 B/s",
    "estimatedTimeRemaining": "Calculating..."
  },
  "elapsedTime": "3s",
  "timeRemaining": "Calculating...",
  "speed": "0 B/s"
}
[2025-03-27T10:28:32.593Z] Phase changed from preparing to download
[2025-03-27T10:28:32.594Z] DOWNLOAD Progress
{
  "percentage": "0.00%",
  "speed": "0 B/s",
  "processed": "0 B",
  "total": "0 B",
  "timeElapsed": "3s",
  "timeRemaining": "Calculating..."
}
[2025-03-27T10:28:32.594Z] Progress update
{
  "phase": "download",
  "status": "downloading",
  "percentage": "0.00%",
  "completedFiles": "0/5",
  "bytesUploaded": "0 B/0 B",
  "transferProgress": {
    "bytesTransferred": 0,
    "bytesTotal": 0,
    "percentage": 0,
    "speed": "0 B/s",
    "estimatedTimeRemaining": "Calculating..."
  },
  "elapsedTime": "3s",
  "timeRemaining": "Calculating...",
  "speed": "0 B/s"
}
[2025-03-27T10:28:40.719Z] DOWNLOAD Progress
{
  "percentage": "0.00%",
  "speed": "0 B/s",
  "processed": "0 B",
  "total": "498.87 KB",
  "timeElapsed": "11s",
  "timeRemaining": "Calculating..."
}
[2025-03-27T10:28:40.719Z] Progress update
{
  "phase": "download",
  "status": "downloading",
  "percentage": "0.00%",
  "completedFiles": "0/5",
  "bytesUploaded": "0 B/997.74 KB",
  "transferProgress": {
    "bytesTransferred": 0,
    "bytesTotal": 510845,
    "percentage": 0,
    "speed": "0 B/s",
    "estimatedTimeRemaining": "Calculating..."
  },
  "elapsedTime": "11s",
  "timeRemaining": "Calculating...",
  "speed": "0 B/s"
}
[2025-03-27T10:28:42.956Z] DOWNLOAD Progress
{
  "percentage": "0.00%",
  "speed": "0 B/s",
  "processed": "0 B",
  "total": "498.87 KB",
  "timeElapsed": "13s",
  "timeRemaining": "Calculating..."
}
[2025-03-27T10:28:42.956Z] Progress update
{
  "phase": "download",
  "status": "downloading",
  "percentage": "0.00%",
  "completedFiles": "0/5",
  "bytesUploaded": "0 B/997.74 KB",
  "transferProgress": {
    "bytesTransferred": 0,
    "bytesTotal": 510845,
    "percentage": 0,
    "speed": "0 B/s",
    "estimatedTimeRemaining": "Calculating..."
  },
  "elapsedTime": "13s",
  "timeRemaining": "Calculating...",
  "speed": "0 B/s"
}
[2025-03-27T10:28:43.241Z] DOWNLOAD Progress
{
  "percentage": "6.52%",
  "speed": "0 B/s",
  "processed": "32.53 KB",
  "total": "498.87 KB",
  "timeElapsed": "13s",
  "timeRemaining": "Calculating..."
}
[2025-03-27T10:28:43.241Z] Progress update
{
  "phase": "download",
  "status": "downloading",
  "percentage": "3.26%",
  "completedFiles": "0/5",
  "bytesUploaded": "0 B/997.74 KB",
  "transferProgress": {
    "bytesTransferred": 33315,
    "bytesTotal": 510845,
    "percentage": 6.521547631864852,
    "speed": "0 B/s",
    "estimatedTimeRemaining": "Calculating..."
  },
  "elapsedTime": "13s",
  "timeRemaining": "Calculating...",
  "speed": "0 B/s"
}
[2025-03-27T10:28:43.429Z] DOWNLOAD Progress
{
  "percentage": "13.54%",
  "speed": "0 B/s",
  "processed": "67.53 KB",
  "total": "498.87 KB",
  "timeElapsed": "14s",
  "timeRemaining": "Calculating..."
}
[2025-03-27T10:28:43.429Z] Progress update
{
  "phase": "download",
  "status": "downloading",
  "percentage": "6.77%",
  "completedFiles": "0/5",
  "bytesUploaded": "0 B/997.74 KB",
  "transferProgress": {
    "bytesTransferred": 69155,
    "bytesTotal": 510845,
    "percentage": 13.537374350341103,
    "speed": "0 B/s",
    "estimatedTimeRemaining": "Calculating..."
  },
  "elapsedTime": "14s",
  "timeRemaining": "Calculating...",
  "speed": "0 B/s"
}
[2025-03-27T10:28:43.635Z] DOWNLOAD Progress
{
  "percentage": "16.74%",
  "speed": "0 B/s",
  "processed": "83.53 KB",
  "total": "498.87 KB",
  "timeElapsed": "14s",
  "timeRemaining": "Calculating..."
}
[2025-03-27T10:28:43.635Z] Progress update
{
  "phase": "download",
  "status": "downloading",
  "percentage": "8.37%",
  "completedFiles": "0/5",
  "bytesUploaded": "0 B/997.74 KB",
  "transferProgress": {
    "bytesTransferred": 85539,
    "bytesTotal": 510845,
    "percentage": 16.74460942164453,
    "speed": "0 B/s",
    "estimatedTimeRemaining": "Calculating..."
  },
  "elapsedTime": "14s",
  "timeRemaining": "Calculating...",
  "speed": "0 B/s"
}
[2025-03-27T10:28:43.735Z] DOWNLOAD Progress
{
  "percentage": "6.52%",
  "speed": "0 B/s",
  "processed": "32.54 KB",
  "total": "498.87 KB",
  "timeElapsed": "14s",
  "timeRemaining": "Calculating..."
}
[2025-03-27T10:28:43.735Z] Progress update
{
  "phase": "download",
  "status": "downloading",
  "percentage": "3.26%",
  "completedFiles": "0/5",
  "bytesUploaded": "0 B/997.74 KB",
  "transferProgress": {
    "bytesTransferred": 33321,
    "bytesTotal": 510845,
    "percentage": 6.522722156427097,
    "speed": "0 B/s",
    "estimatedTimeRemaining": "Calculating..."
  },
  "elapsedTime": "14s",
  "timeRemaining": "Calculating...",
  "speed": "0 B/s"
}
[2025-03-27T10:28:44.027Z] DOWNLOAD Progress
{
  "percentage": "16.75%",
  "speed": "19.50 KB/s",
  "processed": "83.54 KB",
  "total": "498.87 KB",
  "timeElapsed": "14s",
  "timeRemaining": "21s remaining"
}
[2025-03-27T10:28:44.027Z] Progress update
{
  "phase": "download",
  "status": "downloading",
  "percentage": "8.37%",
  "completedFiles": "0/5",
  "bytesUploaded": "0 B/997.74 KB",
  "transferProgress": {
    "bytesTransferred": 85545,
    "bytesTotal": 510845,
    "percentage": 16.745783946206775,
    "speed": "19.50 KB/s",
    "estimatedTimeRemaining": "21s remaining"
  },
  "elapsedTime": "14s",
  "timeRemaining": "21s remaining",
  "speed": "19.50 KB/s"
}
[2025-03-27T10:28:44.285Z] DOWNLOAD Progress
{
  "percentage": "33.78%",
  "speed": "0 B/s",
  "processed": "168.54 KB",
  "total": "498.87 KB",
  "timeElapsed": "14s",
  "timeRemaining": "16s remaining"
}
[2025-03-27T10:28:44.285Z] Progress update
{
  "phase": "download",
  "status": "downloading",
  "percentage": "16.89%",
  "completedFiles": "0/5",
  "bytesUploaded": "0 B/997.74 KB",
  "transferProgress": {
    "bytesTransferred": 172585,
    "bytesTotal": 510845,
    "percentage": 33.78422026250624,
    "speed": "0 B/s",
    "estimatedTimeRemaining": "16s remaining"
  },
  "elapsedTime": "14s",
  "timeRemaining": "16s remaining",
  "speed": "0 B/s"
}
[2025-03-27T10:28:44.805Z] Phase changed from download to upload
[2025-03-27T10:28:44.805Z] UPLOAD Progress
{
  "percentage": "0.00%",
  "speed": "0 B/s",
  "processed": "0 B",
  "total": "498.87 KB",
  "timeElapsed": "15s",
  "timeRemaining": "Calculating..."
}
[2025-03-27T10:28:44.805Z] Progress update
{
  "phase": "upload",
  "status": "uploading",
  "percentage": "24.58%",
  "completedFiles": "0/5",
  "bytesUploaded": "0 B/997.74 KB",
  "transferProgress": {
    "bytesTransferred": 0,
    "bytesTotal": 510845,
    "percentage": 0,
    "speed": "0 B/s",
    "estimatedTimeRemaining": "Calculating..."
  },
  "elapsedTime": "15s",
  "timeRemaining": "Calculating...",
  "speed": "0 B/s"
}
[2025-03-27T10:28:56.995Z] Phase changed from upload to preparing
[2025-03-27T10:28:56.996Z] Progress update
{
  "phase": "preparing",
  "status": "completed",
  "percentage": "24.58%",
  "completedFiles": "5/5",
  "bytesUploaded": "0 B/997.74 KB",
  "transferProgress": {
    "bytesTransferred": 0,
    "bytesTotal": 510845,
    "percentage": 0,
    "speed": "0 B/s",
    "estimatedTimeRemaining": "Calculating..."
  },
  "elapsedTime": "27s",
  "timeRemaining": "Calculating...",
  "speed": "0 B/s"
}
[2025-03-27T10:28:57.003Z] Migration session ended
