{
  "timestamp": "2025-03-27T11:56:30.527Z",
  "message": "Migration started",
  "data": {
    "status": "preparing",
    "phase": "preparing",
    "percentage": 0,
    "totalFiles": 0,
    "completedFiles": 0,
    "failedFiles": 0,
    "remainingFiles": 0,
    "elapsedTime": 0,
    "totalBytes": 0,
    "processedBytes": 0,
    "bytesUploaded": 0,
    "uploadedSize": "0 B",
    "downloadSpeed": 0,
    "uploadSpeed": 0,
    "estimatedTimeRemaining": "Calculating...",
    "downloadedBytes": 0,
    "totalDownloadBytes": 0,
    "uploadedBytes": 0,
    "totalUploadBytes": 0,
    "currentShardIndex": 0,
    "totalShards": 0,
    "errors": []
  }
}
{
  "timestamp": "2025-03-27T11:56:32.376Z",
  "message": "Progress Update",
  "data": {
    "status": "preparing",
    "phase": "preparing",
    "percentage": 0,
    "totalFiles": 5,
    "completedFiles": 0,
    "failedFiles": 0,
    "remainingFiles": 5,
    "elapsedTime": 1.851,
    "totalBytes": 0,
    "processedBytes": 0,
    "bytesUploaded": 0,
    "uploadedSize": "0 B",
    "downloadSpeed": 0,
    "uploadSpeed": 0,
    "estimatedTimeRemaining": "Calculating...",
    "downloadedBytes": 0,
    "totalDownloadBytes": 0,
    "uploadedBytes": 0,
    "totalUploadBytes": 0,
    "currentShardIndex": 0,
    "totalShards": 0,
    "errors": [],
    "startTime": "2025-03-27T11:56:31.099Z",
    "currentFile": "images",
    "totalBatches": 1
  }
}
{
  "timestamp": "2025-03-27T11:56:32.482Z",
  "message": "Progress Update",
  "data": {
    "status": "downloading",
    "phase": "download",
    "percentage": 0,
    "totalFiles": 5,
    "completedFiles": 0,
    "failedFiles": 0,
    "remainingFiles": 5,
    "elapsedTime": 1.957,
    "totalBytes": 0,
    "processedBytes": 0,
    "bytesUploaded": 0,
    "uploadedSize": "0 B",
    "downloadSpeed": 0,
    "uploadSpeed": 0,
    "estimatedTimeRemaining": "Calculating...",
    "downloadedBytes": 0,
    "totalDownloadBytes": 0,
    "uploadedBytes": 0,
    "totalUploadBytes": 0,
    "currentShardIndex": 0,
    "totalShards": 0,
    "errors": [],
    "startTime": "2025-03-27T11:56:31.099Z",
    "currentFile": "images",
    "totalBatches": 1
  }
}
{
  "timestamp": "2025-03-27T11:56:40.937Z",
  "message": "Progress Update",
  "data": {
    "status": "downloading",
    "phase": "download",
    "percentage": 0,
    "totalFiles": 5,
    "completedFiles": 0,
    "failedFiles": 0,
    "remainingFiles": 5,
    "elapsedTime": 10.412,
    "totalBytes": 1021690,
    "processedBytes": 0,
    "bytesUploaded": 0,
    "uploadedSize": "0 B",
    "downloadSpeed": 0,
    "uploadSpeed": 0,
    "estimatedTimeRemaining": "Calculating...",
    "downloadedBytes": 0,
    "totalDownloadBytes": 510845,
    "uploadedBytes": 0,
    "totalUploadBytes": 510845,
    "currentShardIndex": 0,
    "totalShards": 0,
    "errors": [],
    "startTime": "2025-03-27T11:56:31.099Z",
    "currentFile": "images",
    "totalBatches": 1
  }
}
{
  "timestamp": "2025-03-27T11:56:40.941Z",
  "message": "Progress Update",
  "data": {
    "status": "downloading",
    "phase": "download",
    "percentage": 0,
    "totalFiles": 5,
    "completedFiles": 0,
    "failedFiles": 0,
    "remainingFiles": 5,
    "elapsedTime": 10.416,
    "totalBytes": 1021690,
    "processedBytes": 0,
    "bytesUploaded": 0,
    "uploadedSize": "0 B",
    "downloadSpeed": 0,
    "uploadSpeed": 0,
    "estimatedTimeRemaining": "Calculating...",
    "downloadedBytes": 0,
    "totalDownloadBytes": 510845,
    "uploadedBytes": 0,
    "totalUploadBytes": 510845,
    "currentShardIndex": 0,
    "totalShards": 0,
    "errors": [],
    "startTime": "2025-03-27T11:56:31.099Z",
    "currentFile": "Batch 1/1",
    "totalBatches": 1
  }
}
{
  "timestamp": "2025-03-27T11:56:42.299Z",
  "message": "Progress Update",
  "data": {
    "status": "downloading",
    "phase": "download",
    "percentage": 0,
    "totalFiles": 5,
    "completedFiles": 0,
    "failedFiles": 0,
    "remainingFiles": 5,
    "elapsedTime": 11.774,
    "totalBytes": 1021690,
    "processedBytes": 0,
    "bytesUploaded": 0,
    "uploadedSize": "0 B",
    "downloadSpeed": 0,
    "uploadSpeed": 0,
    "estimatedTimeRemaining": "Calculating...",
    "downloadedBytes": 0,
    "totalDownloadBytes": 510845,
    "uploadedBytes": 0,
    "totalUploadBytes": 510845,
    "currentShardIndex": 0,
    "totalShards": 0,
    "errors": [],
    "startTime": "2025-03-27T11:56:31.099Z",
    "currentFile": "Batch 1/1",
    "totalBatches": 1
  }
}
{
  "timestamp": "2025-03-27T11:56:42.304Z",
  "message": "Progress Update",
  "data": {
    "status": "downloading",
    "phase": "download",
    "percentage": 0,
    "totalFiles": 5,
    "completedFiles": 0,
    "failedFiles": 0,
    "remainingFiles": 5,
    "elapsedTime": 11.779,
    "totalBytes": 1021690,
    "processedBytes": 0,
    "bytesUploaded": 0,
    "uploadedSize": "0 B",
    "downloadSpeed": 0,
    "uploadSpeed": 0,
    "estimatedTimeRemaining": "Calculating...",
    "downloadedBytes": 16384,
    "totalDownloadBytes": 510845,
    "uploadedBytes": 0,
    "totalUploadBytes": 510845,
    "currentShardIndex": 0,
    "totalShards": 0,
    "errors": [],
    "startTime": "2025-03-27T11:56:31.099Z",
    "currentFile": "images1/HarshSinghResume.pdf",
    "totalBatches": 1
  }
}
{
  "timestamp": "2025-03-27T11:56:42.307Z",
  "message": "Progress Update",
  "data": {
    "status": "downloading",
    "phase": "download",
    "percentage": 0,
    "totalFiles": 5,
    "completedFiles": 0,
    "failedFiles": 0,
    "remainingFiles": 5,
    "elapsedTime": 11.782,
    "totalBytes": 1021690,
    "processedBytes": 0,
    "bytesUploaded": 0,
    "uploadedSize": "0 B",
    "downloadSpeed": 0,
    "uploadSpeed": 0,
    "estimatedTimeRemaining": "Calculating...",
    "downloadedBytes": 16931,
    "totalDownloadBytes": 510845,
    "uploadedBytes": 0,
    "totalUploadBytes": 510845,
    "currentShardIndex": 0,
    "totalShards": 0,
    "errors": [],
    "startTime": "2025-03-27T11:56:31.099Z",
    "currentFile": "images1/HarshSinghResume.pdf",
    "totalBatches": 1
  }
}
{
  "timestamp": "2025-03-27T11:56:42.571Z",
  "message": "Progress Update",
  "data": {
    "status": "downloading",
    "phase": "download",
    "percentage": 0,
    "totalFiles": 5,
    "completedFiles": 0,
    "failedFiles": 0,
    "remainingFiles": 5,
    "elapsedTime": 12.046,
    "totalBytes": 1021690,
    "processedBytes": 0,
    "bytesUploaded": 0,
    "uploadedSize": "0 B",
    "downloadSpeed": 0,
    "uploadSpeed": 0,
    "estimatedTimeRemaining": "Calculating...",
    "downloadedBytes": 33315,
    "totalDownloadBytes": 510845,
    "uploadedBytes": 0,
    "totalUploadBytes": 510845,
    "currentShardIndex": 0,
    "totalShards": 0,
    "errors": [],
    "startTime": "2025-03-27T11:56:31.099Z",
    "currentFile": "images1/HarshSinghResume.pdf",
    "totalBatches": 1
  }
}
{
  "timestamp": "2025-03-27T11:56:42.573Z",
  "message": "Progress Update",
  "data": {
    "status": "downloading",
    "phase": "download",
    "percentage": 0,
    "totalFiles": 5,
    "completedFiles": 0,
    "failedFiles": 0,
    "remainingFiles": 5,
    "elapsedTime": 12.048,
    "totalBytes": 1021690,
    "processedBytes": 0,
    "bytesUploaded": 0,
    "uploadedSize": "0 B",
    "downloadSpeed": 0,
    "uploadSpeed": 0,
    "estimatedTimeRemaining": "Calculating...",
    "downloadedBytes": 34339,
    "totalDownloadBytes": 510845,
    "uploadedBytes": 0,
    "totalUploadBytes": 510845,
    "currentShardIndex": 0,
    "totalShards": 0,
    "errors": [],
    "startTime": "2025-03-27T11:56:31.099Z",
    "currentFile": "images1/HarshSinghResume.pdf",
    "totalBatches": 1
  }
}
{
  "timestamp": "2025-03-27T11:56:42.576Z",
  "message": "Progress Update",
  "data": {
    "status": "downloading",
    "phase": "download",
    "percentage": 0,
    "totalFiles": 5,
    "completedFiles": 0,
    "failedFiles": 0,
    "remainingFiles": 5,
    "elapsedTime": 12.051,
    "totalBytes": 1021690,
    "processedBytes": 0,
    "bytesUploaded": 0,
    "uploadedSize": "0 B",
    "downloadSpeed": 0,
    "uploadSpeed": 0,
    "estimatedTimeRemaining": "Calculating...",
    "downloadedBytes": 50723,
    "totalDownloadBytes": 510845,
    "uploadedBytes": 0,
    "totalUploadBytes": 510845,
    "currentShardIndex": 0,
    "totalShards": 0,
    "errors": [],
    "startTime": "2025-03-27T11:56:31.099Z",
    "currentFile": "images1/HarshSinghResume.pdf",
    "totalBatches": 1
  }
}
{
  "timestamp": "2025-03-27T11:56:42.578Z",
  "message": "Progress Update",
  "data": {
    "status": "downloading",
    "phase": "download",
    "percentage": 0,
    "totalFiles": 5,
    "completedFiles": 0,
    "failedFiles": 0,
    "remainingFiles": 5,
    "elapsedTime": 12.053,
    "totalBytes": 1021690,
    "processedBytes": 0,
    "bytesUploaded": 0,
    "uploadedSize": "0 B",
    "downloadSpeed": 0,
    "uploadSpeed": 0,
    "estimatedTimeRemaining": "Calculating...",
    "downloadedBytes": 51747,
    "totalDownloadBytes": 510845,
    "uploadedBytes": 0,
    "totalUploadBytes": 510845,
    "currentShardIndex": 0,
    "totalShards": 0,
    "errors": [],
    "startTime": "2025-03-27T11:56:31.099Z",
    "currentFile": "images1/HarshSinghResume.pdf",
    "totalBatches": 1
  }
}
{
  "timestamp": "2025-03-27T11:56:42.580Z",
  "message": "Progress Update",
  "data": {
    "status": "downloading",
    "phase": "download",
    "percentage": 0,
    "totalFiles": 5,
    "completedFiles": 0,
    "failedFiles": 0,
    "remainingFiles": 5,
    "elapsedTime": 12.055,
    "totalBytes": 1021690,
    "processedBytes": 0,
    "bytesUploaded": 0,
    "uploadedSize": "0 B",
    "downloadSpeed": 0,
    "uploadSpeed": 0,
    "estimatedTimeRemaining": "Calculating...",
    "downloadedBytes": 53477,
    "totalDownloadBytes": 510845,
    "uploadedBytes": 0,
    "totalUploadBytes": 510845,
    "currentShardIndex": 0,
    "totalShards": 0,
    "errors": [],
    "startTime": "2025-03-27T11:56:31.099Z",
    "currentFile": "images1/HarshSinghResume.pdf",
    "totalBatches": 1
  }
}
{
  "timestamp": "2025-03-27T11:56:42.583Z",
  "message": "Progress Update",
  "data": {
    "status": "downloading",
    "phase": "download",
    "percentage": 0,
    "totalFiles": 5,
    "completedFiles": 0,
    "failedFiles": 0,
    "remainingFiles": 5,
    "elapsedTime": 12.058,
    "totalBytes": 1021690,
    "processedBytes": 0,
    "bytesUploaded": 0,
    "uploadedSize": "0 B",
    "downloadSpeed": 0,
    "uploadSpeed": 0,
    "estimatedTimeRemaining": "Calculating...",
    "downloadedBytes": 69861,
    "totalDownloadBytes": 510845,
    "uploadedBytes": 0,
    "totalUploadBytes": 510845,
    "currentShardIndex": 0,
    "totalShards": 0,
    "errors": [],
    "startTime": "2025-03-27T11:56:31.099Z",
    "currentFile": "images1/HarshSinghResume.pdf",
    "totalBatches": 1
  }
}
{
  "timestamp": "2025-03-27T11:56:42.586Z",
  "message": "Progress Update",
  "data": {
    "status": "downloading",
    "phase": "download",
    "percentage": 0,
    "totalFiles": 5,
    "completedFiles": 0,
    "failedFiles": 0,
    "remainingFiles": 5,
    "elapsedTime": 12.061,
    "totalBytes": 1021690,
    "processedBytes": 0,
    "bytesUploaded": 0,
    "uploadedSize": "0 B",
    "downloadSpeed": 0,
    "uploadSpeed": 0,
    "estimatedTimeRemaining": "Calculating...",
    "downloadedBytes": 70885,
    "totalDownloadBytes": 510845,
    "uploadedBytes": 0,
    "totalUploadBytes": 510845,
    "currentShardIndex": 0,
    "totalShards": 0,
    "errors": [],
    "startTime": "2025-03-27T11:56:31.099Z",
    "currentFile": "images1/HarshSinghResume.pdf",
    "totalBatches": 1
  }
}
{
  "timestamp": "2025-03-27T11:56:42.827Z",
  "message": "Progress Update",
  "data": {
    "status": "downloading",
    "phase": "download",
    "percentage": 0,
    "totalFiles": 5,
    "completedFiles": 0,
    "failedFiles": 0,
    "remainingFiles": 5,
    "elapsedTime": 12.302,
    "totalBytes": 1021690,
    "processedBytes": 0,
    "bytesUploaded": 0,
    "uploadedSize": "0 B",
    "downloadSpeed": 0,
    "uploadSpeed": 0,
    "estimatedTimeRemaining": "Calculating...",
    "downloadedBytes": 70885,
    "totalDownloadBytes": 510845,
    "uploadedBytes": 0,
    "totalUploadBytes": 510845,
    "currentShardIndex": 0,
    "totalShards": 0,
    "errors": [],
    "startTime": "2025-03-27T11:56:31.099Z",
    "currentFile": "images1/HarshSinghResume.pdf",
    "totalBatches": 1
  }
}
{
  "timestamp": "2025-03-27T11:56:42.831Z",
  "message": "Progress Update",
  "data": {
    "status": "downloading",
    "phase": "download",
    "percentage": 0,
    "totalFiles": 5,
    "completedFiles": 0,
    "failedFiles": 0,
    "remainingFiles": 5,
    "elapsedTime": 12.306,
    "totalBytes": 1021690,
    "processedBytes": 0,
    "bytesUploaded": 0,
    "uploadedSize": "0 B",
    "downloadSpeed": 0,
    "uploadSpeed": 0,
    "estimatedTimeRemaining": "Calculating...",
    "downloadedBytes": 8483,
    "totalDownloadBytes": 510845,
    "uploadedBytes": 0,
    "totalUploadBytes": 510845,
    "currentShardIndex": 0,
    "totalShards": 0,
    "errors": [],
    "startTime": "2025-03-27T11:56:31.099Z",
    "currentFile": "images1/2.avif",
    "totalBatches": 1
  }
}
{
  "timestamp": "2025-03-27T11:56:42.833Z",
  "message": "Progress Update",
  "data": {
    "status": "downloading",
    "phase": "download",
    "percentage": 0,
    "totalFiles": 5,
    "completedFiles": 0,
    "failedFiles": 0,
    "remainingFiles": 5,
    "elapsedTime": 12.308,
    "totalBytes": 1021690,
    "processedBytes": 0,
    "bytesUploaded": 0,
    "uploadedSize": "0 B",
    "downloadSpeed": 0,
    "uploadSpeed": 0,
    "estimatedTimeRemaining": "Calculating...",
    "downloadedBytes": 87269,
    "totalDownloadBytes": 510845,
    "uploadedBytes": 0,
    "totalUploadBytes": 510845,
    "currentShardIndex": 0,
    "totalShards": 0,
    "errors": [],
    "startTime": "2025-03-27T11:56:31.099Z",
    "currentFile": "images1/HarshSinghResume.pdf",
    "totalBatches": 1
  }
}
{
  "timestamp": "2025-03-27T11:56:42.835Z",
  "message": "Progress Update",
  "data": {
    "status": "downloading",
    "phase": "download",
    "percentage": 0,
    "totalFiles": 5,
    "completedFiles": 0,
    "failedFiles": 0,
    "remainingFiles": 5,
    "elapsedTime": 12.31,
    "totalBytes": 1021690,
    "processedBytes": 0,
    "bytesUploaded": 0,
    "uploadedSize": "0 B",
    "downloadSpeed": 0,
    "uploadSpeed": 0,
    "estimatedTimeRemaining": "Calculating...",
    "downloadedBytes": 88293,
    "totalDownloadBytes": 510845,
    "uploadedBytes": 0,
    "totalUploadBytes": 510845,
    "currentShardIndex": 0,
    "totalShards": 0,
    "errors": [],
    "startTime": "2025-03-27T11:56:31.099Z",
    "currentFile": "images1/HarshSinghResume.pdf",
    "totalBatches": 1
  }
}
{
  "timestamp": "2025-03-27T11:56:42.837Z",
  "message": "Progress Update",
  "data": {
    "status": "downloading",
    "phase": "download",
    "percentage": 0,
    "totalFiles": 5,
    "completedFiles": 0,
    "failedFiles": 0,
    "remainingFiles": 5,
    "elapsedTime": 12.312,
    "totalBytes": 1021690,
    "processedBytes": 0,
    "bytesUploaded": 0,
    "uploadedSize": "0 B",
    "downloadSpeed": 0,
    "uploadSpeed": 0,
    "estimatedTimeRemaining": "Calculating...",
    "downloadedBytes": 104677,
    "totalDownloadBytes": 510845,
    "uploadedBytes": 0,
    "totalUploadBytes": 510845,
    "currentShardIndex": 0,
    "totalShards": 0,
    "errors": [],
    "startTime": "2025-03-27T11:56:31.099Z",
    "currentFile": "images1/HarshSinghResume.pdf",
    "totalBatches": 1
  }
}
{
  "timestamp": "2025-03-27T11:56:42.839Z",
  "message": "Progress Update",
  "data": {
    "status": "downloading",
    "phase": "download",
    "percentage": 0,
    "totalFiles": 5,
    "completedFiles": 0,
    "failedFiles": 0,
    "remainingFiles": 5,
    "elapsedTime": 12.314,
    "totalBytes": 1021690,
    "processedBytes": 0,
    "bytesUploaded": 0,
    "uploadedSize": "0 B",
    "downloadSpeed": 0,
    "uploadSpeed": 0,
    "estimatedTimeRemaining": "Calculating...",
    "downloadedBytes": 105701,
    "totalDownloadBytes": 510845,
    "uploadedBytes": 0,
    "totalUploadBytes": 510845,
    "currentShardIndex": 0,
    "totalShards": 0,
    "errors": [],
    "startTime": "2025-03-27T11:56:31.099Z",
    "currentFile": "images1/HarshSinghResume.pdf",
    "totalBatches": 1
  }
}
{
  "timestamp": "2025-03-27T11:56:42.842Z",
  "message": "Progress Update",
  "data": {
    "status": "downloading",
    "phase": "download",
    "percentage": 0,
    "totalFiles": 5,
    "completedFiles": 0,
    "failedFiles": 0,
    "remainingFiles": 5,
    "elapsedTime": 12.317,
    "totalBytes": 1021690,
    "processedBytes": 0,
    "bytesUploaded": 0,
    "uploadedSize": "0 B",
    "downloadSpeed": 0,
    "uploadSpeed": 0,
    "estimatedTimeRemaining": "Calculating...",
    "downloadedBytes": 122085,
    "totalDownloadBytes": 510845,
    "uploadedBytes": 0,
    "totalUploadBytes": 510845,
    "currentShardIndex": 0,
    "totalShards": 0,
    "errors": [],
    "startTime": "2025-03-27T11:56:31.099Z",
    "currentFile": "images1/HarshSinghResume.pdf",
    "totalBatches": 1
  }
}
{
  "timestamp": "2025-03-27T11:56:42.844Z",
  "message": "Progress Update",
  "data": {
    "status": "downloading",
    "phase": "download",
    "percentage": 0,
    "totalFiles": 5,
    "completedFiles": 0,
    "failedFiles": 0,
    "remainingFiles": 5,
    "elapsedTime": 12.319,
    "totalBytes": 1021690,
    "processedBytes": 0,
    "bytesUploaded": 0,
    "uploadedSize": "0 B",
    "downloadSpeed": 0,
    "uploadSpeed": 0,
    "estimatedTimeRemaining": "Calculating...",
    "downloadedBytes": 123109,
    "totalDownloadBytes": 510845,
    "uploadedBytes": 0,
    "totalUploadBytes": 510845,
    "currentShardIndex": 0,
    "totalShards": 0,
    "errors": [],
    "startTime": "2025-03-27T11:56:31.099Z",
    "currentFile": "images1/HarshSinghResume.pdf",
    "totalBatches": 1
  }
}
{
  "timestamp": "2025-03-27T11:56:42.850Z",
  "message": "Progress Update",
  "data": {
    "status": "downloading",
    "phase": "download",
    "percentage": 0,
    "totalFiles": 5,
    "completedFiles": 0,
    "failedFiles": 0,
    "remainingFiles": 5,
    "elapsedTime": 12.325,
    "totalBytes": 1021690,
    "processedBytes": 0,
    "bytesUploaded": 0,
    "uploadedSize": "0 B",
    "downloadSpeed": 0,
    "uploadSpeed": 0,
    "estimatedTimeRemaining": "Calculating...",
    "downloadedBytes": 17449,
    "totalDownloadBytes": 510845,
    "uploadedBytes": 0,
    "totalUploadBytes": 510845,
    "currentShardIndex": 0,
    "totalShards": 0,
    "errors": [],
    "startTime": "2025-03-27T11:56:31.099Z",
    "currentFile": "images1/2.avif",
    "totalBatches": 1
  }
}
{
  "timestamp": "2025-03-27T11:56:42.857Z",
  "message": "Progress Update",
  "data": {
    "status": "downloading",
    "phase": "download",
    "percentage": 0,
    "totalFiles": 5,
    "completedFiles": 0,
    "failedFiles": 0,
    "remainingFiles": 5,
    "elapsedTime": 12.332,
    "totalBytes": 1021690,
    "processedBytes": 0,
    "bytesUploaded": 0,
    "uploadedSize": "0 B",
    "downloadSpeed": 0,
    "uploadSpeed": 0,
    "estimatedTimeRemaining": "Calculating...",
    "downloadedBytes": 139493,
    "totalDownloadBytes": 510845,
    "uploadedBytes": 0,
    "totalUploadBytes": 510845,
    "currentShardIndex": 0,
    "totalShards": 0,
    "errors": [],
    "startTime": "2025-03-27T11:56:31.099Z",
    "currentFile": "images1/HarshSinghResume.pdf",
    "totalBatches": 1
  }
}
{
  "timestamp": "2025-03-27T11:56:42.859Z",
  "message": "Progress Update",
  "data": {
    "status": "downloading",
    "phase": "download",
    "percentage": 0,
    "totalFiles": 5,
    "completedFiles": 0,
    "failedFiles": 0,
    "remainingFiles": 5,
    "elapsedTime": 12.334,
    "totalBytes": 1021690,
    "processedBytes": 0,
    "bytesUploaded": 0,
    "uploadedSize": "0 B",
    "downloadSpeed": 0,
    "uploadSpeed": 0,
    "estimatedTimeRemaining": "Calculating...",
    "downloadedBytes": 140517,
    "totalDownloadBytes": 510845,
    "uploadedBytes": 0,
    "totalUploadBytes": 510845,
    "currentShardIndex": 0,
    "totalShards": 0,
    "errors": [],
    "startTime": "2025-03-27T11:56:31.099Z",
    "currentFile": "images1/HarshSinghResume.pdf",
    "totalBatches": 1
  }
}
{
  "timestamp": "2025-03-27T11:56:42.861Z",
  "message": "Progress Update",
  "data": {
    "status": "downloading",
    "phase": "download",
    "percentage": 0,
    "totalFiles": 5,
    "completedFiles": 0,
    "failedFiles": 0,
    "remainingFiles": 5,
    "elapsedTime": 12.336,
    "totalBytes": 1021690,
    "processedBytes": 0,
    "bytesUploaded": 0,
    "uploadedSize": "0 B",
    "downloadSpeed": 0,
    "uploadSpeed": 0,
    "estimatedTimeRemaining": "Calculating...",
    "downloadedBytes": 156901,
    "totalDownloadBytes": 510845,
    "uploadedBytes": 0,
    "totalUploadBytes": 510845,
    "currentShardIndex": 0,
    "totalShards": 0,
    "errors": [],
    "startTime": "2025-03-27T11:56:31.099Z",
    "currentFile": "images1/HarshSinghResume.pdf",
    "totalBatches": 1
  }
}
{
  "timestamp": "2025-03-27T11:56:42.863Z",
  "message": "Progress Update",
  "data": {
    "status": "downloading",
    "phase": "download",
    "percentage": 0,
    "totalFiles": 5,
    "completedFiles": 0,
    "failedFiles": 0,
    "remainingFiles": 5,
    "elapsedTime": 12.338,
    "totalBytes": 1021690,
    "processedBytes": 0,
    "bytesUploaded": 0,
    "uploadedSize": "0 B",
    "downloadSpeed": 0,
    "uploadSpeed": 0,
    "estimatedTimeRemaining": "Calculating...",
    "downloadedBytes": 157925,
    "totalDownloadBytes": 510845,
    "uploadedBytes": 0,
    "totalUploadBytes": 510845,
    "currentShardIndex": 0,
    "totalShards": 0,
    "errors": [],
    "startTime": "2025-03-27T11:56:31.099Z",
    "currentFile": "images1/HarshSinghResume.pdf",
    "totalBatches": 1
  }
}
{
  "timestamp": "2025-03-27T11:56:43.082Z",
  "message": "Progress Update",
  "data": {
    "status": "downloading",
    "phase": "download",
    "percentage": 0,
    "totalFiles": 5,
    "completedFiles": 0,
    "failedFiles": 0,
    "remainingFiles": 5,
    "elapsedTime": 12.557,
    "totalBytes": 1021690,
    "processedBytes": 0,
    "bytesUploaded": 0,
    "uploadedSize": "0 B",
    "downloadSpeed": 0,
    "uploadSpeed": 0,
    "estimatedTimeRemaining": "Calculating...",
    "downloadedBytes": 174309,
    "totalDownloadBytes": 510845,
    "uploadedBytes": 0,
    "totalUploadBytes": 510845,
    "currentShardIndex": 0,
    "totalShards": 0,
    "errors": [],
    "startTime": "2025-03-27T11:56:31.099Z",
    "currentFile": "images1/HarshSinghResume.pdf",
    "totalBatches": 1
  }
}
{
  "timestamp": "2025-03-27T11:56:43.084Z",
  "message": "Progress Update",
  "data": {
    "status": "downloading",
    "phase": "download",
    "percentage": 0,
    "totalFiles": 5,
    "completedFiles": 0,
    "failedFiles": 0,
    "remainingFiles": 5,
    "elapsedTime": 12.559,
    "totalBytes": 1021690,
    "processedBytes": 0,
    "bytesUploaded": 0,
    "uploadedSize": "0 B",
    "downloadSpeed": 0,
    "uploadSpeed": 0,
    "estimatedTimeRemaining": "Calculating...",
    "downloadedBytes": 175333,
    "totalDownloadBytes": 510845,
    "uploadedBytes": 0,
    "totalUploadBytes": 510845,
    "currentShardIndex": 0,
    "totalShards": 0,
    "errors": [],
    "startTime": "2025-03-27T11:56:31.099Z",
    "currentFile": "images1/HarshSinghResume.pdf",
    "totalBatches": 1
  }
}
{
  "timestamp": "2025-03-27T11:56:43.087Z",
  "message": "Progress Update",
  "data": {
    "status": "downloading",
    "phase": "download",
    "percentage": 0,
    "totalFiles": 5,
    "completedFiles": 0,
    "failedFiles": 0,
    "remainingFiles": 5,
    "elapsedTime": 12.562,
    "totalBytes": 1021690,
    "processedBytes": 0,
    "bytesUploaded": 0,
    "uploadedSize": "0 B",
    "downloadSpeed": 0,
    "uploadSpeed": 0,
    "estimatedTimeRemaining": "Calculating...",
    "downloadedBytes": 191717,
    "totalDownloadBytes": 510845,
    "uploadedBytes": 0,
    "totalUploadBytes": 510845,
    "currentShardIndex": 0,
    "totalShards": 0,
    "errors": [],
    "startTime": "2025-03-27T11:56:31.099Z",
    "currentFile": "images1/HarshSinghResume.pdf",
    "totalBatches": 1
  }
}
{
  "timestamp": "2025-03-27T11:56:43.089Z",
  "message": "Progress Update",
  "data": {
    "status": "downloading",
    "phase": "download",
    "percentage": 0,
    "totalFiles": 5,
    "completedFiles": 0,
    "failedFiles": 0,
    "remainingFiles": 5,
    "elapsedTime": 12.564,
    "totalBytes": 1021690,
    "processedBytes": 0,
    "bytesUploaded": 0,
    "uploadedSize": "0 B",
    "downloadSpeed": 0,
    "uploadSpeed": 0,
    "estimatedTimeRemaining": "Calculating...",
    "downloadedBytes": 192741,
    "totalDownloadBytes": 510845,
    "uploadedBytes": 0,
    "totalUploadBytes": 510845,
    "currentShardIndex": 0,
    "totalShards": 0,
    "errors": [],
    "startTime": "2025-03-27T11:56:31.099Z",
    "currentFile": "images1/HarshSinghResume.pdf",
    "totalBatches": 1
  }
}
{
  "timestamp": "2025-03-27T11:56:43.094Z",
  "message": "Progress Update",
  "data": {
    "status": "downloading",
    "phase": "download",
    "percentage": 0,
    "totalFiles": 5,
    "completedFiles": 0,
    "failedFiles": 0,
    "remainingFiles": 5,
    "elapsedTime": 12.569,
    "totalBytes": 1021690,
    "processedBytes": 0,
    "bytesUploaded": 0,
    "uploadedSize": "0 B",
    "downloadSpeed": 0,
    "uploadSpeed": 0,
    "estimatedTimeRemaining": "Calculating...",
    "downloadedBytes": 202664,
    "totalDownloadBytes": 510845,
    "uploadedBytes": 0,
    "totalUploadBytes": 510845,
    "currentShardIndex": 0,
    "totalShards": 0,
    "errors": [],
    "startTime": "2025-03-27T11:56:31.099Z",
    "currentFile": "images1/HarshSinghResume.pdf",
    "totalBatches": 1
  }
}
{
  "timestamp": "2025-03-27T11:56:43.614Z",
  "message": "Progress Update",
  "data": {
    "status": "downloading",
    "phase": "download",
    "percentage": 0,
    "totalFiles": 5,
    "completedFiles": 0,
    "failedFiles": 0,
    "remainingFiles": 5,
    "elapsedTime": 13.089,
    "totalBytes": 1021690,
    "processedBytes": 0,
    "bytesUploaded": 0,
    "uploadedSize": "0 B",
    "downloadSpeed": 0,
    "uploadSpeed": 0,
    "estimatedTimeRemaining": "Calculating...",
    "downloadedBytes": 202664,
    "totalDownloadBytes": 510845,
    "uploadedBytes": 0,
    "totalUploadBytes": 510845,
    "currentShardIndex": 0,
    "totalShards": 0,
    "errors": [],
    "startTime": "2025-03-27T11:56:31.099Z",
    "currentFile": "images1/HarshSinghResume.pdf",
    "totalBatches": 1
  }
}
{
  "timestamp": "2025-03-27T11:56:43.618Z",
  "message": "Progress Update",
  "data": {
    "status": "downloading",
    "phase": "download",
    "percentage": 0,
    "totalFiles": 5,
    "completedFiles": 0,
    "failedFiles": 0,
    "remainingFiles": 5,
    "elapsedTime": 13.093,
    "totalBytes": 1021690,
    "processedBytes": 0,
    "bytesUploaded": 0,
    "uploadedSize": "0 B",
    "downloadSpeed": 0,
    "uploadSpeed": 0,
    "estimatedTimeRemaining": "Calculating...",
    "downloadedBytes": 8483,
    "totalDownloadBytes": 510845,
    "uploadedBytes": 0,
    "totalUploadBytes": 510845,
    "currentShardIndex": 0,
    "totalShards": 0,
    "errors": [],
    "startTime": "2025-03-27T11:56:31.099Z",
    "currentFile": "images1/0.avif",
    "totalBatches": 1
  }
}
{
  "timestamp": "2025-03-27T11:56:43.622Z",
  "message": "Progress Update",
  "data": {
    "status": "downloading",
    "phase": "download",
    "percentage": 0,
    "totalFiles": 5,
    "completedFiles": 0,
    "failedFiles": 0,
    "remainingFiles": 5,
    "elapsedTime": 13.097,
    "totalBytes": 1021690,
    "processedBytes": 0,
    "bytesUploaded": 0,
    "uploadedSize": "0 B",
    "downloadSpeed": 0,
    "uploadSpeed": 0,
    "estimatedTimeRemaining": "Calculating...",
    "downloadedBytes": 17483,
    "totalDownloadBytes": 510845,
    "uploadedBytes": 0,
    "totalUploadBytes": 510845,
    "currentShardIndex": 0,
    "totalShards": 0,
    "errors": [],
    "startTime": "2025-03-27T11:56:31.099Z",
    "currentFile": "images1/0.avif",
    "totalBatches": 1
  }
}
{
  "timestamp": "2025-03-27T11:56:43.624Z",
  "message": "Progress Update",
  "data": {
    "status": "downloading",
    "phase": "download",
    "percentage": 0,
    "totalFiles": 5,
    "completedFiles": 0,
    "failedFiles": 0,
    "remainingFiles": 5,
    "elapsedTime": 13.099,
    "totalBytes": 1021690,
    "processedBytes": 0,
    "bytesUploaded": 0,
    "uploadedSize": "0 B",
    "downloadSpeed": 0,
    "uploadSpeed": 0,
    "estimatedTimeRemaining": "Calculating...",
    "downloadedBytes": 20500,
    "totalDownloadBytes": 510845,
    "uploadedBytes": 0,
    "totalUploadBytes": 510845,
    "currentShardIndex": 0,
    "totalShards": 0,
    "errors": [],
    "startTime": "2025-03-27T11:56:31.099Z",
    "currentFile": "images1/0.avif",
    "totalBatches": 1
  }
}
{
  "timestamp": "2025-03-27T11:56:43.654Z",
  "message": "Progress Update",
  "data": {
    "status": "downloading",
    "phase": "download",
    "percentage": 0,
    "totalFiles": 5,
    "completedFiles": 0,
    "failedFiles": 0,
    "remainingFiles": 5,
    "elapsedTime": 13.129,
    "totalBytes": 1021690,
    "processedBytes": 0,
    "bytesUploaded": 0,
    "uploadedSize": "0 B",
    "downloadSpeed": 0,
    "uploadSpeed": 0,
    "estimatedTimeRemaining": "Calculating...",
    "downloadedBytes": 20500,
    "totalDownloadBytes": 510845,
    "uploadedBytes": 0,
    "totalUploadBytes": 510845,
    "currentShardIndex": 0,
    "totalShards": 0,
    "errors": [],
    "startTime": "2025-03-27T11:56:31.099Z",
    "currentFile": "images1/0.avif",
    "totalBatches": 1
  }
}
{
  "timestamp": "2025-03-27T11:56:43.657Z",
  "message": "Progress Update",
  "data": {
    "status": "downloading",
    "phase": "download",
    "percentage": 0,
    "totalFiles": 5,
    "completedFiles": 0,
    "failedFiles": 0,
    "remainingFiles": 5,
    "elapsedTime": 13.132,
    "totalBytes": 1021690,
    "processedBytes": 0,
    "bytesUploaded": 0,
    "uploadedSize": "0 B",
    "downloadSpeed": 0,
    "uploadSpeed": 0,
    "estimatedTimeRemaining": "Calculating...",
    "downloadedBytes": 16384,
    "totalDownloadBytes": 510845,
    "uploadedBytes": 0,
    "totalUploadBytes": 510845,
    "currentShardIndex": 0,
    "totalShards": 0,
    "errors": [],
    "startTime": "2025-03-27T11:56:31.099Z",
    "currentFile": "images1/0.png",
    "totalBatches": 1
  }
}
{
  "timestamp": "2025-03-27T11:56:43.662Z",
  "message": "Progress Update",
  "data": {
    "status": "downloading",
    "phase": "download",
    "percentage": 0,
    "totalFiles": 5,
    "completedFiles": 0,
    "failedFiles": 0,
    "remainingFiles": 5,
    "elapsedTime": 13.137,
    "totalBytes": 1021690,
    "processedBytes": 0,
    "bytesUploaded": 0,
    "uploadedSize": "0 B",
    "downloadSpeed": 0,
    "uploadSpeed": 0,
    "estimatedTimeRemaining": "Calculating...",
    "downloadedBytes": 16937,
    "totalDownloadBytes": 510845,
    "uploadedBytes": 0,
    "totalUploadBytes": 510845,
    "currentShardIndex": 0,
    "totalShards": 0,
    "errors": [],
    "startTime": "2025-03-27T11:56:31.099Z",
    "currentFile": "images1/0.png",
    "totalBatches": 1
  }
}
{
  "timestamp": "2025-03-27T11:56:43.672Z",
  "message": "Progress Update",
  "data": {
    "status": "downloading",
    "phase": "download",
    "percentage": 0,
    "totalFiles": 5,
    "completedFiles": 0,
    "failedFiles": 0,
    "remainingFiles": 5,
    "elapsedTime": 13.147,
    "totalBytes": 1021690,
    "processedBytes": 0,
    "bytesUploaded": 0,
    "uploadedSize": "0 B",
    "downloadSpeed": 0,
    "uploadSpeed": 0,
    "estimatedTimeRemaining": "Calculating...",
    "downloadedBytes": 16937,
    "totalDownloadBytes": 510845,
    "uploadedBytes": 0,
    "totalUploadBytes": 510845,
    "currentShardIndex": 0,
    "totalShards": 0,
    "errors": [],
    "startTime": "2025-03-27T11:56:31.099Z",
    "currentFile": "images1/0.png",
    "totalBatches": 1
  }
}
{
  "timestamp": "2025-03-27T11:56:43.676Z",
  "message": "Progress Update",
  "data": {
    "status": "downloading",
    "phase": "download",
    "percentage": 0,
    "totalFiles": 5,
    "completedFiles": 0,
    "failedFiles": 0,
    "remainingFiles": 5,
    "elapsedTime": 13.151,
    "totalBytes": 1021690,
    "processedBytes": 0,
    "bytesUploaded": 0,
    "uploadedSize": "0 B",
    "downloadSpeed": 0,
    "uploadSpeed": 0,
    "estimatedTimeRemaining": "Calculating...",
    "downloadedBytes": 8483,
    "totalDownloadBytes": 510845,
    "uploadedBytes": 0,
    "totalUploadBytes": 510845,
    "currentShardIndex": 0,
    "totalShards": 0,
    "errors": [],
    "startTime": "2025-03-27T11:56:31.099Z",
    "currentFile": "images1/3.avif",
    "totalBatches": 1
  }
}
{
  "timestamp": "2025-03-27T11:56:43.678Z",
  "message": "Progress Update",
  "data": {
    "status": "downloading",
    "phase": "download",
    "percentage": 0,
    "totalFiles": 5,
    "completedFiles": 0,
    "failedFiles": 0,
    "remainingFiles": 5,
    "elapsedTime": 13.153,
    "totalBytes": 1021690,
    "processedBytes": 0,
    "bytesUploaded": 0,
    "uploadedSize": "0 B",
    "downloadSpeed": 0,
    "uploadSpeed": 0,
    "estimatedTimeRemaining": "Calculating...",
    "downloadedBytes": 19087,
    "totalDownloadBytes": 510845,
    "uploadedBytes": 0,
    "totalUploadBytes": 510845,
    "currentShardIndex": 0,
    "totalShards": 0,
    "errors": [],
    "startTime": "2025-03-27T11:56:31.099Z",
    "currentFile": "images1/3.avif",
    "totalBatches": 1
  }
}
{
  "timestamp": "2025-03-27T11:56:43.918Z",
  "message": "Progress Update",
  "data": {
    "status": "downloading",
    "phase": "download",
    "percentage": 0,
    "totalFiles": 5,
    "completedFiles": 0,
    "failedFiles": 0,
    "remainingFiles": 5,
    "elapsedTime": 13.393,
    "totalBytes": 1021690,
    "processedBytes": 0,
    "bytesUploaded": 0,
    "uploadedSize": "0 B",
    "downloadSpeed": 0,
    "uploadSpeed": 0,
    "estimatedTimeRemaining": "Calculating...",
    "downloadedBytes": 33321,
    "totalDownloadBytes": 510845,
    "uploadedBytes": 0,
    "totalUploadBytes": 510845,
    "currentShardIndex": 0,
    "totalShards": 0,
    "errors": [],
    "startTime": "2025-03-27T11:56:31.099Z",
    "currentFile": "images1/0.png",
    "totalBatches": 1
  }
}
{
  "timestamp": "2025-03-27T11:56:43.921Z",
  "message": "Progress Update",
  "data": {
    "status": "downloading",
    "phase": "download",
    "percentage": 0,
    "totalFiles": 5,
    "completedFiles": 0,
    "failedFiles": 0,
    "remainingFiles": 5,
    "elapsedTime": 13.396,
    "totalBytes": 1021690,
    "processedBytes": 0,
    "bytesUploaded": 0,
    "uploadedSize": "0 B",
    "downloadSpeed": 0,
    "uploadSpeed": 0,
    "estimatedTimeRemaining": "Calculating...",
    "downloadedBytes": 34345,
    "totalDownloadBytes": 510845,
    "uploadedBytes": 0,
    "totalUploadBytes": 510845,
    "currentShardIndex": 0,
    "totalShards": 0,
    "errors": [],
    "startTime": "2025-03-27T11:56:31.099Z",
    "currentFile": "images1/0.png",
    "totalBatches": 1
  }
}
{
  "timestamp": "2025-03-27T11:56:43.925Z",
  "message": "Progress Update",
  "data": {
    "status": "downloading",
    "phase": "download",
    "percentage": 0,
    "totalFiles": 5,
    "completedFiles": 0,
    "failedFiles": 0,
    "remainingFiles": 5,
    "elapsedTime": 13.4,
    "totalBytes": 1021690,
    "processedBytes": 0,
    "bytesUploaded": 0,
    "uploadedSize": "0 B",
    "downloadSpeed": 0,
    "uploadSpeed": 0,
    "estimatedTimeRemaining": "Calculating...",
    "downloadedBytes": 50729,
    "totalDownloadBytes": 510845,
    "uploadedBytes": 0,
    "totalUploadBytes": 510845,
    "currentShardIndex": 0,
    "totalShards": 0,
    "errors": [],
    "startTime": "2025-03-27T11:56:31.099Z",
    "currentFile": "images1/0.png",
    "totalBatches": 1
  }
}
{
  "timestamp": "2025-03-27T11:56:43.928Z",
  "message": "Progress Update",
  "data": {
    "status": "downloading",
    "phase": "download",
    "percentage": 0,
    "totalFiles": 5,
    "completedFiles": 0,
    "failedFiles": 0,
    "remainingFiles": 5,
    "elapsedTime": 13.403,
    "totalBytes": 1021690,
    "processedBytes": 0,
    "bytesUploaded": 0,
    "uploadedSize": "0 B",
    "downloadSpeed": 0,
    "uploadSpeed": 0,
    "estimatedTimeRemaining": "Calculating...",
    "downloadedBytes": 51753,
    "totalDownloadBytes": 510845,
    "uploadedBytes": 0,
    "totalUploadBytes": 510845,
    "currentShardIndex": 0,
    "totalShards": 0,
    "errors": [],
    "startTime": "2025-03-27T11:56:31.099Z",
    "currentFile": "images1/0.png",
    "totalBatches": 1
  }
}
{
  "timestamp": "2025-03-27T11:56:43.930Z",
  "message": "Progress Update",
  "data": {
    "status": "downloading",
    "phase": "download",
    "percentage": 0,
    "totalFiles": 5,
    "completedFiles": 0,
    "failedFiles": 0,
    "remainingFiles": 5,
    "elapsedTime": 13.405,
    "totalBytes": 1021690,
    "processedBytes": 0,
    "bytesUploaded": 0,
    "uploadedSize": "0 B",
    "downloadSpeed": 0,
    "uploadSpeed": 0,
    "estimatedTimeRemaining": "Calculating...",
    "downloadedBytes": 68137,
    "totalDownloadBytes": 510845,
    "uploadedBytes": 0,
    "totalUploadBytes": 510845,
    "currentShardIndex": 0,
    "totalShards": 0,
    "errors": [],
    "startTime": "2025-03-27T11:56:31.099Z",
    "currentFile": "images1/0.png",
    "totalBatches": 1
  }
}
{
  "timestamp": "2025-03-27T11:56:43.934Z",
  "message": "Progress Update",
  "data": {
    "status": "downloading",
    "phase": "download",
    "percentage": 0,
    "totalFiles": 5,
    "completedFiles": 0,
    "failedFiles": 0,
    "remainingFiles": 5,
    "elapsedTime": 13.409,
    "totalBytes": 1021690,
    "processedBytes": 0,
    "bytesUploaded": 0,
    "uploadedSize": "0 B",
    "downloadSpeed": 0,
    "uploadSpeed": 0,
    "estimatedTimeRemaining": "Calculating...",
    "downloadedBytes": 69161,
    "totalDownloadBytes": 510845,
    "uploadedBytes": 0,
    "totalUploadBytes": 510845,
    "currentShardIndex": 0,
    "totalShards": 0,
    "errors": [],
    "startTime": "2025-03-27T11:56:31.099Z",
    "currentFile": "images1/0.png",
    "totalBatches": 1
  }
}
{
  "timestamp": "2025-03-27T11:56:44.248Z",
  "message": "Progress Update",
  "data": {
    "status": "downloading",
    "phase": "download",
    "percentage": 0,
    "totalFiles": 5,
    "completedFiles": 0,
    "failedFiles": 0,
    "remainingFiles": 5,
    "elapsedTime": 13.723,
    "totalBytes": 1021690,
    "processedBytes": 0,
    "bytesUploaded": 0,
    "uploadedSize": "0 B",
    "downloadSpeed": 0,
    "uploadSpeed": 0,
    "estimatedTimeRemaining": "Calculating...",
    "downloadedBytes": 85545,
    "totalDownloadBytes": 510845,
    "uploadedBytes": 0,
    "totalUploadBytes": 510845,
    "currentShardIndex": 0,
    "totalShards": 0,
    "errors": [],
    "startTime": "2025-03-27T11:56:31.099Z",
    "currentFile": "images1/0.png",
    "totalBatches": 1
  }
}
{
  "timestamp": "2025-03-27T11:56:44.280Z",
  "message": "Progress Update",
  "data": {
    "status": "downloading",
    "phase": "download",
    "percentage": 0,
    "totalFiles": 5,
    "completedFiles": 0,
    "failedFiles": 0,
    "remainingFiles": 5,
    "elapsedTime": 13.755,
    "totalBytes": 1021690,
    "processedBytes": 0,
    "bytesUploaded": 0,
    "uploadedSize": "0 B",
    "downloadSpeed": 0,
    "uploadSpeed": 0,
    "estimatedTimeRemaining": "Calculating...",
    "downloadedBytes": 86569,
    "totalDownloadBytes": 510845,
    "uploadedBytes": 0,
    "totalUploadBytes": 510845,
    "currentShardIndex": 0,
    "totalShards": 0,
    "errors": [],
    "startTime": "2025-03-27T11:56:31.099Z",
    "currentFile": "images1/0.png",
    "totalBatches": 1
  }
}
{
  "timestamp": "2025-03-27T11:56:44.349Z",
  "message": "Progress Update",
  "data": {
    "status": "downloading",
    "phase": "download",
    "percentage": 0,
    "totalFiles": 5,
    "completedFiles": 0,
    "failedFiles": 0,
    "remainingFiles": 5,
    "elapsedTime": 13.824,
    "totalBytes": 1021690,
    "processedBytes": 0,
    "bytesUploaded": 0,
    "uploadedSize": "0 B",
    "downloadSpeed": 0,
    "uploadSpeed": 0,
    "estimatedTimeRemaining": "Calculating...",
    "downloadedBytes": 102953,
    "totalDownloadBytes": 510845,
    "uploadedBytes": 0,
    "totalUploadBytes": 510845,
    "currentShardIndex": 0,
    "totalShards": 0,
    "errors": [],
    "startTime": "2025-03-27T11:56:31.099Z",
    "currentFile": "images1/0.png",
    "totalBatches": 1
  }
}
{
  "timestamp": "2025-03-27T11:56:44.423Z",
  "message": "Progress Update",
  "data": {
    "status": "downloading",
    "phase": "download",
    "percentage": 0,
    "totalFiles": 5,
    "completedFiles": 0,
    "failedFiles": 0,
    "remainingFiles": 5,
    "elapsedTime": 13.898,
    "totalBytes": 1021690,
    "processedBytes": 0,
    "bytesUploaded": 0,
    "uploadedSize": "0 B",
    "downloadSpeed": 0,
    "uploadSpeed": 0,
    "estimatedTimeRemaining": "Calculating...",
    "downloadedBytes": 103977,
    "totalDownloadBytes": 510845,
    "uploadedBytes": 0,
    "totalUploadBytes": 510845,
    "currentShardIndex": 0,
    "totalShards": 0,
    "errors": [],
    "startTime": "2025-03-27T11:56:31.099Z",
    "currentFile": "images1/0.png",
    "totalBatches": 1
  }
}
{
  "timestamp": "2025-03-27T11:56:44.476Z",
  "message": "Progress Update",
  "data": {
    "status": "downloading",
    "phase": "download",
    "percentage": 0,
    "totalFiles": 5,
    "completedFiles": 0,
    "failedFiles": 0,
    "remainingFiles": 5,
    "elapsedTime": 13.951,
    "totalBytes": 1021690,
    "processedBytes": 0,
    "bytesUploaded": 0,
    "uploadedSize": "0 B",
    "downloadSpeed": 0,
    "uploadSpeed": 0,
    "estimatedTimeRemaining": "Calculating...",
    "downloadedBytes": 120361,
    "totalDownloadBytes": 510845,
    "uploadedBytes": 0,
    "totalUploadBytes": 510845,
    "currentShardIndex": 0,
    "totalShards": 0,
    "errors": [],
    "startTime": "2025-03-27T11:56:31.099Z",
    "currentFile": "images1/0.png",
    "totalBatches": 1
  }
}
{
  "timestamp": "2025-03-27T11:56:44.530Z",
  "message": "Progress Update",
  "data": {
    "status": "downloading",
    "phase": "download",
    "percentage": 0,
    "totalFiles": 5,
    "completedFiles": 0,
    "failedFiles": 0,
    "remainingFiles": 5,
    "elapsedTime": 14.005,
    "totalBytes": 1021690,
    "processedBytes": 0,
    "bytesUploaded": 0,
    "uploadedSize": "0 B",
    "downloadSpeed": 0,
    "uploadSpeed": 0,
    "estimatedTimeRemaining": "Calculating...",
    "downloadedBytes": 121385,
    "totalDownloadBytes": 510845,
    "uploadedBytes": 0,
    "totalUploadBytes": 510845,
    "currentShardIndex": 0,
    "totalShards": 0,
    "errors": [],
    "startTime": "2025-03-27T11:56:31.099Z",
    "currentFile": "images1/0.png",
    "totalBatches": 1
  }
}
{
  "timestamp": "2025-03-27T11:56:44.581Z",
  "message": "Progress Update",
  "data": {
    "status": "downloading",
    "phase": "download",
    "percentage": 0,
    "totalFiles": 5,
    "completedFiles": 0,
    "failedFiles": 0,
    "remainingFiles": 5,
    "elapsedTime": 14.056,
    "totalBytes": 1021690,
    "processedBytes": 0,
    "bytesUploaded": 0,
    "uploadedSize": "0 B",
    "downloadSpeed": 0,
    "uploadSpeed": 0,
    "estimatedTimeRemaining": "Calculating...",
    "downloadedBytes": 137769,
    "totalDownloadBytes": 510845,
    "uploadedBytes": 0,
    "totalUploadBytes": 510845,
    "currentShardIndex": 0,
    "totalShards": 0,
    "errors": [],
    "startTime": "2025-03-27T11:56:31.099Z",
    "currentFile": "images1/0.png",
    "totalBatches": 1
  }
}
{
  "timestamp": "2025-03-27T11:56:44.593Z",
  "message": "Progress Update",
  "data": {
    "status": "downloading",
    "phase": "download",
    "percentage": 0,
    "totalFiles": 5,
    "completedFiles": 0,
    "failedFiles": 0,
    "remainingFiles": 5,
    "elapsedTime": 14.068,
    "totalBytes": 1021690,
    "processedBytes": 0,
    "bytesUploaded": 0,
    "uploadedSize": "0 B",
    "downloadSpeed": 0,
    "uploadSpeed": 0,
    "estimatedTimeRemaining": "Calculating...",
    "downloadedBytes": 138793,
    "totalDownloadBytes": 510845,
    "uploadedBytes": 0,
    "totalUploadBytes": 510845,
    "currentShardIndex": 0,
    "totalShards": 0,
    "errors": [],
    "startTime": "2025-03-27T11:56:31.099Z",
    "currentFile": "images1/0.png",
    "totalBatches": 1
  }
}
{
  "timestamp": "2025-03-27T11:56:44.596Z",
  "message": "Progress Update",
  "data": {
    "status": "downloading",
    "phase": "download",
    "percentage": 0,
    "totalFiles": 5,
    "completedFiles": 0,
    "failedFiles": 0,
    "remainingFiles": 5,
    "elapsedTime": 14.071,
    "totalBytes": 1021690,
    "processedBytes": 0,
    "bytesUploaded": 0,
    "uploadedSize": "0 B",
    "downloadSpeed": 0,
    "uploadSpeed": 0,
    "estimatedTimeRemaining": "Calculating...",
    "downloadedBytes": 155177,
    "totalDownloadBytes": 510845,
    "uploadedBytes": 0,
    "totalUploadBytes": 510845,
    "currentShardIndex": 0,
    "totalShards": 0,
    "errors": [],
    "startTime": "2025-03-27T11:56:31.099Z",
    "currentFile": "images1/0.png",
    "totalBatches": 1
  }
}
{
  "timestamp": "2025-03-27T11:56:44.606Z",
  "message": "Progress Update",
  "data": {
    "status": "downloading",
    "phase": "download",
    "percentage": 0,
    "totalFiles": 5,
    "completedFiles": 0,
    "failedFiles": 0,
    "remainingFiles": 5,
    "elapsedTime": 14.081,
    "totalBytes": 1021690,
    "processedBytes": 0,
    "bytesUploaded": 0,
    "uploadedSize": "0 B",
    "downloadSpeed": 0,
    "uploadSpeed": 0,
    "estimatedTimeRemaining": "Calculating...",
    "downloadedBytes": 156201,
    "totalDownloadBytes": 510845,
    "uploadedBytes": 0,
    "totalUploadBytes": 510845,
    "currentShardIndex": 0,
    "totalShards": 0,
    "errors": [],
    "startTime": "2025-03-27T11:56:31.099Z",
    "currentFile": "images1/0.png",
    "totalBatches": 1
  }
}
{
  "timestamp": "2025-03-27T11:56:44.615Z",
  "message": "Progress Update",
  "data": {
    "status": "downloading",
    "phase": "download",
    "percentage": 0,
    "totalFiles": 5,
    "completedFiles": 0,
    "failedFiles": 0,
    "remainingFiles": 5,
    "elapsedTime": 14.09,
    "totalBytes": 1021690,
    "processedBytes": 0,
    "bytesUploaded": 0,
    "uploadedSize": "0 B",
    "downloadSpeed": 0,
    "uploadSpeed": 0,
    "estimatedTimeRemaining": "Calculating...",
    "downloadedBytes": 172585,
    "totalDownloadBytes": 510845,
    "uploadedBytes": 0,
    "totalUploadBytes": 510845,
    "currentShardIndex": 0,
    "totalShards": 0,
    "errors": [],
    "startTime": "2025-03-27T11:56:31.099Z",
    "currentFile": "images1/0.png",
    "totalBatches": 1
  }
}
{
  "timestamp": "2025-03-27T11:56:44.633Z",
  "message": "Progress Update",
  "data": {
    "status": "downloading",
    "phase": "download",
    "percentage": 0,
    "totalFiles": 5,
    "completedFiles": 0,
    "failedFiles": 0,
    "remainingFiles": 5,
    "elapsedTime": 14.108,
    "totalBytes": 1021690,
    "processedBytes": 0,
    "bytesUploaded": 0,
    "uploadedSize": "0 B",
    "downloadSpeed": 0,
    "uploadSpeed": 0,
    "estimatedTimeRemaining": "Calculating...",
    "downloadedBytes": 173609,
    "totalDownloadBytes": 510845,
    "uploadedBytes": 0,
    "totalUploadBytes": 510845,
    "currentShardIndex": 0,
    "totalShards": 0,
    "errors": [],
    "startTime": "2025-03-27T11:56:31.099Z",
    "currentFile": "images1/0.png",
    "totalBatches": 1
  }
}
{
  "timestamp": "2025-03-27T11:56:44.659Z",
  "message": "Progress Update",
  "data": {
    "status": "downloading",
    "phase": "download",
    "percentage": 0,
    "totalFiles": 5,
    "completedFiles": 0,
    "failedFiles": 0,
    "remainingFiles": 5,
    "elapsedTime": 14.134,
    "totalBytes": 1021690,
    "processedBytes": 0,
    "bytesUploaded": 0,
    "uploadedSize": "0 B",
    "downloadSpeed": 0,
    "uploadSpeed": 0,
    "estimatedTimeRemaining": "Calculating...",
    "downloadedBytes": 189993,
    "totalDownloadBytes": 510845,
    "uploadedBytes": 0,
    "totalUploadBytes": 510845,
    "currentShardIndex": 0,
    "totalShards": 0,
    "errors": [],
    "startTime": "2025-03-27T11:56:31.099Z",
    "currentFile": "images1/0.png",
    "totalBatches": 1
  }
}
{
  "timestamp": "2025-03-27T11:56:44.675Z",
  "message": "Progress Update",
  "data": {
    "status": "downloading",
    "phase": "download",
    "percentage": 0,
    "totalFiles": 5,
    "completedFiles": 0,
    "failedFiles": 0,
    "remainingFiles": 5,
    "elapsedTime": 14.15,
    "totalBytes": 1021690,
    "processedBytes": 0,
    "bytesUploaded": 0,
    "uploadedSize": "0 B",
    "downloadSpeed": 0,
    "uploadSpeed": 0,
    "estimatedTimeRemaining": "Calculating...",
    "downloadedBytes": 191017,
    "totalDownloadBytes": 510845,
    "uploadedBytes": 0,
    "totalUploadBytes": 510845,
    "currentShardIndex": 0,
    "totalShards": 0,
    "errors": [],
    "startTime": "2025-03-27T11:56:31.099Z",
    "currentFile": "images1/0.png",
    "totalBatches": 1
  }
}
{
  "timestamp": "2025-03-27T11:56:44.962Z",
  "message": "Progress Update",
  "data": {
    "status": "downloading",
    "phase": "download",
    "percentage": 0,
    "totalFiles": 5,
    "completedFiles": 0,
    "failedFiles": 0,
    "remainingFiles": 5,
    "elapsedTime": 14.437,
    "totalBytes": 1021690,
    "processedBytes": 0,
    "bytesUploaded": 0,
    "uploadedSize": "0 B",
    "downloadSpeed": 0,
    "uploadSpeed": 0,
    "estimatedTimeRemaining": "Calculating...",
    "downloadedBytes": 207401,
    "totalDownloadBytes": 510845,
    "uploadedBytes": 0,
    "totalUploadBytes": 510845,
    "currentShardIndex": 0,
    "totalShards": 0,
    "errors": [],
    "startTime": "2025-03-27T11:56:31.099Z",
    "currentFile": "images1/0.png",
    "totalBatches": 1
  }
}
{
  "timestamp": "2025-03-27T11:56:45.077Z",
  "message": "Progress Update",
  "data": {
    "status": "downloading",
    "phase": "download",
    "percentage": 0,
    "totalFiles": 5,
    "completedFiles": 0,
    "failedFiles": 0,
    "remainingFiles": 5,
    "elapsedTime": 14.552,
    "totalBytes": 1021690,
    "processedBytes": 0,
    "bytesUploaded": 0,
    "uploadedSize": "0 B",
    "downloadSpeed": 0,
    "uploadSpeed": 0,
    "estimatedTimeRemaining": "Calculating...",
    "downloadedBytes": 208425,
    "totalDownloadBytes": 510845,
    "uploadedBytes": 0,
    "totalUploadBytes": 510845,
    "currentShardIndex": 0,
    "totalShards": 0,
    "errors": [],
    "startTime": "2025-03-27T11:56:31.099Z",
    "currentFile": "images1/0.png",
    "totalBatches": 1
  }
}
{
  "timestamp": "2025-03-27T11:56:45.094Z",
  "message": "Progress Update",
  "data": {
    "status": "downloading",
    "phase": "download",
    "percentage": 0,
    "totalFiles": 5,
    "completedFiles": 0,
    "failedFiles": 0,
    "remainingFiles": 5,
    "elapsedTime": 14.569,
    "totalBytes": 1021690,
    "processedBytes": 0,
    "bytesUploaded": 0,
    "uploadedSize": "0 B",
    "downloadSpeed": 0,
    "uploadSpeed": 0,
    "estimatedTimeRemaining": "Calculating...",
    "downloadedBytes": 224809,
    "totalDownloadBytes": 510845,
    "uploadedBytes": 0,
    "totalUploadBytes": 510845,
    "currentShardIndex": 0,
    "totalShards": 0,
    "errors": [],
    "startTime": "2025-03-27T11:56:31.099Z",
    "currentFile": "images1/0.png",
    "totalBatches": 1
  }
}
{
  "timestamp": "2025-03-27T11:56:45.097Z",
  "message": "Progress Update",
  "data": {
    "status": "downloading",
    "phase": "download",
    "percentage": 0,
    "totalFiles": 5,
    "completedFiles": 0,
    "failedFiles": 0,
    "remainingFiles": 5,
    "elapsedTime": 14.572,
    "totalBytes": 1021690,
    "processedBytes": 0,
    "bytesUploaded": 0,
    "uploadedSize": "0 B",
    "downloadSpeed": 0,
    "uploadSpeed": 0,
    "estimatedTimeRemaining": "Calculating...",
    "downloadedBytes": 225833,
    "totalDownloadBytes": 510845,
    "uploadedBytes": 0,
    "totalUploadBytes": 510845,
    "currentShardIndex": 0,
    "totalShards": 0,
    "errors": [],
    "startTime": "2025-03-27T11:56:31.099Z",
    "currentFile": "images1/0.png",
    "totalBatches": 1
  }
}
{
  "timestamp": "2025-03-27T11:56:45.109Z",
  "message": "Progress Update",
  "data": {
    "status": "downloading",
    "phase": "download",
    "percentage": 0,
    "totalFiles": 5,
    "completedFiles": 0,
    "failedFiles": 0,
    "remainingFiles": 5,
    "elapsedTime": 14.584,
    "totalBytes": 1021690,
    "processedBytes": 0,
    "bytesUploaded": 0,
    "uploadedSize": "0 B",
    "downloadSpeed": 0,
    "uploadSpeed": 0,
    "estimatedTimeRemaining": "Calculating...",
    "downloadedBytes": 242217,
    "totalDownloadBytes": 510845,
    "uploadedBytes": 0,
    "totalUploadBytes": 510845,
    "currentShardIndex": 0,
    "totalShards": 0,
    "errors": [],
    "startTime": "2025-03-27T11:56:31.099Z",
    "currentFile": "images1/0.png",
    "totalBatches": 1
  }
}
{
  "timestamp": "2025-03-27T11:56:45.111Z",
  "message": "Progress Update",
  "data": {
    "status": "downloading",
    "phase": "download",
    "percentage": 0,
    "totalFiles": 5,
    "completedFiles": 0,
    "failedFiles": 0,
    "remainingFiles": 5,
    "elapsedTime": 14.586,
    "totalBytes": 1021690,
    "processedBytes": 0,
    "bytesUploaded": 0,
    "uploadedSize": "0 B",
    "downloadSpeed": 0,
    "uploadSpeed": 0,
    "estimatedTimeRemaining": "Calculating...",
    "downloadedBytes": 243241,
    "totalDownloadBytes": 510845,
    "uploadedBytes": 0,
    "totalUploadBytes": 510845,
    "currentShardIndex": 0,
    "totalShards": 0,
    "errors": [],
    "startTime": "2025-03-27T11:56:31.099Z",
    "currentFile": "images1/0.png",
    "totalBatches": 1
  }
}
{
  "timestamp": "2025-03-27T11:56:45.114Z",
  "message": "Progress Update",
  "data": {
    "status": "downloading",
    "phase": "download",
    "percentage": 0,
    "totalFiles": 5,
    "completedFiles": 0,
    "failedFiles": 0,
    "remainingFiles": 5,
    "elapsedTime": 14.589,
    "totalBytes": 1021690,
    "processedBytes": 0,
    "bytesUploaded": 0,
    "uploadedSize": "0 B",
    "downloadSpeed": 0,
    "uploadSpeed": 0,
    "estimatedTimeRemaining": "Calculating...",
    "downloadedBytes": 251145,
    "totalDownloadBytes": 510845,
    "uploadedBytes": 0,
    "totalUploadBytes": 510845,
    "currentShardIndex": 0,
    "totalShards": 0,
    "errors": [],
    "startTime": "2025-03-27T11:56:31.099Z",
    "currentFile": "images1/0.png",
    "totalBatches": 1
  }
}
{
  "timestamp": "2025-03-27T11:56:45.637Z",
  "message": "Progress Update",
  "data": {
    "status": "uploading",
    "phase": "upload",
    "percentage": 0,
    "totalFiles": 5,
    "completedFiles": 0,
    "failedFiles": 0,
    "remainingFiles": 5,
    "elapsedTime": 15.112,
    "totalBytes": 1021690,
    "processedBytes": 0,
    "bytesUploaded": 0,
    "uploadedSize": "0 B",
    "downloadSpeed": 0,
    "uploadSpeed": 0,
    "estimatedTimeRemaining": "Calculating...",
    "downloadedBytes": 251145,
    "totalDownloadBytes": 510845,
    "uploadedBytes": 0,
    "totalUploadBytes": 510845,
    "currentShardIndex": 0,
    "totalShards": 0,
    "errors": [],
    "startTime": "2025-03-27T11:56:31.099Z",
    "currentFile": "images1/0.png",
    "totalBatches": 1
  }
}
{
  "timestamp": "2025-03-27T11:56:57.993Z",
  "message": "Progress Update",
  "data": {
    "status": "completed",
    "phase": "completed",
    "percentage": 0,
    "totalFiles": 5,
    "completedFiles": 5,
    "failedFiles": 0,
    "remainingFiles": 0,
    "elapsedTime": 27.468,
    "totalBytes": 1021690,
    "processedBytes": 1021690,
    "bytesUploaded": 1021690,
    "uploadedSize": "997.74 KB",
    "downloadSpeed": 0,
    "uploadSpeed": 0,
    "estimatedTimeRemaining": "Complete",
    "downloadedBytes": 251145,
    "totalDownloadBytes": 510845,
    "uploadedBytes": 0,
    "totalUploadBytes": 510845,
    "currentShardIndex": 0,
    "totalShards": 0,
    "errors": [],
    "startTime": "2025-03-27T11:56:31.099Z",
    "currentFile": "images1/0.png",
    "totalBatches": 1,
    "endTime": "2025-03-27T11:56:57.993Z"
  }
}
{
  "timestamp": "2025-03-27T11:56:57.997Z",
  "message": "Migration session ended"
}
