[2025-03-27T10:42:37.996Z] Migration started
[2025-03-27T10:42:40.585Z] Progress update
{
  "phase": "preparing",
  "status": "preparing",
  "percentage": "0.00%",
  "completedFiles": "0/5",
  "bytesUploaded": "0 B/0 B",
  "transferProgress": {
    "bytesTransferred": 0,
    "bytesTotal": 0,
    "percentage": 0,
    "speed": "0 B/s",
    "estimatedTimeRemaining": "Calculating..."
  },
  "elapsedTime": "2s",
  "timeRemaining": "Calculating...",
  "speed": "0 B/s"
}
[2025-03-27T10:42:40.697Z] Phase changed from preparing to download
[2025-03-27T10:42:40.699Z] DOWNLOAD Progress
{
  "percentage": "0.00%",
  "speed": "0 B/s",
  "processed": "0 B",
  "total": "0 B",
  "timeElapsed": "2s",
  "timeRemaining": "Calculating..."
}
[2025-03-27T10:42:40.699Z] Progress update
{
  "phase": "download",
  "status": "downloading",
  "percentage": "0.00%",
  "completedFiles": "0/5",
  "bytesUploaded": "0 B/0 B",
  "transferProgress": {
    "bytesTransferred": 0,
    "bytesTotal": 0,
    "percentage": 0,
    "speed": "0 B/s",
    "estimatedTimeRemaining": "Calculating..."
  },
  "elapsedTime": "2s",
  "timeRemaining": "Calculating...",
  "speed": "0 B/s"
}
[2025-03-27T10:42:49.924Z] DOWNLOAD Progress
{
  "percentage": "0.00%",
  "speed": "0 B/s",
  "processed": "0 B",
  "total": "498.87 KB",
  "timeElapsed": "11s",
  "timeRemaining": "Calculating..."
}
[2025-03-27T10:42:49.925Z] Progress update
{
  "phase": "download",
  "status": "downloading",
  "percentage": "0.00%",
  "completedFiles": "0/5",
  "bytesUploaded": "0 B/997.74 KB",
  "transferProgress": {
    "bytesTransferred": 0,
    "bytesTotal": 510845,
    "percentage": 0,
    "speed": "0 B/s",
    "estimatedTimeRemaining": "Calculating..."
  },
  "elapsedTime": "11s",
  "timeRemaining": "Calculating...",
  "speed": "0 B/s"
}
[2025-03-27T10:42:51.857Z] DOWNLOAD Progress
{
  "percentage": "0.00%",
  "speed": "0 B/s",
  "processed": "0 B",
  "total": "498.87 KB",
  "timeElapsed": "13s",
  "timeRemaining": "Calculating..."
}
[2025-03-27T10:42:51.857Z] Progress update
{
  "phase": "download",
  "status": "downloading",
  "percentage": "0.00%",
  "completedFiles": "0/5",
  "bytesUploaded": "0 B/997.74 KB",
  "transferProgress": {
    "bytesTransferred": 0,
    "bytesTotal": 510845,
    "percentage": 0,
    "speed": "0 B/s",
    "estimatedTimeRemaining": "Calculating..."
  },
  "elapsedTime": "13s",
  "timeRemaining": "Calculating...",
  "speed": "0 B/s"
}
[2025-03-27T10:42:52.657Z] DOWNLOAD Progress
{
  "percentage": "4.01%",
  "speed": "0 B/s",
  "processed": "20.02 KB",
  "total": "498.87 KB",
  "timeElapsed": "14s",
  "timeRemaining": "Calculating..."
}
[2025-03-27T10:42:52.657Z] Progress update
{
  "phase": "download",
  "status": "downloading",
  "percentage": "2.01%",
  "completedFiles": "0/5",
  "bytesUploaded": "0 B/997.74 KB",
  "transferProgress": {
    "bytesTransferred": 20500,
    "bytesTotal": 510845,
    "percentage": 4.0129589210034355,
    "speed": "0 B/s",
    "estimatedTimeRemaining": "Calculating..."
  },
  "elapsedTime": "14s",
  "timeRemaining": "Calculating...",
  "speed": "0 B/s"
}
[2025-03-27T10:42:52.920Z] DOWNLOAD Progress
{
  "percentage": "6.52%",
  "speed": "7.65 KB/s",
  "processed": "32.53 KB",
  "total": "498.87 KB",
  "timeElapsed": "14s",
  "timeRemaining": "1m 0s remaining"
}
[2025-03-27T10:42:52.920Z] Progress update
{
  "phase": "download",
  "status": "downloading",
  "percentage": "3.26%",
  "completedFiles": "0/5",
  "bytesUploaded": "0 B/997.74 KB",
  "transferProgress": {
    "bytesTransferred": 33315,
    "bytesTotal": 510845,
    "percentage": 6.521547631864852,
    "speed": "7.65 KB/s",
    "estimatedTimeRemaining": "1m 0s remaining"
  },
  "elapsedTime": "14s",
  "timeRemaining": "1m 0s remaining",
  "speed": "7.65 KB/s"
}
[2025-03-27T10:42:53.187Z] DOWNLOAD Progress
{
  "percentage": "17.08%",
  "speed": "0 B/s",
  "processed": "85.22 KB",
  "total": "498.87 KB",
  "timeElapsed": "15s",
  "timeRemaining": "54s remaining"
}
[2025-03-27T10:42:53.187Z] Progress update
{
  "phase": "download",
  "status": "downloading",
  "percentage": "8.54%",
  "completedFiles": "0/5",
  "bytesUploaded": "0 B/997.74 KB",
  "transferProgress": {
    "bytesTransferred": 87269,
    "bytesTotal": 510845,
    "percentage": 17.083264003758476,
    "speed": "0 B/s",
    "estimatedTimeRemaining": "54s remaining"
  },
  "elapsedTime": "15s",
  "timeRemaining": "54s remaining",
  "speed": "0 B/s"
}
[2025-03-27T10:42:53.451Z] DOWNLOAD Progress
{
  "percentage": "34.12%",
  "speed": "0 B/s",
  "processed": "170.22 KB",
  "total": "498.87 KB",
  "timeElapsed": "15s",
  "timeRemaining": "42s remaining"
}
[2025-03-27T10:42:53.451Z] Progress update
{
  "phase": "download",
  "status": "downloading",
  "percentage": "17.06%",
  "completedFiles": "0/5",
  "bytesUploaded": "0 B/997.74 KB",
  "transferProgress": {
    "bytesTransferred": 174309,
    "bytesTotal": 510845,
    "percentage": 34.12170032005794,
    "speed": "0 B/s",
    "estimatedTimeRemaining": "42s remaining"
  },
  "elapsedTime": "15s",
  "timeRemaining": "42s remaining",
  "speed": "0 B/s"
}
[2025-03-27T10:42:54.014Z] Phase changed from download to upload
[2025-03-27T10:42:54.014Z] UPLOAD Progress
{
  "percentage": "0.00%",
  "speed": "177.62 B/s",
  "processed": "0 B",
  "total": "498.87 KB",
  "timeElapsed": "16s",
  "timeRemaining": "Calculating..."
}
[2025-03-27T10:42:54.014Z] Progress update
{
  "phase": "upload",
  "status": "uploading",
  "percentage": "24.58%",
  "completedFiles": "0/5",
  "bytesUploaded": "0 B/997.74 KB",
  "transferProgress": {
    "bytesTransferred": 0,
    "bytesTotal": 510845,
    "percentage": 0,
    "speed": "177.62 B/s",
    "estimatedTimeRemaining": "Calculating..."
  },
  "elapsedTime": "16s",
  "timeRemaining": "Calculating...",
  "speed": "177.62 B/s"
}
[2025-03-27T10:43:05.517Z] Phase changed from upload to preparing
[2025-03-27T10:43:05.517Z] Progress update
{
  "phase": "preparing",
  "status": "completed",
  "percentage": "24.58%",
  "completedFiles": "5/5",
  "bytesUploaded": "0 B/997.74 KB",
  "transferProgress": {
    "bytesTransferred": 0,
    "bytesTotal": 510845,
    "percentage": 0,
    "speed": "177.62 B/s",
    "estimatedTimeRemaining": "Calculating..."
  },
  "elapsedTime": "27s",
  "timeRemaining": "Calculating...",
  "speed": "0 B/s"
}
[2025-03-27T10:43:05.522Z] Migration session ended
