{
  "timestamp": "2025-03-27T11:14:14.227Z",
  "message": "Migration started",
  "data": {
    "status": "preparing",
    "phase": "preparing",
    "percentage": 0,
    "totalFiles": 0,
    "completedFiles": 0,
    "failedFiles": 0,
    "remainingFiles": 0,
    "elapsedTime": 0,
    "totalBytes": 0,
    "processedBytes": 0,
    "bytesUploaded": 0,
    "uploadedSize": "0 B",
    "downloadSpeed": 0,
    "uploadSpeed": 0,
    "estimatedTimeRemaining": "Calculating...",
    "downloadedBytes": 0,
    "totalDownloadBytes": 0,
    "uploadedBytes": 0,
    "totalUploadBytes": 0,
    "currentShardIndex": 0,
    "totalShards": 0,
    "errors": []
  }
}
{
  "timestamp": "2025-03-27T11:14:17.536Z",
  "message": "Progress Update",
  "data": {
    "status": "preparing",
    "phase": "preparing",
    "percentage": 0,
    "totalFiles": 5,
    "completedFiles": 0,
    "failedFiles": 0,
    "remainingFiles": 5,
    "elapsedTime": 0,
    "totalBytes": 0,
    "processedBytes": 0,
    "bytesUploaded": 0,
    "uploadedSize": "0 B",
    "downloadSpeed": 0,
    "uploadSpeed": 0,
    "estimatedTimeRemaining": "Calculating...",
    "downloadedBytes": 0,
    "totalDownloadBytes": 0,
    "uploadedBytes": 0,
    "totalUploadBytes": 0,
    "currentShardIndex": 0,
    "totalShards": 0,
    "errors": [],
    "startTime": "2025-03-27T11:14:14.434Z",
    "currentFile": "images",
    "totalBatches": 1
  }
}
{
  "timestamp": "2025-03-27T11:14:17.643Z",
  "message": "Progress Update",
  "data": {
    "status": "downloading",
    "phase": "download",
    "percentage": 0,
    "totalFiles": 5,
    "completedFiles": 0,
    "failedFiles": 0,
    "remainingFiles": 5,
    "elapsedTime": 3.209,
    "totalBytes": 0,
    "processedBytes": 0,
    "bytesUploaded": 0,
    "uploadedSize": "0 B",
    "downloadSpeed": 0,
    "uploadSpeed": 0,
    "estimatedTimeRemaining": "Calculating...",
    "downloadedBytes": 0,
    "totalDownloadBytes": 0,
    "uploadedBytes": 0,
    "totalUploadBytes": 0,
    "currentShardIndex": 0,
    "totalShards": 0,
    "errors": [],
    "startTime": "2025-03-27T11:14:14.434Z",
    "currentFile": "images",
    "totalBatches": 1
  }
}
{
  "timestamp": "2025-03-27T11:14:28.308Z",
  "message": "Progress Update",
  "data": {
    "status": "downloading",
    "phase": "download",
    "percentage": 0,
    "totalFiles": 5,
    "completedFiles": 0,
    "failedFiles": 0,
    "remainingFiles": 5,
    "elapsedTime": 13.874,
    "totalBytes": 1021690,
    "processedBytes": 0,
    "bytesUploaded": 0,
    "uploadedSize": "0 B",
    "downloadSpeed": 0,
    "uploadSpeed": 0,
    "estimatedTimeRemaining": "Calculating...",
    "downloadedBytes": 0,
    "totalDownloadBytes": 510845,
    "uploadedBytes": 0,
    "totalUploadBytes": 510845,
    "currentShardIndex": 0,
    "totalShards": 0,
    "errors": [],
    "startTime": "2025-03-27T11:14:14.434Z",
    "currentFile": "images",
    "totalBatches": 1
  }
}
{
  "timestamp": "2025-03-27T11:14:28.311Z",
  "message": "Progress Update",
  "data": {
    "status": "downloading",
    "phase": "download",
    "percentage": 0,
    "totalFiles": 5,
    "completedFiles": 0,
    "failedFiles": 0,
    "remainingFiles": 5,
    "elapsedTime": 13.877,
    "totalBytes": 1021690,
    "processedBytes": 0,
    "bytesUploaded": 0,
    "uploadedSize": "0 B",
    "downloadSpeed": 0,
    "uploadSpeed": 0,
    "estimatedTimeRemaining": "Calculating...",
    "downloadedBytes": 0,
    "totalDownloadBytes": 510845,
    "uploadedBytes": 0,
    "totalUploadBytes": 510845,
    "currentShardIndex": 0,
    "totalShards": 0,
    "errors": [],
    "startTime": "2025-03-27T11:14:14.434Z",
    "currentFile": "Batch 1/1",
    "totalBatches": 1
  }
}
{
  "timestamp": "2025-03-27T11:14:31.027Z",
  "message": "Progress Update",
  "data": {
    "status": "downloading",
    "phase": "download",
    "percentage": 0,
    "totalFiles": 5,
    "completedFiles": 0,
    "failedFiles": 0,
    "remainingFiles": 5,
    "elapsedTime": 16.593,
    "totalBytes": 1021690,
    "processedBytes": 0,
    "bytesUploaded": 0,
    "uploadedSize": "0 B",
    "downloadSpeed": 0,
    "uploadSpeed": 0,
    "estimatedTimeRemaining": "Calculating...",
    "downloadedBytes": 0,
    "totalDownloadBytes": 510845,
    "uploadedBytes": 0,
    "totalUploadBytes": 510845,
    "currentShardIndex": 0,
    "totalShards": 0,
    "errors": [],
    "startTime": "2025-03-27T11:14:14.434Z",
    "currentFile": "Batch 1/1",
    "totalBatches": 1
  }
}
{
  "timestamp": "2025-03-27T11:14:31.031Z",
  "message": "Progress Update",
  "data": {
    "status": "downloading",
    "phase": "download",
    "percentage": 0,
    "totalFiles": 5,
    "completedFiles": 0,
    "failedFiles": 0,
    "remainingFiles": 5,
    "elapsedTime": 16.597,
    "totalBytes": 1021690,
    "processedBytes": 0,
    "bytesUploaded": 0,
    "uploadedSize": "0 B",
    "downloadSpeed": 0,
    "uploadSpeed": 0,
    "estimatedTimeRemaining": "Calculating...",
    "downloadedBytes": 8483,
    "totalDownloadBytes": 510845,
    "uploadedBytes": 0,
    "totalUploadBytes": 510845,
    "currentShardIndex": 0,
    "totalShards": 0,
    "errors": [],
    "startTime": "2025-03-27T11:14:14.434Z",
    "currentFile": "images1/3.avif",
    "totalBatches": 1
  }
}
{
  "timestamp": "2025-03-27T11:14:31.034Z",
  "message": "Progress Update",
  "data": {
    "status": "downloading",
    "phase": "download",
    "percentage": 0,
    "totalFiles": 5,
    "completedFiles": 0,
    "failedFiles": 0,
    "remainingFiles": 5,
    "elapsedTime": 16.6,
    "totalBytes": 1021690,
    "processedBytes": 0,
    "bytesUploaded": 0,
    "uploadedSize": "0 B",
    "downloadSpeed": 0,
    "uploadSpeed": 0,
    "estimatedTimeRemaining": "Calculating...",
    "downloadedBytes": 19087,
    "totalDownloadBytes": 510845,
    "uploadedBytes": 0,
    "totalUploadBytes": 510845,
    "currentShardIndex": 0,
    "totalShards": 0,
    "errors": [],
    "startTime": "2025-03-27T11:14:14.434Z",
    "currentFile": "images1/3.avif",
    "totalBatches": 1
  }
}
{
  "timestamp": "2025-03-27T11:14:31.039Z",
  "message": "Progress Update",
  "data": {
    "status": "downloading",
    "phase": "download",
    "percentage": 0,
    "totalFiles": 5,
    "completedFiles": 0,
    "failedFiles": 0,
    "remainingFiles": 5,
    "elapsedTime": 16.605,
    "totalBytes": 1021690,
    "processedBytes": 0,
    "bytesUploaded": 0,
    "uploadedSize": "0 B",
    "downloadSpeed": 0,
    "uploadSpeed": 0,
    "estimatedTimeRemaining": "Calculating...",
    "downloadedBytes": 19087,
    "totalDownloadBytes": 510845,
    "uploadedBytes": 0,
    "totalUploadBytes": 510845,
    "currentShardIndex": 0,
    "totalShards": 0,
    "errors": [],
    "startTime": "2025-03-27T11:14:14.434Z",
    "currentFile": "images1/3.avif",
    "totalBatches": 1
  }
}
{
  "timestamp": "2025-03-27T11:14:31.040Z",
  "message": "Progress Update",
  "data": {
    "status": "downloading",
    "phase": "download",
    "percentage": 0,
    "totalFiles": 5,
    "completedFiles": 0,
    "failedFiles": 0,
    "remainingFiles": 5,
    "elapsedTime": 16.606,
    "totalBytes": 1021690,
    "processedBytes": 0,
    "bytesUploaded": 0,
    "uploadedSize": "0 B",
    "downloadSpeed": 0,
    "uploadSpeed": 0,
    "estimatedTimeRemaining": "Calculating...",
    "downloadedBytes": 8483,
    "totalDownloadBytes": 510845,
    "uploadedBytes": 0,
    "totalUploadBytes": 510845,
    "currentShardIndex": 0,
    "totalShards": 0,
    "errors": [],
    "startTime": "2025-03-27T11:14:14.434Z",
    "currentFile": "images1/0.avif",
    "totalBatches": 1
  }
}
{
  "timestamp": "2025-03-27T11:14:31.041Z",
  "message": "Progress Update",
  "data": {
    "status": "downloading",
    "phase": "download",
    "percentage": 0,
    "totalFiles": 5,
    "completedFiles": 0,
    "failedFiles": 0,
    "remainingFiles": 5,
    "elapsedTime": 16.607,
    "totalBytes": 1021690,
    "processedBytes": 0,
    "bytesUploaded": 0,
    "uploadedSize": "0 B",
    "downloadSpeed": 0,
    "uploadSpeed": 0,
    "estimatedTimeRemaining": "Calculating...",
    "downloadedBytes": 20500,
    "totalDownloadBytes": 510845,
    "uploadedBytes": 0,
    "totalUploadBytes": 510845,
    "currentShardIndex": 0,
    "totalShards": 0,
    "errors": [],
    "startTime": "2025-03-27T11:14:14.434Z",
    "currentFile": "images1/0.avif",
    "totalBatches": 1
  }
}
{
  "timestamp": "2025-03-27T11:14:31.043Z",
  "message": "Progress Update",
  "data": {
    "status": "downloading",
    "phase": "download",
    "percentage": 0,
    "totalFiles": 5,
    "completedFiles": 0,
    "failedFiles": 0,
    "remainingFiles": 5,
    "elapsedTime": 16.609,
    "totalBytes": 1021690,
    "processedBytes": 0,
    "bytesUploaded": 0,
    "uploadedSize": "0 B",
    "downloadSpeed": 0,
    "uploadSpeed": 0,
    "estimatedTimeRemaining": "Calculating...",
    "downloadedBytes": 20500,
    "totalDownloadBytes": 510845,
    "uploadedBytes": 0,
    "totalUploadBytes": 510845,
    "currentShardIndex": 0,
    "totalShards": 0,
    "errors": [],
    "startTime": "2025-03-27T11:14:14.434Z",
    "currentFile": "images1/0.avif",
    "totalBatches": 1
  }
}
{
  "timestamp": "2025-03-27T11:14:31.043Z",
  "message": "Progress Update",
  "data": {
    "status": "downloading",
    "phase": "download",
    "percentage": 0,
    "totalFiles": 5,
    "completedFiles": 0,
    "failedFiles": 0,
    "remainingFiles": 5,
    "elapsedTime": 16.609,
    "totalBytes": 1021690,
    "processedBytes": 0,
    "bytesUploaded": 0,
    "uploadedSize": "0 B",
    "downloadSpeed": 0,
    "uploadSpeed": 0,
    "estimatedTimeRemaining": "Calculating...",
    "downloadedBytes": 8483,
    "totalDownloadBytes": 510845,
    "uploadedBytes": 0,
    "totalUploadBytes": 510845,
    "currentShardIndex": 0,
    "totalShards": 0,
    "errors": [],
    "startTime": "2025-03-27T11:14:14.434Z",
    "currentFile": "images1/2.avif",
    "totalBatches": 1
  }
}
{
  "timestamp": "2025-03-27T11:14:31.045Z",
  "message": "Progress Update",
  "data": {
    "status": "downloading",
    "phase": "download",
    "percentage": 0,
    "totalFiles": 5,
    "completedFiles": 0,
    "failedFiles": 0,
    "remainingFiles": 5,
    "elapsedTime": 16.611,
    "totalBytes": 1021690,
    "processedBytes": 0,
    "bytesUploaded": 0,
    "uploadedSize": "0 B",
    "downloadSpeed": 0,
    "uploadSpeed": 0,
    "estimatedTimeRemaining": "Calculating...",
    "downloadedBytes": 17449,
    "totalDownloadBytes": 510845,
    "uploadedBytes": 0,
    "totalUploadBytes": 510845,
    "currentShardIndex": 0,
    "totalShards": 0,
    "errors": [],
    "startTime": "2025-03-27T11:14:14.434Z",
    "currentFile": "images1/2.avif",
    "totalBatches": 1
  }
}
{
  "timestamp": "2025-03-27T11:14:31.053Z",
  "message": "Progress Update",
  "data": {
    "status": "downloading",
    "phase": "download",
    "percentage": 0,
    "totalFiles": 5,
    "completedFiles": 0,
    "failedFiles": 0,
    "remainingFiles": 5,
    "elapsedTime": 16.619,
    "totalBytes": 1021690,
    "processedBytes": 0,
    "bytesUploaded": 0,
    "uploadedSize": "0 B",
    "downloadSpeed": 0,
    "uploadSpeed": 0,
    "estimatedTimeRemaining": "Calculating...",
    "downloadedBytes": 17449,
    "totalDownloadBytes": 510845,
    "uploadedBytes": 0,
    "totalUploadBytes": 510845,
    "currentShardIndex": 0,
    "totalShards": 0,
    "errors": [],
    "startTime": "2025-03-27T11:14:14.434Z",
    "currentFile": "images1/2.avif",
    "totalBatches": 1
  }
}
{
  "timestamp": "2025-03-27T11:14:31.054Z",
  "message": "Progress Update",
  "data": {
    "status": "downloading",
    "phase": "download",
    "percentage": 0,
    "totalFiles": 5,
    "completedFiles": 0,
    "failedFiles": 0,
    "remainingFiles": 5,
    "elapsedTime": 16.62,
    "totalBytes": 1021690,
    "processedBytes": 0,
    "bytesUploaded": 0,
    "uploadedSize": "0 B",
    "downloadSpeed": 0,
    "uploadSpeed": 0,
    "estimatedTimeRemaining": "Calculating...",
    "downloadedBytes": 16384,
    "totalDownloadBytes": 510845,
    "uploadedBytes": 0,
    "totalUploadBytes": 510845,
    "currentShardIndex": 0,
    "totalShards": 0,
    "errors": [],
    "startTime": "2025-03-27T11:14:14.434Z",
    "currentFile": "images1/HarshSinghResume.pdf",
    "totalBatches": 1
  }
}
{
  "timestamp": "2025-03-27T11:14:31.055Z",
  "message": "Progress Update",
  "data": {
    "status": "downloading",
    "phase": "download",
    "percentage": 0,
    "totalFiles": 5,
    "completedFiles": 0,
    "failedFiles": 0,
    "remainingFiles": 5,
    "elapsedTime": 16.621,
    "totalBytes": 1021690,
    "processedBytes": 0,
    "bytesUploaded": 0,
    "uploadedSize": "0 B",
    "downloadSpeed": 0,
    "uploadSpeed": 0,
    "estimatedTimeRemaining": "Calculating...",
    "downloadedBytes": 16931,
    "totalDownloadBytes": 510845,
    "uploadedBytes": 0,
    "totalUploadBytes": 510845,
    "currentShardIndex": 0,
    "totalShards": 0,
    "errors": [],
    "startTime": "2025-03-27T11:14:14.434Z",
    "currentFile": "images1/HarshSinghResume.pdf",
    "totalBatches": 1
  }
}
{
  "timestamp": "2025-03-27T11:14:31.111Z",
  "message": "Progress Update",
  "data": {
    "status": "downloading",
    "phase": "download",
    "percentage": 0,
    "totalFiles": 5,
    "completedFiles": 0,
    "failedFiles": 0,
    "remainingFiles": 5,
    "elapsedTime": 16.677,
    "totalBytes": 1021690,
    "processedBytes": 0,
    "bytesUploaded": 0,
    "uploadedSize": "0 B",
    "downloadSpeed": 0,
    "uploadSpeed": 0,
    "estimatedTimeRemaining": "Calculating...",
    "downloadedBytes": 16931,
    "totalDownloadBytes": 510845,
    "uploadedBytes": 0,
    "totalUploadBytes": 510845,
    "currentShardIndex": 0,
    "totalShards": 0,
    "errors": [],
    "startTime": "2025-03-27T11:14:14.434Z",
    "currentFile": "images1/HarshSinghResume.pdf",
    "totalBatches": 1
  }
}
{
  "timestamp": "2025-03-27T11:14:31.113Z",
  "message": "Progress Update",
  "data": {
    "status": "downloading",
    "phase": "download",
    "percentage": 0,
    "totalFiles": 5,
    "completedFiles": 0,
    "failedFiles": 0,
    "remainingFiles": 5,
    "elapsedTime": 16.679,
    "totalBytes": 1021690,
    "processedBytes": 0,
    "bytesUploaded": 0,
    "uploadedSize": "0 B",
    "downloadSpeed": 0,
    "uploadSpeed": 0,
    "estimatedTimeRemaining": "Calculating...",
    "downloadedBytes": 16384,
    "totalDownloadBytes": 510845,
    "uploadedBytes": 0,
    "totalUploadBytes": 510845,
    "currentShardIndex": 0,
    "totalShards": 0,
    "errors": [],
    "startTime": "2025-03-27T11:14:14.434Z",
    "currentFile": "images1/0.png",
    "totalBatches": 1
  }
}
{
  "timestamp": "2025-03-27T11:14:31.115Z",
  "message": "Progress Update",
  "data": {
    "status": "downloading",
    "phase": "download",
    "percentage": 0,
    "totalFiles": 5,
    "completedFiles": 0,
    "failedFiles": 0,
    "remainingFiles": 5,
    "elapsedTime": 16.681,
    "totalBytes": 1021690,
    "processedBytes": 0,
    "bytesUploaded": 0,
    "uploadedSize": "0 B",
    "downloadSpeed": 0,
    "uploadSpeed": 0,
    "estimatedTimeRemaining": "Calculating...",
    "downloadedBytes": 16937,
    "totalDownloadBytes": 510845,
    "uploadedBytes": 0,
    "totalUploadBytes": 510845,
    "currentShardIndex": 0,
    "totalShards": 0,
    "errors": [],
    "startTime": "2025-03-27T11:14:14.434Z",
    "currentFile": "images1/0.png",
    "totalBatches": 1
  }
}
{
  "timestamp": "2025-03-27T11:14:31.322Z",
  "message": "Progress Update",
  "data": {
    "status": "downloading",
    "phase": "download",
    "percentage": 0,
    "totalFiles": 5,
    "completedFiles": 0,
    "failedFiles": 0,
    "remainingFiles": 5,
    "elapsedTime": 16.888,
    "totalBytes": 1021690,
    "processedBytes": 0,
    "bytesUploaded": 0,
    "uploadedSize": "0 B",
    "downloadSpeed": 0,
    "uploadSpeed": 0,
    "estimatedTimeRemaining": "Calculating...",
    "downloadedBytes": 33315,
    "totalDownloadBytes": 510845,
    "uploadedBytes": 0,
    "totalUploadBytes": 510845,
    "currentShardIndex": 0,
    "totalShards": 0,
    "errors": [],
    "startTime": "2025-03-27T11:14:14.434Z",
    "currentFile": "images1/HarshSinghResume.pdf",
    "totalBatches": 1
  }
}
{
  "timestamp": "2025-03-27T11:14:31.325Z",
  "message": "Progress Update",
  "data": {
    "status": "downloading",
    "phase": "download",
    "percentage": 0,
    "totalFiles": 5,
    "completedFiles": 0,
    "failedFiles": 0,
    "remainingFiles": 5,
    "elapsedTime": 16.891,
    "totalBytes": 1021690,
    "processedBytes": 0,
    "bytesUploaded": 0,
    "uploadedSize": "0 B",
    "downloadSpeed": 0,
    "uploadSpeed": 0,
    "estimatedTimeRemaining": "Calculating...",
    "downloadedBytes": 34339,
    "totalDownloadBytes": 510845,
    "uploadedBytes": 0,
    "totalUploadBytes": 510845,
    "currentShardIndex": 0,
    "totalShards": 0,
    "errors": [],
    "startTime": "2025-03-27T11:14:14.434Z",
    "currentFile": "images1/HarshSinghResume.pdf",
    "totalBatches": 1
  }
}
{
  "timestamp": "2025-03-27T11:14:31.326Z",
  "message": "Progress Update",
  "data": {
    "status": "downloading",
    "phase": "download",
    "percentage": 0,
    "totalFiles": 5,
    "completedFiles": 0,
    "failedFiles": 0,
    "remainingFiles": 5,
    "elapsedTime": 16.892,
    "totalBytes": 1021690,
    "processedBytes": 0,
    "bytesUploaded": 0,
    "uploadedSize": "0 B",
    "downloadSpeed": 0,
    "uploadSpeed": 0,
    "estimatedTimeRemaining": "Calculating...",
    "downloadedBytes": 50723,
    "totalDownloadBytes": 510845,
    "uploadedBytes": 0,
    "totalUploadBytes": 510845,
    "currentShardIndex": 0,
    "totalShards": 0,
    "errors": [],
    "startTime": "2025-03-27T11:14:14.434Z",
    "currentFile": "images1/HarshSinghResume.pdf",
    "totalBatches": 1
  }
}
{
  "timestamp": "2025-03-27T11:14:31.327Z",
  "message": "Progress Update",
  "data": {
    "status": "downloading",
    "phase": "download",
    "percentage": 0,
    "totalFiles": 5,
    "completedFiles": 0,
    "failedFiles": 0,
    "remainingFiles": 5,
    "elapsedTime": 16.893,
    "totalBytes": 1021690,
    "processedBytes": 0,
    "bytesUploaded": 0,
    "uploadedSize": "0 B",
    "downloadSpeed": 0,
    "uploadSpeed": 0,
    "estimatedTimeRemaining": "Calculating...",
    "downloadedBytes": 51747,
    "totalDownloadBytes": 510845,
    "uploadedBytes": 0,
    "totalUploadBytes": 510845,
    "currentShardIndex": 0,
    "totalShards": 0,
    "errors": [],
    "startTime": "2025-03-27T11:14:14.434Z",
    "currentFile": "images1/HarshSinghResume.pdf",
    "totalBatches": 1
  }
}
{
  "timestamp": "2025-03-27T11:14:31.328Z",
  "message": "Progress Update",
  "data": {
    "status": "downloading",
    "phase": "download",
    "percentage": 0,
    "totalFiles": 5,
    "completedFiles": 0,
    "failedFiles": 0,
    "remainingFiles": 5,
    "elapsedTime": 16.894,
    "totalBytes": 1021690,
    "processedBytes": 0,
    "bytesUploaded": 0,
    "uploadedSize": "0 B",
    "downloadSpeed": 0,
    "uploadSpeed": 0,
    "estimatedTimeRemaining": "Calculating...",
    "downloadedBytes": 53477,
    "totalDownloadBytes": 510845,
    "uploadedBytes": 0,
    "totalUploadBytes": 510845,
    "currentShardIndex": 0,
    "totalShards": 0,
    "errors": [],
    "startTime": "2025-03-27T11:14:14.434Z",
    "currentFile": "images1/HarshSinghResume.pdf",
    "totalBatches": 1
  }
}
{
  "timestamp": "2025-03-27T11:14:31.330Z",
  "message": "Progress Update",
  "data": {
    "status": "downloading",
    "phase": "download",
    "percentage": 0,
    "totalFiles": 5,
    "completedFiles": 0,
    "failedFiles": 0,
    "remainingFiles": 5,
    "elapsedTime": 16.896,
    "totalBytes": 1021690,
    "processedBytes": 0,
    "bytesUploaded": 0,
    "uploadedSize": "0 B",
    "downloadSpeed": 0,
    "uploadSpeed": 0,
    "estimatedTimeRemaining": "Calculating...",
    "downloadedBytes": 62477,
    "totalDownloadBytes": 510845,
    "uploadedBytes": 0,
    "totalUploadBytes": 510845,
    "currentShardIndex": 0,
    "totalShards": 0,
    "errors": [],
    "startTime": "2025-03-27T11:14:14.434Z",
    "currentFile": "images1/HarshSinghResume.pdf",
    "totalBatches": 1
  }
}
{
  "timestamp": "2025-03-27T11:14:31.368Z",
  "message": "Progress Update",
  "data": {
    "status": "downloading",
    "phase": "download",
    "percentage": 0,
    "totalFiles": 5,
    "completedFiles": 0,
    "failedFiles": 0,
    "remainingFiles": 5,
    "elapsedTime": 16.934,
    "totalBytes": 1021690,
    "processedBytes": 0,
    "bytesUploaded": 0,
    "uploadedSize": "0 B",
    "downloadSpeed": 0,
    "uploadSpeed": 0,
    "estimatedTimeRemaining": "Calculating...",
    "downloadedBytes": 33321,
    "totalDownloadBytes": 510845,
    "uploadedBytes": 0,
    "totalUploadBytes": 510845,
    "currentShardIndex": 0,
    "totalShards": 0,
    "errors": [],
    "startTime": "2025-03-27T11:14:14.434Z",
    "currentFile": "images1/0.png",
    "totalBatches": 1
  }
}
{
  "timestamp": "2025-03-27T11:14:31.369Z",
  "message": "Progress Update",
  "data": {
    "status": "downloading",
    "phase": "download",
    "percentage": 0,
    "totalFiles": 5,
    "completedFiles": 0,
    "failedFiles": 0,
    "remainingFiles": 5,
    "elapsedTime": 16.935,
    "totalBytes": 1021690,
    "processedBytes": 0,
    "bytesUploaded": 0,
    "uploadedSize": "0 B",
    "downloadSpeed": 0,
    "uploadSpeed": 0,
    "estimatedTimeRemaining": "Calculating...",
    "downloadedBytes": 34345,
    "totalDownloadBytes": 510845,
    "uploadedBytes": 0,
    "totalUploadBytes": 510845,
    "currentShardIndex": 0,
    "totalShards": 0,
    "errors": [],
    "startTime": "2025-03-27T11:14:14.434Z",
    "currentFile": "images1/0.png",
    "totalBatches": 1
  }
}
{
  "timestamp": "2025-03-27T11:14:31.371Z",
  "message": "Progress Update",
  "data": {
    "status": "downloading",
    "phase": "download",
    "percentage": 0,
    "totalFiles": 5,
    "completedFiles": 0,
    "failedFiles": 0,
    "remainingFiles": 5,
    "elapsedTime": 16.937,
    "totalBytes": 1021690,
    "processedBytes": 0,
    "bytesUploaded": 0,
    "uploadedSize": "0 B",
    "downloadSpeed": 0,
    "uploadSpeed": 0,
    "estimatedTimeRemaining": "Calculating...",
    "downloadedBytes": 50729,
    "totalDownloadBytes": 510845,
    "uploadedBytes": 0,
    "totalUploadBytes": 510845,
    "currentShardIndex": 0,
    "totalShards": 0,
    "errors": [],
    "startTime": "2025-03-27T11:14:14.434Z",
    "currentFile": "images1/0.png",
    "totalBatches": 1
  }
}
{
  "timestamp": "2025-03-27T11:14:31.373Z",
  "message": "Progress Update",
  "data": {
    "status": "downloading",
    "phase": "download",
    "percentage": 0,
    "totalFiles": 5,
    "completedFiles": 0,
    "failedFiles": 0,
    "remainingFiles": 5,
    "elapsedTime": 16.939,
    "totalBytes": 1021690,
    "processedBytes": 0,
    "bytesUploaded": 0,
    "uploadedSize": "0 B",
    "downloadSpeed": 0,
    "uploadSpeed": 0,
    "estimatedTimeRemaining": "Calculating...",
    "downloadedBytes": 51753,
    "totalDownloadBytes": 510845,
    "uploadedBytes": 0,
    "totalUploadBytes": 510845,
    "currentShardIndex": 0,
    "totalShards": 0,
    "errors": [],
    "startTime": "2025-03-27T11:14:14.434Z",
    "currentFile": "images1/0.png",
    "totalBatches": 1
  }
}
{
  "timestamp": "2025-03-27T11:14:31.374Z",
  "message": "Progress Update",
  "data": {
    "status": "downloading",
    "phase": "download",
    "percentage": 0,
    "totalFiles": 5,
    "completedFiles": 0,
    "failedFiles": 0,
    "remainingFiles": 5,
    "elapsedTime": 16.94,
    "totalBytes": 1021690,
    "processedBytes": 0,
    "bytesUploaded": 0,
    "uploadedSize": "0 B",
    "downloadSpeed": 0,
    "uploadSpeed": 0,
    "estimatedTimeRemaining": "Calculating...",
    "downloadedBytes": 68137,
    "totalDownloadBytes": 510845,
    "uploadedBytes": 0,
    "totalUploadBytes": 510845,
    "currentShardIndex": 0,
    "totalShards": 0,
    "errors": [],
    "startTime": "2025-03-27T11:14:14.434Z",
    "currentFile": "images1/0.png",
    "totalBatches": 1
  }
}
{
  "timestamp": "2025-03-27T11:14:31.375Z",
  "message": "Progress Update",
  "data": {
    "status": "downloading",
    "phase": "download",
    "percentage": 0,
    "totalFiles": 5,
    "completedFiles": 0,
    "failedFiles": 0,
    "remainingFiles": 5,
    "elapsedTime": 16.941,
    "totalBytes": 1021690,
    "processedBytes": 0,
    "bytesUploaded": 0,
    "uploadedSize": "0 B",
    "downloadSpeed": 0,
    "uploadSpeed": 0,
    "estimatedTimeRemaining": "Calculating...",
    "downloadedBytes": 69161,
    "totalDownloadBytes": 510845,
    "uploadedBytes": 0,
    "totalUploadBytes": 510845,
    "currentShardIndex": 0,
    "totalShards": 0,
    "errors": [],
    "startTime": "2025-03-27T11:14:14.434Z",
    "currentFile": "images1/0.png",
    "totalBatches": 1
  }
}
{
  "timestamp": "2025-03-27T11:14:31.590Z",
  "message": "Progress Update",
  "data": {
    "status": "downloading",
    "phase": "download",
    "percentage": 0,
    "totalFiles": 5,
    "completedFiles": 0,
    "failedFiles": 0,
    "remainingFiles": 5,
    "elapsedTime": 17.156,
    "totalBytes": 1021690,
    "processedBytes": 0,
    "bytesUploaded": 0,
    "uploadedSize": "0 B",
    "downloadSpeed": 0,
    "uploadSpeed": 0,
    "estimatedTimeRemaining": "Calculating...",
    "downloadedBytes": 78861,
    "totalDownloadBytes": 510845,
    "uploadedBytes": 0,
    "totalUploadBytes": 510845,
    "currentShardIndex": 0,
    "totalShards": 0,
    "errors": [],
    "startTime": "2025-03-27T11:14:14.434Z",
    "currentFile": "images1/HarshSinghResume.pdf",
    "totalBatches": 1
  }
}
{
  "timestamp": "2025-03-27T11:14:31.593Z",
  "message": "Progress Update",
  "data": {
    "status": "downloading",
    "phase": "download",
    "percentage": 0,
    "totalFiles": 5,
    "completedFiles": 0,
    "failedFiles": 0,
    "remainingFiles": 5,
    "elapsedTime": 17.159,
    "totalBytes": 1021690,
    "processedBytes": 0,
    "bytesUploaded": 0,
    "uploadedSize": "0 B",
    "downloadSpeed": 0,
    "uploadSpeed": 0,
    "estimatedTimeRemaining": "Calculating...",
    "downloadedBytes": 79885,
    "totalDownloadBytes": 510845,
    "uploadedBytes": 0,
    "totalUploadBytes": 510845,
    "currentShardIndex": 0,
    "totalShards": 0,
    "errors": [],
    "startTime": "2025-03-27T11:14:14.434Z",
    "currentFile": "images1/HarshSinghResume.pdf",
    "totalBatches": 1
  }
}
{
  "timestamp": "2025-03-27T11:14:31.595Z",
  "message": "Progress Update",
  "data": {
    "status": "downloading",
    "phase": "download",
    "percentage": 0,
    "totalFiles": 5,
    "completedFiles": 0,
    "failedFiles": 0,
    "remainingFiles": 5,
    "elapsedTime": 17.161,
    "totalBytes": 1021690,
    "processedBytes": 0,
    "bytesUploaded": 0,
    "uploadedSize": "0 B",
    "downloadSpeed": 0,
    "uploadSpeed": 0,
    "estimatedTimeRemaining": "Calculating...",
    "downloadedBytes": 96269,
    "totalDownloadBytes": 510845,
    "uploadedBytes": 0,
    "totalUploadBytes": 510845,
    "currentShardIndex": 0,
    "totalShards": 0,
    "errors": [],
    "startTime": "2025-03-27T11:14:14.434Z",
    "currentFile": "images1/HarshSinghResume.pdf",
    "totalBatches": 1
  }
}
{
  "timestamp": "2025-03-27T11:14:31.596Z",
  "message": "Progress Update",
  "data": {
    "status": "downloading",
    "phase": "download",
    "percentage": 0,
    "totalFiles": 5,
    "completedFiles": 0,
    "failedFiles": 0,
    "remainingFiles": 5,
    "elapsedTime": 17.162,
    "totalBytes": 1021690,
    "processedBytes": 0,
    "bytesUploaded": 0,
    "uploadedSize": "0 B",
    "downloadSpeed": 0,
    "uploadSpeed": 0,
    "estimatedTimeRemaining": "Calculating...",
    "downloadedBytes": 97293,
    "totalDownloadBytes": 510845,
    "uploadedBytes": 0,
    "totalUploadBytes": 510845,
    "currentShardIndex": 0,
    "totalShards": 0,
    "errors": [],
    "startTime": "2025-03-27T11:14:14.434Z",
    "currentFile": "images1/HarshSinghResume.pdf",
    "totalBatches": 1
  }
}
{
  "timestamp": "2025-03-27T11:14:31.598Z",
  "message": "Progress Update",
  "data": {
    "status": "downloading",
    "phase": "download",
    "percentage": 0,
    "totalFiles": 5,
    "completedFiles": 0,
    "failedFiles": 0,
    "remainingFiles": 5,
    "elapsedTime": 17.164,
    "totalBytes": 1021690,
    "processedBytes": 0,
    "bytesUploaded": 0,
    "uploadedSize": "0 B",
    "downloadSpeed": 0,
    "uploadSpeed": 0,
    "estimatedTimeRemaining": "Calculating...",
    "downloadedBytes": 113677,
    "totalDownloadBytes": 510845,
    "uploadedBytes": 0,
    "totalUploadBytes": 510845,
    "currentShardIndex": 0,
    "totalShards": 0,
    "errors": [],
    "startTime": "2025-03-27T11:14:14.434Z",
    "currentFile": "images1/HarshSinghResume.pdf",
    "totalBatches": 1
  }
}
{
  "timestamp": "2025-03-27T11:14:31.601Z",
  "message": "Progress Update",
  "data": {
    "status": "downloading",
    "phase": "download",
    "percentage": 0,
    "totalFiles": 5,
    "completedFiles": 0,
    "failedFiles": 0,
    "remainingFiles": 5,
    "elapsedTime": 17.167,
    "totalBytes": 1021690,
    "processedBytes": 0,
    "bytesUploaded": 0,
    "uploadedSize": "0 B",
    "downloadSpeed": 0,
    "uploadSpeed": 0,
    "estimatedTimeRemaining": "Calculating...",
    "downloadedBytes": 114701,
    "totalDownloadBytes": 510845,
    "uploadedBytes": 0,
    "totalUploadBytes": 510845,
    "currentShardIndex": 0,
    "totalShards": 0,
    "errors": [],
    "startTime": "2025-03-27T11:14:14.434Z",
    "currentFile": "images1/HarshSinghResume.pdf",
    "totalBatches": 1
  }
}
{
  "timestamp": "2025-03-27T11:14:31.602Z",
  "message": "Progress Update",
  "data": {
    "status": "downloading",
    "phase": "download",
    "percentage": 0,
    "totalFiles": 5,
    "completedFiles": 0,
    "failedFiles": 0,
    "remainingFiles": 5,
    "elapsedTime": 17.168,
    "totalBytes": 1021690,
    "processedBytes": 0,
    "bytesUploaded": 0,
    "uploadedSize": "0 B",
    "downloadSpeed": 0,
    "uploadSpeed": 0,
    "estimatedTimeRemaining": "Calculating...",
    "downloadedBytes": 131085,
    "totalDownloadBytes": 510845,
    "uploadedBytes": 0,
    "totalUploadBytes": 510845,
    "currentShardIndex": 0,
    "totalShards": 0,
    "errors": [],
    "startTime": "2025-03-27T11:14:14.434Z",
    "currentFile": "images1/HarshSinghResume.pdf",
    "totalBatches": 1
  }
}
{
  "timestamp": "2025-03-27T11:14:31.603Z",
  "message": "Progress Update",
  "data": {
    "status": "downloading",
    "phase": "download",
    "percentage": 0,
    "totalFiles": 5,
    "completedFiles": 0,
    "failedFiles": 0,
    "remainingFiles": 5,
    "elapsedTime": 17.169,
    "totalBytes": 1021690,
    "processedBytes": 0,
    "bytesUploaded": 0,
    "uploadedSize": "0 B",
    "downloadSpeed": 0,
    "uploadSpeed": 0,
    "estimatedTimeRemaining": "Calculating...",
    "downloadedBytes": 132109,
    "totalDownloadBytes": 510845,
    "uploadedBytes": 0,
    "totalUploadBytes": 510845,
    "currentShardIndex": 0,
    "totalShards": 0,
    "errors": [],
    "startTime": "2025-03-27T11:14:14.434Z",
    "currentFile": "images1/HarshSinghResume.pdf",
    "totalBatches": 1
  }
}
{
  "timestamp": "2025-03-27T11:14:31.604Z",
  "message": "Progress Update",
  "data": {
    "status": "downloading",
    "phase": "download",
    "percentage": 0,
    "totalFiles": 5,
    "completedFiles": 0,
    "failedFiles": 0,
    "remainingFiles": 5,
    "elapsedTime": 17.17,
    "totalBytes": 1021690,
    "processedBytes": 0,
    "bytesUploaded": 0,
    "uploadedSize": "0 B",
    "downloadSpeed": 0,
    "uploadSpeed": 0,
    "estimatedTimeRemaining": "Calculating...",
    "downloadedBytes": 148493,
    "totalDownloadBytes": 510845,
    "uploadedBytes": 0,
    "totalUploadBytes": 510845,
    "currentShardIndex": 0,
    "totalShards": 0,
    "errors": [],
    "startTime": "2025-03-27T11:14:14.434Z",
    "currentFile": "images1/HarshSinghResume.pdf",
    "totalBatches": 1
  }
}
{
  "timestamp": "2025-03-27T11:14:31.605Z",
  "message": "Progress Update",
  "data": {
    "status": "downloading",
    "phase": "download",
    "percentage": 0,
    "totalFiles": 5,
    "completedFiles": 0,
    "failedFiles": 0,
    "remainingFiles": 5,
    "elapsedTime": 17.171,
    "totalBytes": 1021690,
    "processedBytes": 0,
    "bytesUploaded": 0,
    "uploadedSize": "0 B",
    "downloadSpeed": 0,
    "uploadSpeed": 0,
    "estimatedTimeRemaining": "Calculating...",
    "downloadedBytes": 149517,
    "totalDownloadBytes": 510845,
    "uploadedBytes": 0,
    "totalUploadBytes": 510845,
    "currentShardIndex": 0,
    "totalShards": 0,
    "errors": [],
    "startTime": "2025-03-27T11:14:14.434Z",
    "currentFile": "images1/HarshSinghResume.pdf",
    "totalBatches": 1
  }
}
{
  "timestamp": "2025-03-27T11:14:31.611Z",
  "message": "Progress Update",
  "data": {
    "status": "downloading",
    "phase": "download",
    "percentage": 0,
    "totalFiles": 5,
    "completedFiles": 0,
    "failedFiles": 0,
    "remainingFiles": 5,
    "elapsedTime": 17.177,
    "totalBytes": 1021690,
    "processedBytes": 0,
    "bytesUploaded": 0,
    "uploadedSize": "0 B",
    "downloadSpeed": 0,
    "uploadSpeed": 0,
    "estimatedTimeRemaining": "Calculating...",
    "downloadedBytes": 165901,
    "totalDownloadBytes": 510845,
    "uploadedBytes": 0,
    "totalUploadBytes": 510845,
    "currentShardIndex": 0,
    "totalShards": 0,
    "errors": [],
    "startTime": "2025-03-27T11:14:14.434Z",
    "currentFile": "images1/HarshSinghResume.pdf",
    "totalBatches": 1
  }
}
{
  "timestamp": "2025-03-27T11:14:31.611Z",
  "message": "Progress Update",
  "data": {
    "status": "downloading",
    "phase": "download",
    "percentage": 0,
    "totalFiles": 5,
    "completedFiles": 0,
    "failedFiles": 0,
    "remainingFiles": 5,
    "elapsedTime": 17.177,
    "totalBytes": 1021690,
    "processedBytes": 0,
    "bytesUploaded": 0,
    "uploadedSize": "0 B",
    "downloadSpeed": 0,
    "uploadSpeed": 0,
    "estimatedTimeRemaining": "Calculating...",
    "downloadedBytes": 166925,
    "totalDownloadBytes": 510845,
    "uploadedBytes": 0,
    "totalUploadBytes": 510845,
    "currentShardIndex": 0,
    "totalShards": 0,
    "errors": [],
    "startTime": "2025-03-27T11:14:14.434Z",
    "currentFile": "images1/HarshSinghResume.pdf",
    "totalBatches": 1
  }
}
{
  "timestamp": "2025-03-27T11:14:31.634Z",
  "message": "Progress Update",
  "data": {
    "status": "downloading",
    "phase": "download",
    "percentage": 0,
    "totalFiles": 5,
    "completedFiles": 0,
    "failedFiles": 0,
    "remainingFiles": 5,
    "elapsedTime": 17.2,
    "totalBytes": 1021690,
    "processedBytes": 0,
    "bytesUploaded": 0,
    "uploadedSize": "0 B",
    "downloadSpeed": 0,
    "uploadSpeed": 0,
    "estimatedTimeRemaining": "Calculating...",
    "downloadedBytes": 85545,
    "totalDownloadBytes": 510845,
    "uploadedBytes": 0,
    "totalUploadBytes": 510845,
    "currentShardIndex": 0,
    "totalShards": 0,
    "errors": [],
    "startTime": "2025-03-27T11:14:14.434Z",
    "currentFile": "images1/0.png",
    "totalBatches": 1
  }
}
{
  "timestamp": "2025-03-27T11:14:31.636Z",
  "message": "Progress Update",
  "data": {
    "status": "downloading",
    "phase": "download",
    "percentage": 0,
    "totalFiles": 5,
    "completedFiles": 0,
    "failedFiles": 0,
    "remainingFiles": 5,
    "elapsedTime": 17.202,
    "totalBytes": 1021690,
    "processedBytes": 0,
    "bytesUploaded": 0,
    "uploadedSize": "0 B",
    "downloadSpeed": 0,
    "uploadSpeed": 0,
    "estimatedTimeRemaining": "Calculating...",
    "downloadedBytes": 86569,
    "totalDownloadBytes": 510845,
    "uploadedBytes": 0,
    "totalUploadBytes": 510845,
    "currentShardIndex": 0,
    "totalShards": 0,
    "errors": [],
    "startTime": "2025-03-27T11:14:14.434Z",
    "currentFile": "images1/0.png",
    "totalBatches": 1
  }
}
{
  "timestamp": "2025-03-27T11:14:31.639Z",
  "message": "Progress Update",
  "data": {
    "status": "downloading",
    "phase": "download",
    "percentage": 0,
    "totalFiles": 5,
    "completedFiles": 0,
    "failedFiles": 0,
    "remainingFiles": 5,
    "elapsedTime": 17.205,
    "totalBytes": 1021690,
    "processedBytes": 0,
    "bytesUploaded": 0,
    "uploadedSize": "0 B",
    "downloadSpeed": 0,
    "uploadSpeed": 0,
    "estimatedTimeRemaining": "Calculating...",
    "downloadedBytes": 102953,
    "totalDownloadBytes": 510845,
    "uploadedBytes": 0,
    "totalUploadBytes": 510845,
    "currentShardIndex": 0,
    "totalShards": 0,
    "errors": [],
    "startTime": "2025-03-27T11:14:14.434Z",
    "currentFile": "images1/0.png",
    "totalBatches": 1
  }
}
{
  "timestamp": "2025-03-27T11:14:31.641Z",
  "message": "Progress Update",
  "data": {
    "status": "downloading",
    "phase": "download",
    "percentage": 0,
    "totalFiles": 5,
    "completedFiles": 0,
    "failedFiles": 0,
    "remainingFiles": 5,
    "elapsedTime": 17.207,
    "totalBytes": 1021690,
    "processedBytes": 0,
    "bytesUploaded": 0,
    "uploadedSize": "0 B",
    "downloadSpeed": 0,
    "uploadSpeed": 0,
    "estimatedTimeRemaining": "Calculating...",
    "downloadedBytes": 103977,
    "totalDownloadBytes": 510845,
    "uploadedBytes": 0,
    "totalUploadBytes": 510845,
    "currentShardIndex": 0,
    "totalShards": 0,
    "errors": [],
    "startTime": "2025-03-27T11:14:14.434Z",
    "currentFile": "images1/0.png",
    "totalBatches": 1
  }
}
{
  "timestamp": "2025-03-27T11:14:31.642Z",
  "message": "Progress Update",
  "data": {
    "status": "downloading",
    "phase": "download",
    "percentage": 0,
    "totalFiles": 5,
    "completedFiles": 0,
    "failedFiles": 0,
    "remainingFiles": 5,
    "elapsedTime": 17.208,
    "totalBytes": 1021690,
    "processedBytes": 0,
    "bytesUploaded": 0,
    "uploadedSize": "0 B",
    "downloadSpeed": 0,
    "uploadSpeed": 0,
    "estimatedTimeRemaining": "Calculating...",
    "downloadedBytes": 120361,
    "totalDownloadBytes": 510845,
    "uploadedBytes": 0,
    "totalUploadBytes": 510845,
    "currentShardIndex": 0,
    "totalShards": 0,
    "errors": [],
    "startTime": "2025-03-27T11:14:14.434Z",
    "currentFile": "images1/0.png",
    "totalBatches": 1
  }
}
{
  "timestamp": "2025-03-27T11:14:31.644Z",
  "message": "Progress Update",
  "data": {
    "status": "downloading",
    "phase": "download",
    "percentage": 0,
    "totalFiles": 5,
    "completedFiles": 0,
    "failedFiles": 0,
    "remainingFiles": 5,
    "elapsedTime": 17.21,
    "totalBytes": 1021690,
    "processedBytes": 0,
    "bytesUploaded": 0,
    "uploadedSize": "0 B",
    "downloadSpeed": 0,
    "uploadSpeed": 0,
    "estimatedTimeRemaining": "Calculating...",
    "downloadedBytes": 121385,
    "totalDownloadBytes": 510845,
    "uploadedBytes": 0,
    "totalUploadBytes": 510845,
    "currentShardIndex": 0,
    "totalShards": 0,
    "errors": [],
    "startTime": "2025-03-27T11:14:14.434Z",
    "currentFile": "images1/0.png",
    "totalBatches": 1
  }
}
{
  "timestamp": "2025-03-27T11:14:31.647Z",
  "message": "Progress Update",
  "data": {
    "status": "downloading",
    "phase": "download",
    "percentage": 0,
    "totalFiles": 5,
    "completedFiles": 0,
    "failedFiles": 0,
    "remainingFiles": 5,
    "elapsedTime": 17.213,
    "totalBytes": 1021690,
    "processedBytes": 0,
    "bytesUploaded": 0,
    "uploadedSize": "0 B",
    "downloadSpeed": 0,
    "uploadSpeed": 0,
    "estimatedTimeRemaining": "Calculating...",
    "downloadedBytes": 137769,
    "totalDownloadBytes": 510845,
    "uploadedBytes": 0,
    "totalUploadBytes": 510845,
    "currentShardIndex": 0,
    "totalShards": 0,
    "errors": [],
    "startTime": "2025-03-27T11:14:14.434Z",
    "currentFile": "images1/0.png",
    "totalBatches": 1
  }
}
{
  "timestamp": "2025-03-27T11:14:31.648Z",
  "message": "Progress Update",
  "data": {
    "status": "downloading",
    "phase": "download",
    "percentage": 0,
    "totalFiles": 5,
    "completedFiles": 0,
    "failedFiles": 0,
    "remainingFiles": 5,
    "elapsedTime": 17.214,
    "totalBytes": 1021690,
    "processedBytes": 0,
    "bytesUploaded": 0,
    "uploadedSize": "0 B",
    "downloadSpeed": 0,
    "uploadSpeed": 0,
    "estimatedTimeRemaining": "Calculating...",
    "downloadedBytes": 138793,
    "totalDownloadBytes": 510845,
    "uploadedBytes": 0,
    "totalUploadBytes": 510845,
    "currentShardIndex": 0,
    "totalShards": 0,
    "errors": [],
    "startTime": "2025-03-27T11:14:14.434Z",
    "currentFile": "images1/0.png",
    "totalBatches": 1
  }
}
{
  "timestamp": "2025-03-27T11:14:31.650Z",
  "message": "Progress Update",
  "data": {
    "status": "downloading",
    "phase": "download",
    "percentage": 0,
    "totalFiles": 5,
    "completedFiles": 0,
    "failedFiles": 0,
    "remainingFiles": 5,
    "elapsedTime": 17.216,
    "totalBytes": 1021690,
    "processedBytes": 0,
    "bytesUploaded": 0,
    "uploadedSize": "0 B",
    "downloadSpeed": 0,
    "uploadSpeed": 0,
    "estimatedTimeRemaining": "Calculating...",
    "downloadedBytes": 155177,
    "totalDownloadBytes": 510845,
    "uploadedBytes": 0,
    "totalUploadBytes": 510845,
    "currentShardIndex": 0,
    "totalShards": 0,
    "errors": [],
    "startTime": "2025-03-27T11:14:14.434Z",
    "currentFile": "images1/0.png",
    "totalBatches": 1
  }
}
{
  "timestamp": "2025-03-27T11:14:31.651Z",
  "message": "Progress Update",
  "data": {
    "status": "downloading",
    "phase": "download",
    "percentage": 0,
    "totalFiles": 5,
    "completedFiles": 0,
    "failedFiles": 0,
    "remainingFiles": 5,
    "elapsedTime": 17.217,
    "totalBytes": 1021690,
    "processedBytes": 0,
    "bytesUploaded": 0,
    "uploadedSize": "0 B",
    "downloadSpeed": 0,
    "uploadSpeed": 0,
    "estimatedTimeRemaining": "Calculating...",
    "downloadedBytes": 156201,
    "totalDownloadBytes": 510845,
    "uploadedBytes": 0,
    "totalUploadBytes": 510845,
    "currentShardIndex": 0,
    "totalShards": 0,
    "errors": [],
    "startTime": "2025-03-27T11:14:14.434Z",
    "currentFile": "images1/0.png",
    "totalBatches": 1
  }
}
{
  "timestamp": "2025-03-27T11:14:31.761Z",
  "message": "Progress Update",
  "data": {
    "status": "downloading",
    "phase": "download",
    "percentage": 0,
    "totalFiles": 5,
    "completedFiles": 0,
    "failedFiles": 0,
    "remainingFiles": 5,
    "elapsedTime": 17.327,
    "totalBytes": 1021690,
    "processedBytes": 0,
    "bytesUploaded": 0,
    "uploadedSize": "0 B",
    "downloadSpeed": 0,
    "uploadSpeed": 0,
    "estimatedTimeRemaining": "Calculating...",
    "downloadedBytes": 172585,
    "totalDownloadBytes": 510845,
    "uploadedBytes": 0,
    "totalUploadBytes": 510845,
    "currentShardIndex": 0,
    "totalShards": 0,
    "errors": [],
    "startTime": "2025-03-27T11:14:14.434Z",
    "currentFile": "images1/0.png",
    "totalBatches": 1
  }
}
{
  "timestamp": "2025-03-27T11:14:31.854Z",
  "message": "Progress Update",
  "data": {
    "status": "downloading",
    "phase": "download",
    "percentage": 0,
    "totalFiles": 5,
    "completedFiles": 0,
    "failedFiles": 0,
    "remainingFiles": 5,
    "elapsedTime": 17.42,
    "totalBytes": 1021690,
    "processedBytes": 0,
    "bytesUploaded": 0,
    "uploadedSize": "0 B",
    "downloadSpeed": 0,
    "uploadSpeed": 0,
    "estimatedTimeRemaining": "Calculating...",
    "downloadedBytes": 183309,
    "totalDownloadBytes": 510845,
    "uploadedBytes": 0,
    "totalUploadBytes": 510845,
    "currentShardIndex": 0,
    "totalShards": 0,
    "errors": [],
    "startTime": "2025-03-27T11:14:14.434Z",
    "currentFile": "images1/HarshSinghResume.pdf",
    "totalBatches": 1
  }
}
{
  "timestamp": "2025-03-27T11:14:31.857Z",
  "message": "Progress Update",
  "data": {
    "status": "downloading",
    "phase": "download",
    "percentage": 0,
    "totalFiles": 5,
    "completedFiles": 0,
    "failedFiles": 0,
    "remainingFiles": 5,
    "elapsedTime": 17.423,
    "totalBytes": 1021690,
    "processedBytes": 0,
    "bytesUploaded": 0,
    "uploadedSize": "0 B",
    "downloadSpeed": 0,
    "uploadSpeed": 0,
    "estimatedTimeRemaining": "Calculating...",
    "downloadedBytes": 184333,
    "totalDownloadBytes": 510845,
    "uploadedBytes": 0,
    "totalUploadBytes": 510845,
    "currentShardIndex": 0,
    "totalShards": 0,
    "errors": [],
    "startTime": "2025-03-27T11:14:14.434Z",
    "currentFile": "images1/HarshSinghResume.pdf",
    "totalBatches": 1
  }
}
{
  "timestamp": "2025-03-27T11:14:31.859Z",
  "message": "Progress Update",
  "data": {
    "status": "downloading",
    "phase": "download",
    "percentage": 0,
    "totalFiles": 5,
    "completedFiles": 0,
    "failedFiles": 0,
    "remainingFiles": 5,
    "elapsedTime": 17.425,
    "totalBytes": 1021690,
    "processedBytes": 0,
    "bytesUploaded": 0,
    "uploadedSize": "0 B",
    "downloadSpeed": 0,
    "uploadSpeed": 0,
    "estimatedTimeRemaining": "Calculating...",
    "downloadedBytes": 200717,
    "totalDownloadBytes": 510845,
    "uploadedBytes": 0,
    "totalUploadBytes": 510845,
    "currentShardIndex": 0,
    "totalShards": 0,
    "errors": [],
    "startTime": "2025-03-27T11:14:14.434Z",
    "currentFile": "images1/HarshSinghResume.pdf",
    "totalBatches": 1
  }
}
{
  "timestamp": "2025-03-27T11:14:31.861Z",
  "message": "Progress Update",
  "data": {
    "status": "downloading",
    "phase": "download",
    "percentage": 0,
    "totalFiles": 5,
    "completedFiles": 0,
    "failedFiles": 0,
    "remainingFiles": 5,
    "elapsedTime": 17.427,
    "totalBytes": 1021690,
    "processedBytes": 0,
    "bytesUploaded": 0,
    "uploadedSize": "0 B",
    "downloadSpeed": 0,
    "uploadSpeed": 0,
    "estimatedTimeRemaining": "Calculating...",
    "downloadedBytes": 201741,
    "totalDownloadBytes": 510845,
    "uploadedBytes": 0,
    "totalUploadBytes": 510845,
    "currentShardIndex": 0,
    "totalShards": 0,
    "errors": [],
    "startTime": "2025-03-27T11:14:14.434Z",
    "currentFile": "images1/HarshSinghResume.pdf",
    "totalBatches": 1
  }
}
{
  "timestamp": "2025-03-27T11:14:31.863Z",
  "message": "Progress Update",
  "data": {
    "status": "downloading",
    "phase": "download",
    "percentage": 0,
    "totalFiles": 5,
    "completedFiles": 0,
    "failedFiles": 0,
    "remainingFiles": 5,
    "elapsedTime": 17.429,
    "totalBytes": 1021690,
    "processedBytes": 0,
    "bytesUploaded": 0,
    "uploadedSize": "0 B",
    "downloadSpeed": 0,
    "uploadSpeed": 0,
    "estimatedTimeRemaining": "Calculating...",
    "downloadedBytes": 202664,
    "totalDownloadBytes": 510845,
    "uploadedBytes": 0,
    "totalUploadBytes": 510845,
    "currentShardIndex": 0,
    "totalShards": 0,
    "errors": [],
    "startTime": "2025-03-27T11:14:14.434Z",
    "currentFile": "images1/HarshSinghResume.pdf",
    "totalBatches": 1
  }
}
{
  "timestamp": "2025-03-27T11:14:31.901Z",
  "message": "Progress Update",
  "data": {
    "status": "downloading",
    "phase": "download",
    "percentage": 0,
    "totalFiles": 5,
    "completedFiles": 0,
    "failedFiles": 0,
    "remainingFiles": 5,
    "elapsedTime": 17.467,
    "totalBytes": 1021690,
    "processedBytes": 0,
    "bytesUploaded": 0,
    "uploadedSize": "0 B",
    "downloadSpeed": 0,
    "uploadSpeed": 0,
    "estimatedTimeRemaining": "Calculating...",
    "downloadedBytes": 173609,
    "totalDownloadBytes": 510845,
    "uploadedBytes": 0,
    "totalUploadBytes": 510845,
    "currentShardIndex": 0,
    "totalShards": 0,
    "errors": [],
    "startTime": "2025-03-27T11:14:14.434Z",
    "currentFile": "images1/0.png",
    "totalBatches": 1
  }
}
{
  "timestamp": "2025-03-27T11:14:31.903Z",
  "message": "Progress Update",
  "data": {
    "status": "downloading",
    "phase": "download",
    "percentage": 0,
    "totalFiles": 5,
    "completedFiles": 0,
    "failedFiles": 0,
    "remainingFiles": 5,
    "elapsedTime": 17.469,
    "totalBytes": 1021690,
    "processedBytes": 0,
    "bytesUploaded": 0,
    "uploadedSize": "0 B",
    "downloadSpeed": 0,
    "uploadSpeed": 0,
    "estimatedTimeRemaining": "Calculating...",
    "downloadedBytes": 189993,
    "totalDownloadBytes": 510845,
    "uploadedBytes": 0,
    "totalUploadBytes": 510845,
    "currentShardIndex": 0,
    "totalShards": 0,
    "errors": [],
    "startTime": "2025-03-27T11:14:14.434Z",
    "currentFile": "images1/0.png",
    "totalBatches": 1
  }
}
{
  "timestamp": "2025-03-27T11:14:31.906Z",
  "message": "Progress Update",
  "data": {
    "status": "downloading",
    "phase": "download",
    "percentage": 0,
    "totalFiles": 5,
    "completedFiles": 0,
    "failedFiles": 0,
    "remainingFiles": 5,
    "elapsedTime": 17.472,
    "totalBytes": 1021690,
    "processedBytes": 0,
    "bytesUploaded": 0,
    "uploadedSize": "0 B",
    "downloadSpeed": 0,
    "uploadSpeed": 0,
    "estimatedTimeRemaining": "Calculating...",
    "downloadedBytes": 191017,
    "totalDownloadBytes": 510845,
    "uploadedBytes": 0,
    "totalUploadBytes": 510845,
    "currentShardIndex": 0,
    "totalShards": 0,
    "errors": [],
    "startTime": "2025-03-27T11:14:14.434Z",
    "currentFile": "images1/0.png",
    "totalBatches": 1
  }
}
{
  "timestamp": "2025-03-27T11:14:31.908Z",
  "message": "Progress Update",
  "data": {
    "status": "downloading",
    "phase": "download",
    "percentage": 0,
    "totalFiles": 5,
    "completedFiles": 0,
    "failedFiles": 0,
    "remainingFiles": 5,
    "elapsedTime": 17.474,
    "totalBytes": 1021690,
    "processedBytes": 0,
    "bytesUploaded": 0,
    "uploadedSize": "0 B",
    "downloadSpeed": 0,
    "uploadSpeed": 0,
    "estimatedTimeRemaining": "Calculating...",
    "downloadedBytes": 207401,
    "totalDownloadBytes": 510845,
    "uploadedBytes": 0,
    "totalUploadBytes": 510845,
    "currentShardIndex": 0,
    "totalShards": 0,
    "errors": [],
    "startTime": "2025-03-27T11:14:14.434Z",
    "currentFile": "images1/0.png",
    "totalBatches": 1
  }
}
{
  "timestamp": "2025-03-27T11:14:31.909Z",
  "message": "Progress Update",
  "data": {
    "status": "downloading",
    "phase": "download",
    "percentage": 0,
    "totalFiles": 5,
    "completedFiles": 0,
    "failedFiles": 0,
    "remainingFiles": 5,
    "elapsedTime": 17.475,
    "totalBytes": 1021690,
    "processedBytes": 0,
    "bytesUploaded": 0,
    "uploadedSize": "0 B",
    "downloadSpeed": 0,
    "uploadSpeed": 0,
    "estimatedTimeRemaining": "Calculating...",
    "downloadedBytes": 208425,
    "totalDownloadBytes": 510845,
    "uploadedBytes": 0,
    "totalUploadBytes": 510845,
    "currentShardIndex": 0,
    "totalShards": 0,
    "errors": [],
    "startTime": "2025-03-27T11:14:14.434Z",
    "currentFile": "images1/0.png",
    "totalBatches": 1
  }
}
{
  "timestamp": "2025-03-27T11:14:31.910Z",
  "message": "Progress Update",
  "data": {
    "status": "downloading",
    "phase": "download",
    "percentage": 0,
    "totalFiles": 5,
    "completedFiles": 0,
    "failedFiles": 0,
    "remainingFiles": 5,
    "elapsedTime": 17.476,
    "totalBytes": 1021690,
    "processedBytes": 0,
    "bytesUploaded": 0,
    "uploadedSize": "0 B",
    "downloadSpeed": 0,
    "uploadSpeed": 0,
    "estimatedTimeRemaining": "Calculating...",
    "downloadedBytes": 224809,
    "totalDownloadBytes": 510845,
    "uploadedBytes": 0,
    "totalUploadBytes": 510845,
    "currentShardIndex": 0,
    "totalShards": 0,
    "errors": [],
    "startTime": "2025-03-27T11:14:14.434Z",
    "currentFile": "images1/0.png",
    "totalBatches": 1
  }
}
{
  "timestamp": "2025-03-27T11:14:31.911Z",
  "message": "Progress Update",
  "data": {
    "status": "downloading",
    "phase": "download",
    "percentage": 0,
    "totalFiles": 5,
    "completedFiles": 0,
    "failedFiles": 0,
    "remainingFiles": 5,
    "elapsedTime": 17.477,
    "totalBytes": 1021690,
    "processedBytes": 0,
    "bytesUploaded": 0,
    "uploadedSize": "0 B",
    "downloadSpeed": 0,
    "uploadSpeed": 0,
    "estimatedTimeRemaining": "Calculating...",
    "downloadedBytes": 225833,
    "totalDownloadBytes": 510845,
    "uploadedBytes": 0,
    "totalUploadBytes": 510845,
    "currentShardIndex": 0,
    "totalShards": 0,
    "errors": [],
    "startTime": "2025-03-27T11:14:14.434Z",
    "currentFile": "images1/0.png",
    "totalBatches": 1
  }
}
{
  "timestamp": "2025-03-27T11:14:31.911Z",
  "message": "Progress Update",
  "data": {
    "status": "downloading",
    "phase": "download",
    "percentage": 0,
    "totalFiles": 5,
    "completedFiles": 0,
    "failedFiles": 0,
    "remainingFiles": 5,
    "elapsedTime": 17.477,
    "totalBytes": 1021690,
    "processedBytes": 0,
    "bytesUploaded": 0,
    "uploadedSize": "0 B",
    "downloadSpeed": 0,
    "uploadSpeed": 0,
    "estimatedTimeRemaining": "Calculating...",
    "downloadedBytes": 242217,
    "totalDownloadBytes": 510845,
    "uploadedBytes": 0,
    "totalUploadBytes": 510845,
    "currentShardIndex": 0,
    "totalShards": 0,
    "errors": [],
    "startTime": "2025-03-27T11:14:14.434Z",
    "currentFile": "images1/0.png",
    "totalBatches": 1
  }
}
{
  "timestamp": "2025-03-27T11:14:31.912Z",
  "message": "Progress Update",
  "data": {
    "status": "downloading",
    "phase": "download",
    "percentage": 0,
    "totalFiles": 5,
    "completedFiles": 0,
    "failedFiles": 0,
    "remainingFiles": 5,
    "elapsedTime": 17.478,
    "totalBytes": 1021690,
    "processedBytes": 0,
    "bytesUploaded": 0,
    "uploadedSize": "0 B",
    "downloadSpeed": 0,
    "uploadSpeed": 0,
    "estimatedTimeRemaining": "Calculating...",
    "downloadedBytes": 243241,
    "totalDownloadBytes": 510845,
    "uploadedBytes": 0,
    "totalUploadBytes": 510845,
    "currentShardIndex": 0,
    "totalShards": 0,
    "errors": [],
    "startTime": "2025-03-27T11:14:14.434Z",
    "currentFile": "images1/0.png",
    "totalBatches": 1
  }
}
{
  "timestamp": "2025-03-27T11:14:31.913Z",
  "message": "Progress Update",
  "data": {
    "status": "downloading",
    "phase": "download",
    "percentage": 0,
    "totalFiles": 5,
    "completedFiles": 0,
    "failedFiles": 0,
    "remainingFiles": 5,
    "elapsedTime": 17.479,
    "totalBytes": 1021690,
    "processedBytes": 0,
    "bytesUploaded": 0,
    "uploadedSize": "0 B",
    "downloadSpeed": 0,
    "uploadSpeed": 0,
    "estimatedTimeRemaining": "Calculating...",
    "downloadedBytes": 251145,
    "totalDownloadBytes": 510845,
    "uploadedBytes": 0,
    "totalUploadBytes": 510845,
    "currentShardIndex": 0,
    "totalShards": 0,
    "errors": [],
    "startTime": "2025-03-27T11:14:14.434Z",
    "currentFile": "images1/0.png",
    "totalBatches": 1
  }
}
{
  "timestamp": "2025-03-27T11:14:32.471Z",
  "message": "Progress Update",
  "data": {
    "status": "uploading",
    "phase": "upload",
    "percentage": 0,
    "totalFiles": 5,
    "completedFiles": 0,
    "failedFiles": 0,
    "remainingFiles": 5,
    "elapsedTime": 18.037,
    "totalBytes": 1021690,
    "processedBytes": 0,
    "bytesUploaded": 0,
    "uploadedSize": "0 B",
    "downloadSpeed": 0,
    "uploadSpeed": 0,
    "estimatedTimeRemaining": "Calculating...",
    "downloadedBytes": 251145,
    "totalDownloadBytes": 510845,
    "uploadedBytes": 0,
    "totalUploadBytes": 510845,
    "currentShardIndex": 0,
    "totalShards": 0,
    "errors": [],
    "startTime": "2025-03-27T11:14:14.434Z",
    "currentFile": "images1/0.png",
    "totalBatches": 1
  }
}
{
  "timestamp": "2025-03-27T11:14:43.701Z",
  "message": "Progress Update",
  "data": {
    "status": "completed",
    "phase": "completed",
    "percentage": 0,
    "totalFiles": 5,
    "completedFiles": 5,
    "failedFiles": 0,
    "remainingFiles": 0,
    "elapsedTime": 29.267,
    "totalBytes": 1021690,
    "processedBytes": 1021690,
    "bytesUploaded": 1021690,
    "uploadedSize": "997.74 KB",
    "downloadSpeed": 0,
    "uploadSpeed": 0,
    "estimatedTimeRemaining": "Complete",
    "downloadedBytes": 251145,
    "totalDownloadBytes": 510845,
    "uploadedBytes": 0,
    "totalUploadBytes": 510845,
    "currentShardIndex": 0,
    "totalShards": 0,
    "errors": [],
    "startTime": "2025-03-27T11:14:14.434Z",
    "currentFile": "images1/0.png",
    "totalBatches": 1,
    "endTime": "2025-03-27T11:14:43.701Z"
  }
}
{
  "timestamp": "2025-03-27T11:14:43.705Z",
  "message": "Migration session ended"
}
